<?xml version="1.0" encoding="UTF-8" standalone="no"?>
<!DOCTYPE log SYSTEM "logger.dtd">
<log>
<record>
  <date>2022-01-25T17:15:08</date>
  <millis>1643141708302</millis>
  <sequence>0</sequence>
  <level>START</level>
  <class>com.kms.katalon.core.logging.XmlKeywordLogger</class>
  <method>startSuite</method>
  <thread>1</thread>
  <message>Start Test Suite : Test Suites/calcula pedido</message>
  <nestedLevel>0</nestedLevel>
  <escapedJava>false</escapedJava>
  <property name="rerunTestFailImmediately">false</property>
  <property name="retryCount">0</property>
  <property name="name">calcula pedido</property>
  <property name="description"></property>
  <property name="id">Test Suites/calcula pedido</property>
</record>
<record>
  <date>2022-01-25T17:15:08</date>
  <millis>1643141708320</millis>
  <sequence>1</sequence>
  <level>RUN_DATA</level>
  <class>com.kms.katalon.core.logging.XmlKeywordLogger</class>
  <method>logMessage</method>
  <thread>1</thread>
  <message>hostName = Administrator - 172.16.2.74</message>
  <nestedLevel>0</nestedLevel>
  <escapedJava>false</escapedJava>
  <property name="hostName">Administrator - 172.16.2.74</property>
</record>
<record>
  <date>2022-01-25T17:15:08</date>
  <millis>1643141708320</millis>
  <sequence>2</sequence>
  <level>RUN_DATA</level>
  <class>com.kms.katalon.core.logging.XmlKeywordLogger</class>
  <method>logMessage</method>
  <thread>1</thread>
  <message>os = Windows 10 64bit</message>
  <nestedLevel>0</nestedLevel>
  <escapedJava>false</escapedJava>
  <property name="os">Windows 10 64bit</property>
</record>
<record>
  <date>2022-01-25T17:15:08</date>
  <millis>1643141708321</millis>
  <sequence>3</sequence>
  <level>RUN_DATA</level>
  <class>com.kms.katalon.core.logging.XmlKeywordLogger</class>
  <method>logMessage</method>
  <thread>1</thread>
  <message>hostAddress = 172.16.2.74</message>
  <nestedLevel>0</nestedLevel>
  <escapedJava>false</escapedJava>
  <property name="hostAddress">172.16.2.74</property>
</record>
<record>
  <date>2022-01-25T17:15:08</date>
  <millis>1643141708321</millis>
  <sequence>4</sequence>
  <level>RUN_DATA</level>
  <class>com.kms.katalon.core.logging.XmlKeywordLogger</class>
  <method>logMessage</method>
  <thread>1</thread>
  <message>katalonVersion = 8.2.5.208</message>
  <nestedLevel>0</nestedLevel>
  <escapedJava>false</escapedJava>
  <property name="katalonVersion">8.2.5.208</property>
</record>
<record>
  <date>2022-01-25T17:15:08</date>
  <millis>1643141708761</millis>
  <sequence>5</sequence>
  <level>START</level>
  <class>com.kms.katalon.core.logging.XmlKeywordLogger</class>
  <method>startTest</method>
  <thread>1</thread>
  <message>Start Test Case : Test Cases/New Test Case</message>
  <nestedLevel>1</nestedLevel>
  <escapedJava>false</escapedJava>
  <property name="name">Test Cases/New Test Case</property>
  <property name="description"></property>
  <property name="id">Test Cases/New Test Case</property>
  <property name="source">C:\Users\Administrator\git\Site-SFA\Test Cases\New Test Case.tc</property>
  <property name="tag"></property>
  <property name="isOptional">false</property>
</record>
<record>
  <date>2022-01-25T17:15:08</date>
  <millis>1643141708798</millis>
  <sequence>7</sequence>
  <level>INFO</level>
  <class>com.kms.katalon.core.logging.XmlKeywordLogger</class>
  <method>logMessage</method>
  <thread>1</thread>
  <message>quantidade = 1</message>
  <nestedLevel>1</nestedLevel>
  <escapedJava>false</escapedJava>
</record>
<record>
  <date>2022-01-25T17:15:08</date>
  <millis>1643141708799</millis>
  <sequence>8</sequence>
  <level>INFO</level>
  <class>com.kms.katalon.core.logging.XmlKeywordLogger</class>
  <method>logMessage</method>
  <thread>1</thread>
  <message>preco = 13,00</message>
  <nestedLevel>1</nestedLevel>
  <escapedJava>false</escapedJava>
</record>
<record>
  <date>2022-01-25T17:15:08</date>
  <millis>1643141708800</millis>
  <sequence>9</sequence>
  <level>INFO</level>
  <class>com.kms.katalon.core.logging.XmlKeywordLogger</class>
  <method>logMessage</method>
  <thread>1</thread>
  <message>total = R$ 13,00</message>
  <nestedLevel>1</nestedLevel>
  <escapedJava>false</escapedJava>
</record>
<record>
  <date>2022-01-25T17:15:09</date>
  <millis>1643141709291</millis>
  <sequence>10</sequence>
  <level>START</level>
  <class>com.kms.katalon.core.logging.XmlKeywordLogger</class>
  <method>startKeyword</method>
  <thread>1</thread>
  <message>Start action : openBrowser(&amp;quot;&amp;quot;)</message>
  <nestedLevel>1</nestedLevel>
  <escapedJava>false</escapedJava>
  <property name="startLine">20</property>
  <property name="stepIndex">1</property>
</record>
<record>
  <date>2022-01-25T17:15:09</date>
  <millis>1643141709622</millis>
  <sequence>12</sequence>
  <level>INFO</level>
  <class>com.kms.katalon.core.logging.XmlKeywordLogger</class>
  <method>logMessage</method>
  <thread>1</thread>
  <message>Starting &amp;apos;Chrome&amp;apos; driver</message>
  <nestedLevel>1</nestedLevel>
  <escapedJava>false</escapedJava>
</record>
<record>
  <date>2022-01-25T17:15:09</date>
  <millis>1643141709673</millis>
  <sequence>14</sequence>
  <level>INFO</level>
  <class>com.kms.katalon.core.logging.XmlKeywordLogger</class>
  <method>logMessage</method>
  <thread>1</thread>
  <message>Action delay is set to 0 milliseconds</message>
  <nestedLevel>1</nestedLevel>
  <escapedJava>false</escapedJava>
</record>
<record>
  <date>2022-01-25T17:15:11</date>
  <millis>1643141711587</millis>
  <sequence>16</sequence>
  <level>RUN_DATA</level>
  <class>com.kms.katalon.core.logging.XmlKeywordLogger</class>
  <method>logMessage</method>
  <thread>1</thread>
  <message>sessionId = 362ad903b03cc6ca212a73e29e109c27</message>
  <nestedLevel>1</nestedLevel>
  <escapedJava>false</escapedJava>
  <property name="sessionId">362ad903b03cc6ca212a73e29e109c27</property>
</record>
<record>
  <date>2022-01-25T17:15:11</date>
  <millis>1643141711608</millis>
  <sequence>17</sequence>
  <level>RUN_DATA</level>
  <class>com.kms.katalon.core.logging.XmlKeywordLogger</class>
  <method>logMessage</method>
  <thread>1</thread>
  <message>browser = Chrome 97.0.4692.71</message>
  <nestedLevel>1</nestedLevel>
  <escapedJava>false</escapedJava>
  <property name="browser">Chrome 97.0.4692.71</property>
</record>
<record>
  <date>2022-01-25T17:15:11</date>
  <millis>1643141711609</millis>
  <sequence>18</sequence>
  <level>RUN_DATA</level>
  <class>com.kms.katalon.core.logging.XmlKeywordLogger</class>
  <method>logMessage</method>
  <thread>1</thread>
  <message>platform = Windows 10</message>
  <nestedLevel>1</nestedLevel>
  <escapedJava>false</escapedJava>
  <property name="platform">Windows 10</property>
</record>
<record>
  <date>2022-01-25T17:15:11</date>
  <millis>1643141711609</millis>
  <sequence>19</sequence>
  <level>RUN_DATA</level>
  <class>com.kms.katalon.core.logging.XmlKeywordLogger</class>
  <method>logMessage</method>
  <thread>1</thread>
  <message>seleniumVersion = 3.141.59</message>
  <nestedLevel>1</nestedLevel>
  <escapedJava>false</escapedJava>
  <property name="seleniumVersion">3.141.59</property>
</record>
<record>
  <date>2022-01-25T17:15:11</date>
  <millis>1643141711610</millis>
  <sequence>20</sequence>
  <level>RUN_DATA</level>
  <class>com.kms.katalon.core.logging.XmlKeywordLogger</class>
  <method>logMessage</method>
  <thread>1</thread>
  <message>proxyInformation = ProxyInformation { proxyOption=NO_PROXY, proxyServerType=HTTP, username=, password=********, proxyServerAddress=, proxyServerPort=0, executionList=&amp;quot;&amp;quot;, isApplyToDesiredCapabilities=true }</message>
  <nestedLevel>1</nestedLevel>
  <escapedJava>false</escapedJava>
  <property name="proxyInformation">ProxyInformation { proxyOption=NO_PROXY, proxyServerType=HTTP, username=, password=********, proxyServerAddress=, proxyServerPort=0, executionList=&quot;&quot;, isApplyToDesiredCapabilities=true }</property>
</record>
<record>
  <date>2022-01-25T17:15:11</date>
  <millis>1643141711640</millis>
  <sequence>21</sequence>
  <level>PASSED</level>
  <class>com.kms.katalon.core.logging.XmlKeywordLogger</class>
  <method>logMessage</method>
  <thread>1</thread>
  <message>Browser is opened with url: &amp;apos;&amp;apos;</message>
  <nestedLevel>1</nestedLevel>
  <escapedJava>false</escapedJava>
  <property name="testops-method-name">com.kms.katalon.core.webui.keyword.builtin.OpenBrowserKeyword.openBrowser</property>
  <property name="testops-execution-stacktrace"></property>
</record>
<record>
  <date>2022-01-25T17:15:11</date>
  <millis>1643141711640</millis>
  <sequence>22</sequence>
  <level>END</level>
  <class>com.kms.katalon.core.logging.XmlKeywordLogger</class>
  <method>endKeyword</method>
  <thread>1</thread>
  <message>End action : openBrowser(&amp;quot;&amp;quot;)</message>
  <nestedLevel>1</nestedLevel>
  <escapedJava>false</escapedJava>
</record>
<record>
  <date>2022-01-25T17:15:11</date>
  <millis>1643141711641</millis>
  <sequence>23</sequence>
  <level>START</level>
  <class>com.kms.katalon.core.logging.XmlKeywordLogger</class>
  <method>startKeyword</method>
  <thread>1</thread>
  <message>Start action : navigateToUrl(&amp;quot;http://172.16.1.21:7802/pt/account/login?returnUrl=%2Fpedidos&amp;quot;)</message>
  <nestedLevel>1</nestedLevel>
  <escapedJava>false</escapedJava>
  <property name="startLine">22</property>
  <property name="stepIndex">2</property>
</record>
<record>
  <date>2022-01-25T17:15:12</date>
  <millis>1643141712631</millis>
  <sequence>26</sequence>
  <level>PASSED</level>
  <class>com.kms.katalon.core.logging.XmlKeywordLogger</class>
  <method>logMessage</method>
  <thread>1</thread>
  <message>Navigate to &amp;apos;http://172.16.1.21:7802/pt/account/login?returnUrl=%2Fpedidos&amp;apos; successfully</message>
  <nestedLevel>1</nestedLevel>
  <escapedJava>false</escapedJava>
  <property name="testops-method-name">com.kms.katalon.core.webui.keyword.builtin.NavigateToUrlKeyword.navigateToUrl</property>
  <property name="testops-execution-stacktrace"></property>
</record>
<record>
  <date>2022-01-25T17:15:12</date>
  <millis>1643141712632</millis>
  <sequence>27</sequence>
  <level>END</level>
  <class>com.kms.katalon.core.logging.XmlKeywordLogger</class>
  <method>endKeyword</method>
  <thread>1</thread>
  <message>End action : navigateToUrl(&amp;quot;http://172.16.1.21:7802/pt/account/login?returnUrl=%2Fpedidos&amp;quot;)</message>
  <nestedLevel>1</nestedLevel>
  <escapedJava>false</escapedJava>
</record>
<record>
  <date>2022-01-25T17:15:12</date>
  <millis>1643141712633</millis>
  <sequence>28</sequence>
  <level>START</level>
  <class>com.kms.katalon.core.logging.XmlKeywordLogger</class>
  <method>startKeyword</method>
  <thread>1</thread>
  <message>Start action : setText(findTestObject(&amp;quot;Object Repository/Page_Dataplace - SFA/Page_Dataplace - SFA/Page_Dataplace - SFA/Page_Dataplace - SFA/Page_Dataplace - SFA/Page_Dataplace - SFA/input_Nome de usurio ou endereo de email_email&amp;quot;), &amp;quot;mayara.moraes@dataplaca.com.br&amp;quot;)</message>
  <nestedLevel>1</nestedLevel>
  <escapedJava>false</escapedJava>
  <property name="startLine">24</property>
  <property name="stepIndex">3</property>
</record>
<record>
  <date>2022-01-25T17:15:13</date>
  <millis>1643141713490</millis>
  <sequence>44</sequence>
  <level>PASSED</level>
  <class>com.kms.katalon.core.logging.XmlKeywordLogger</class>
  <method>logMessage</method>
  <thread>1</thread>
  <message>Text &amp;apos;mayara.moraes@dataplaca.com.br&amp;apos; is set on object &amp;apos;Object Repository/Page_Dataplace - SFA/Page_Dataplace - SFA/Page_Dataplace - SFA/Page_Dataplace - SFA/Page_Dataplace - SFA/Page_Dataplace - SFA/input_Nome de usurio ou endereo de email_email&amp;apos;</message>
  <nestedLevel>1</nestedLevel>
  <escapedJava>false</escapedJava>
  <property name="testops-method-name">com.kms.katalon.core.webui.keyword.builtin.SetTextKeyword.setText</property>
  <property name="testops-execution-stacktrace"></property>
</record>
<record>
  <date>2022-01-25T17:15:13</date>
  <millis>1643141713490</millis>
  <sequence>45</sequence>
  <level>END</level>
  <class>com.kms.katalon.core.logging.XmlKeywordLogger</class>
  <method>endKeyword</method>
  <thread>1</thread>
  <message>End action : setText(findTestObject(&amp;quot;Object Repository/Page_Dataplace - SFA/Page_Dataplace - SFA/Page_Dataplace - SFA/Page_Dataplace - SFA/Page_Dataplace - SFA/Page_Dataplace - SFA/input_Nome de usurio ou endereo de email_email&amp;quot;), &amp;quot;mayara.moraes@dataplaca.com.br&amp;quot;)</message>
  <nestedLevel>1</nestedLevel>
  <escapedJava>false</escapedJava>
</record>
<record>
  <date>2022-01-25T17:15:13</date>
  <millis>1643141713491</millis>
  <sequence>46</sequence>
  <level>START</level>
  <class>com.kms.katalon.core.logging.XmlKeywordLogger</class>
  <method>startKeyword</method>
  <thread>1</thread>
  <message>Start action : click(findTestObject(&amp;quot;Object Repository/Page_Dataplace - SFA/Page_Dataplace - SFA/Page_Dataplace - SFA/Page_Dataplace - SFA/Page_Dataplace - SFA/Page_Dataplace - SFA/input_Nome de usurio ou endereo de email_email&amp;quot;))</message>
  <nestedLevel>1</nestedLevel>
  <escapedJava>false</escapedJava>
  <property name="startLine">27</property>
  <property name="stepIndex">4</property>
</record>
<record>
  <date>2022-01-25T17:15:13</date>
  <millis>1643141713918</millis>
  <sequence>56</sequence>
  <level>PASSED</level>
  <class>com.kms.katalon.core.logging.XmlKeywordLogger</class>
  <method>logMessage</method>
  <thread>1</thread>
  <message>Object: &amp;apos;Object Repository/Page_Dataplace - SFA/Page_Dataplace - SFA/Page_Dataplace - SFA/Page_Dataplace - SFA/Page_Dataplace - SFA/Page_Dataplace - SFA/input_Nome de usurio ou endereo de email_email&amp;apos; is clicked on</message>
  <nestedLevel>1</nestedLevel>
  <escapedJava>false</escapedJava>
  <property name="testops-method-name">com.kms.katalon.core.webui.keyword.builtin.ClickKeyword.click</property>
  <property name="testops-execution-stacktrace"></property>
</record>
<record>
  <date>2022-01-25T17:15:13</date>
  <millis>1643141713919</millis>
  <sequence>57</sequence>
  <level>END</level>
  <class>com.kms.katalon.core.logging.XmlKeywordLogger</class>
  <method>endKeyword</method>
  <thread>1</thread>
  <message>End action : click(findTestObject(&amp;quot;Object Repository/Page_Dataplace - SFA/Page_Dataplace - SFA/Page_Dataplace - SFA/Page_Dataplace - SFA/Page_Dataplace - SFA/Page_Dataplace - SFA/input_Nome de usurio ou endereo de email_email&amp;quot;))</message>
  <nestedLevel>1</nestedLevel>
  <escapedJava>false</escapedJava>
</record>
<record>
  <date>2022-01-25T17:15:13</date>
  <millis>1643141713919</millis>
  <sequence>58</sequence>
  <level>START</level>
  <class>com.kms.katalon.core.logging.XmlKeywordLogger</class>
  <method>startKeyword</method>
  <thread>1</thread>
  <message>Start action : setText(findTestObject(&amp;quot;Object Repository/Page_Dataplace - SFA/Page_Dataplace - SFA/Page_Dataplace - SFA/Page_Dataplace - SFA/Page_Dataplace - SFA/Page_Dataplace - SFA/input_Nome de usurio ou endereo de email_email&amp;quot;), &amp;quot;mayara.moraes@dataplace.com.br&amp;quot;)</message>
  <nestedLevel>1</nestedLevel>
  <escapedJava>false</escapedJava>
  <property name="startLine">29</property>
  <property name="stepIndex">5</property>
</record>
<record>
  <date>2022-01-25T17:15:14</date>
  <millis>1643141714671</millis>
  <sequence>74</sequence>
  <level>PASSED</level>
  <class>com.kms.katalon.core.logging.XmlKeywordLogger</class>
  <method>logMessage</method>
  <thread>1</thread>
  <message>Text &amp;apos;mayara.moraes@dataplace.com.br&amp;apos; is set on object &amp;apos;Object Repository/Page_Dataplace - SFA/Page_Dataplace - SFA/Page_Dataplace - SFA/Page_Dataplace - SFA/Page_Dataplace - SFA/Page_Dataplace - SFA/input_Nome de usurio ou endereo de email_email&amp;apos;</message>
  <nestedLevel>1</nestedLevel>
  <escapedJava>false</escapedJava>
  <property name="testops-method-name">com.kms.katalon.core.webui.keyword.builtin.SetTextKeyword.setText</property>
  <property name="testops-execution-stacktrace"></property>
</record>
<record>
  <date>2022-01-25T17:15:14</date>
  <millis>1643141714672</millis>
  <sequence>75</sequence>
  <level>END</level>
  <class>com.kms.katalon.core.logging.XmlKeywordLogger</class>
  <method>endKeyword</method>
  <thread>1</thread>
  <message>End action : setText(findTestObject(&amp;quot;Object Repository/Page_Dataplace - SFA/Page_Dataplace - SFA/Page_Dataplace - SFA/Page_Dataplace - SFA/Page_Dataplace - SFA/Page_Dataplace - SFA/input_Nome de usurio ou endereo de email_email&amp;quot;), &amp;quot;mayara.moraes@dataplace.com.br&amp;quot;)</message>
  <nestedLevel>1</nestedLevel>
  <escapedJava>false</escapedJava>
</record>
<record>
  <date>2022-01-25T17:15:14</date>
  <millis>1643141714673</millis>
  <sequence>76</sequence>
  <level>START</level>
  <class>com.kms.katalon.core.logging.XmlKeywordLogger</class>
  <method>startKeyword</method>
  <thread>1</thread>
  <message>Start action : setEncryptedText(findTestObject(&amp;quot;Object Repository/Page_Dataplace - SFA/Page_Dataplace - SFA/Page_Dataplace - SFA/Page_Dataplace - SFA/Page_Dataplace - SFA/Page_Dataplace - SFA/input_Senha_senha&amp;quot;), &amp;quot;i+K1X3doZYBu6F0i+9QHbg==&amp;quot;)</message>
  <nestedLevel>1</nestedLevel>
  <escapedJava>false</escapedJava>
  <property name="startLine">32</property>
  <property name="stepIndex">6</property>
</record>
<record>
  <date>2022-01-25T17:15:15</date>
  <millis>1643141715166</millis>
  <sequence>87</sequence>
  <level>PASSED</level>
  <class>com.kms.katalon.core.logging.XmlKeywordLogger</class>
  <method>logMessage</method>
  <thread>1</thread>
  <message>Text ****** has been set on object &amp;apos;Object Repository/Page_Dataplace - SFA/Page_Dataplace - SFA/Page_Dataplace - SFA/Page_Dataplace - SFA/Page_Dataplace - SFA/Page_Dataplace - SFA/input_Senha_senha&amp;apos;</message>
  <nestedLevel>1</nestedLevel>
  <escapedJava>false</escapedJava>
  <property name="testops-method-name">com.kms.katalon.core.webui.keyword.builtin.SetEncryptedTextKeyword.setEncryptedText</property>
  <property name="testops-execution-stacktrace"></property>
</record>
<record>
  <date>2022-01-25T17:15:15</date>
  <millis>1643141715167</millis>
  <sequence>88</sequence>
  <level>END</level>
  <class>com.kms.katalon.core.logging.XmlKeywordLogger</class>
  <method>endKeyword</method>
  <thread>1</thread>
  <message>End action : setEncryptedText(findTestObject(&amp;quot;Object Repository/Page_Dataplace - SFA/Page_Dataplace - SFA/Page_Dataplace - SFA/Page_Dataplace - SFA/Page_Dataplace - SFA/Page_Dataplace - SFA/input_Senha_senha&amp;quot;), &amp;quot;i+K1X3doZYBu6F0i+9QHbg==&amp;quot;)</message>
  <nestedLevel>1</nestedLevel>
  <escapedJava>false</escapedJava>
</record>
<record>
  <date>2022-01-25T17:15:15</date>
  <millis>1643141715167</millis>
  <sequence>89</sequence>
  <level>START</level>
  <class>com.kms.katalon.core.logging.XmlKeywordLogger</class>
  <method>startKeyword</method>
  <thread>1</thread>
  <message>Start action : click(findTestObject(&amp;quot;Object Repository/Page_Dataplace - SFA/Page_Dataplace - SFA/Page_Dataplace - SFA/Page_Dataplace - SFA/Page_Dataplace - SFA/Page_Dataplace - SFA/button_Login&amp;quot;))</message>
  <nestedLevel>1</nestedLevel>
  <escapedJava>false</escapedJava>
  <property name="startLine">35</property>
  <property name="stepIndex">7</property>
</record>
<record>
  <date>2022-01-25T17:15:15</date>
  <millis>1643141715654</millis>
  <sequence>99</sequence>
  <level>PASSED</level>
  <class>com.kms.katalon.core.logging.XmlKeywordLogger</class>
  <method>logMessage</method>
  <thread>1</thread>
  <message>Object: &amp;apos;Object Repository/Page_Dataplace - SFA/Page_Dataplace - SFA/Page_Dataplace - SFA/Page_Dataplace - SFA/Page_Dataplace - SFA/Page_Dataplace - SFA/button_Login&amp;apos; is clicked on</message>
  <nestedLevel>1</nestedLevel>
  <escapedJava>false</escapedJava>
  <property name="testops-method-name">com.kms.katalon.core.webui.keyword.builtin.ClickKeyword.click</property>
  <property name="testops-execution-stacktrace"></property>
</record>
<record>
  <date>2022-01-25T17:15:15</date>
  <millis>1643141715654</millis>
  <sequence>100</sequence>
  <level>END</level>
  <class>com.kms.katalon.core.logging.XmlKeywordLogger</class>
  <method>endKeyword</method>
  <thread>1</thread>
  <message>End action : click(findTestObject(&amp;quot;Object Repository/Page_Dataplace - SFA/Page_Dataplace - SFA/Page_Dataplace - SFA/Page_Dataplace - SFA/Page_Dataplace - SFA/Page_Dataplace - SFA/button_Login&amp;quot;))</message>
  <nestedLevel>1</nestedLevel>
  <escapedJava>false</escapedJava>
</record>
<record>
  <date>2022-01-25T17:15:15</date>
  <millis>1643141715654</millis>
  <sequence>101</sequence>
  <level>START</level>
  <class>com.kms.katalon.core.logging.XmlKeywordLogger</class>
  <method>startKeyword</method>
  <thread>1</thread>
  <message>Start action : click(findTestObject(&amp;quot;Object Repository/Page_Dataplace - SFA/Page_Dataplace - SFA/Page_Dataplace - SFA/Page_Dataplace - SFA/Page_Dataplace - SFA/Page_Dataplace - SFA/div_LoginNome de usurio ou endereo de email_d83c56&amp;quot;))</message>
  <nestedLevel>1</nestedLevel>
  <escapedJava>false</escapedJava>
  <property name="startLine">37</property>
  <property name="stepIndex">8</property>
</record>
<record>
  <date>2022-01-25T17:15:16</date>
  <millis>1643141716167</millis>
  <sequence>111</sequence>
  <level>PASSED</level>
  <class>com.kms.katalon.core.logging.XmlKeywordLogger</class>
  <method>logMessage</method>
  <thread>1</thread>
  <message>Object: &amp;apos;Object Repository/Page_Dataplace - SFA/Page_Dataplace - SFA/Page_Dataplace - SFA/Page_Dataplace - SFA/Page_Dataplace - SFA/Page_Dataplace - SFA/div_LoginNome de usurio ou endereo de email_d83c56&amp;apos; is clicked on</message>
  <nestedLevel>1</nestedLevel>
  <escapedJava>false</escapedJava>
  <property name="testops-method-name">com.kms.katalon.core.webui.keyword.builtin.ClickKeyword.click</property>
  <property name="testops-execution-stacktrace"></property>
</record>
<record>
  <date>2022-01-25T17:15:16</date>
  <millis>1643141716167</millis>
  <sequence>112</sequence>
  <level>END</level>
  <class>com.kms.katalon.core.logging.XmlKeywordLogger</class>
  <method>endKeyword</method>
  <thread>1</thread>
  <message>End action : click(findTestObject(&amp;quot;Object Repository/Page_Dataplace - SFA/Page_Dataplace - SFA/Page_Dataplace - SFA/Page_Dataplace - SFA/Page_Dataplace - SFA/Page_Dataplace - SFA/div_LoginNome de usurio ou endereo de email_d83c56&amp;quot;))</message>
  <nestedLevel>1</nestedLevel>
  <escapedJava>false</escapedJava>
</record>
<record>
  <date>2022-01-25T17:15:16</date>
  <millis>1643141716167</millis>
  <sequence>113</sequence>
  <level>START</level>
  <class>com.kms.katalon.core.logging.XmlKeywordLogger</class>
  <method>startKeyword</method>
  <thread>1</thread>
  <message>Start action : setEncryptedText(findTestObject(&amp;quot;Object Repository/Page_Dataplace - SFA/Page_Dataplace - SFA/Page_Dataplace - SFA/Page_Dataplace - SFA/Page_Dataplace - SFA/Page_Dataplace - SFA/input_Senha_senha&amp;quot;), &amp;quot;jBu/h84nUum0DzfFUdyvAQ==&amp;quot;)</message>
  <nestedLevel>1</nestedLevel>
  <escapedJava>false</escapedJava>
  <property name="startLine">39</property>
  <property name="stepIndex">9</property>
</record>
<record>
  <date>2022-01-25T17:15:16</date>
  <millis>1643141716588</millis>
  <sequence>124</sequence>
  <level>PASSED</level>
  <class>com.kms.katalon.core.logging.XmlKeywordLogger</class>
  <method>logMessage</method>
  <thread>1</thread>
  <message>Text ****** has been set on object &amp;apos;Object Repository/Page_Dataplace - SFA/Page_Dataplace - SFA/Page_Dataplace - SFA/Page_Dataplace - SFA/Page_Dataplace - SFA/Page_Dataplace - SFA/input_Senha_senha&amp;apos;</message>
  <nestedLevel>1</nestedLevel>
  <escapedJava>false</escapedJava>
  <property name="testops-method-name">com.kms.katalon.core.webui.keyword.builtin.SetEncryptedTextKeyword.setEncryptedText</property>
  <property name="testops-execution-stacktrace"></property>
</record>
<record>
  <date>2022-01-25T17:15:16</date>
  <millis>1643141716589</millis>
  <sequence>125</sequence>
  <level>END</level>
  <class>com.kms.katalon.core.logging.XmlKeywordLogger</class>
  <method>endKeyword</method>
  <thread>1</thread>
  <message>End action : setEncryptedText(findTestObject(&amp;quot;Object Repository/Page_Dataplace - SFA/Page_Dataplace - SFA/Page_Dataplace - SFA/Page_Dataplace - SFA/Page_Dataplace - SFA/Page_Dataplace - SFA/input_Senha_senha&amp;quot;), &amp;quot;jBu/h84nUum0DzfFUdyvAQ==&amp;quot;)</message>
  <nestedLevel>1</nestedLevel>
  <escapedJava>false</escapedJava>
</record>
<record>
  <date>2022-01-25T17:15:16</date>
  <millis>1643141716589</millis>
  <sequence>126</sequence>
  <level>START</level>
  <class>com.kms.katalon.core.logging.XmlKeywordLogger</class>
  <method>startKeyword</method>
  <thread>1</thread>
  <message>Start action : click(findTestObject(&amp;quot;Object Repository/Page_Dataplace - SFA/Page_Dataplace - SFA/Page_Dataplace - SFA/Page_Dataplace - SFA/Page_Dataplace - SFA/Page_Dataplace - SFA/div_Login&amp;quot;))</message>
  <nestedLevel>1</nestedLevel>
  <escapedJava>false</escapedJava>
  <property name="startLine">42</property>
  <property name="stepIndex">10</property>
</record>
<record>
  <date>2022-01-25T17:15:17</date>
  <millis>1643141717088</millis>
  <sequence>136</sequence>
  <level>PASSED</level>
  <class>com.kms.katalon.core.logging.XmlKeywordLogger</class>
  <method>logMessage</method>
  <thread>1</thread>
  <message>Object: &amp;apos;Object Repository/Page_Dataplace - SFA/Page_Dataplace - SFA/Page_Dataplace - SFA/Page_Dataplace - SFA/Page_Dataplace - SFA/Page_Dataplace - SFA/div_Login&amp;apos; is clicked on</message>
  <nestedLevel>1</nestedLevel>
  <escapedJava>false</escapedJava>
  <property name="testops-method-name">com.kms.katalon.core.webui.keyword.builtin.ClickKeyword.click</property>
  <property name="testops-execution-stacktrace"></property>
</record>
<record>
  <date>2022-01-25T17:15:17</date>
  <millis>1643141717089</millis>
  <sequence>137</sequence>
  <level>END</level>
  <class>com.kms.katalon.core.logging.XmlKeywordLogger</class>
  <method>endKeyword</method>
  <thread>1</thread>
  <message>End action : click(findTestObject(&amp;quot;Object Repository/Page_Dataplace - SFA/Page_Dataplace - SFA/Page_Dataplace - SFA/Page_Dataplace - SFA/Page_Dataplace - SFA/Page_Dataplace - SFA/div_Login&amp;quot;))</message>
  <nestedLevel>1</nestedLevel>
  <escapedJava>false</escapedJava>
</record>
<record>
  <date>2022-01-25T17:15:17</date>
  <millis>1643141717089</millis>
  <sequence>138</sequence>
  <level>START</level>
  <class>com.kms.katalon.core.logging.XmlKeywordLogger</class>
  <method>startKeyword</method>
  <thread>1</thread>
  <message>Start action : click(findTestObject(&amp;quot;Object Repository/Page_Dataplace - SFA/Page_Dataplace - SFA/Page_Dataplace - SFA/Page_Dataplace - SFA/Page_Dataplace - SFA/Page_Dataplace SFA/div_1603&amp;quot;))</message>
  <nestedLevel>1</nestedLevel>
  <escapedJava>false</escapedJava>
  <property name="startLine">44</property>
  <property name="stepIndex">11</property>
</record>
<record>
  <date>2022-01-25T17:15:17</date>
  <millis>1643141717855</millis>
  <sequence>148</sequence>
  <level>PASSED</level>
  <class>com.kms.katalon.core.logging.XmlKeywordLogger</class>
  <method>logMessage</method>
  <thread>1</thread>
  <message>Object: &amp;apos;Object Repository/Page_Dataplace - SFA/Page_Dataplace - SFA/Page_Dataplace - SFA/Page_Dataplace - SFA/Page_Dataplace - SFA/Page_Dataplace SFA/div_1603&amp;apos; is clicked on</message>
  <nestedLevel>1</nestedLevel>
  <escapedJava>false</escapedJava>
  <property name="testops-method-name">com.kms.katalon.core.webui.keyword.builtin.ClickKeyword.click</property>
  <property name="testops-execution-stacktrace"></property>
</record>
<record>
  <date>2022-01-25T17:15:17</date>
  <millis>1643141717855</millis>
  <sequence>149</sequence>
  <level>END</level>
  <class>com.kms.katalon.core.logging.XmlKeywordLogger</class>
  <method>endKeyword</method>
  <thread>1</thread>
  <message>End action : click(findTestObject(&amp;quot;Object Repository/Page_Dataplace - SFA/Page_Dataplace - SFA/Page_Dataplace - SFA/Page_Dataplace - SFA/Page_Dataplace - SFA/Page_Dataplace SFA/div_1603&amp;quot;))</message>
  <nestedLevel>1</nestedLevel>
  <escapedJava>false</escapedJava>
</record>
<record>
  <date>2022-01-25T17:15:17</date>
  <millis>1643141717856</millis>
  <sequence>150</sequence>
  <level>START</level>
  <class>com.kms.katalon.core.logging.XmlKeywordLogger</class>
  <method>startKeyword</method>
  <thread>1</thread>
  <message>Start action : setText(findTestObject(&amp;quot;Object Repository/Page_Dataplace - SFA/Page_Dataplace - SFA/Page_Dataplace - SFA/Page_Dataplace - SFA/Page_Dataplace - SFA/Page_Dataplace SFA/input_Produto_typeahead-produto&amp;quot;), &amp;quot; &amp;quot;)</message>
  <nestedLevel>1</nestedLevel>
  <escapedJava>false</escapedJava>
  <property name="startLine">46</property>
  <property name="stepIndex">12</property>
</record>
<record>
  <date>2022-01-25T17:15:18</date>
  <millis>1643141718896</millis>
  <sequence>166</sequence>
  <level>PASSED</level>
  <class>com.kms.katalon.core.logging.XmlKeywordLogger</class>
  <method>logMessage</method>
  <thread>1</thread>
  <message>Text &amp;apos; &amp;apos; is set on object &amp;apos;Object Repository/Page_Dataplace - SFA/Page_Dataplace - SFA/Page_Dataplace - SFA/Page_Dataplace - SFA/Page_Dataplace - SFA/Page_Dataplace SFA/input_Produto_typeahead-produto&amp;apos;</message>
  <nestedLevel>1</nestedLevel>
  <escapedJava>false</escapedJava>
  <property name="testops-method-name">com.kms.katalon.core.webui.keyword.builtin.SetTextKeyword.setText</property>
  <property name="testops-execution-stacktrace"></property>
</record>
<record>
  <date>2022-01-25T17:15:18</date>
  <millis>1643141718896</millis>
  <sequence>167</sequence>
  <level>END</level>
  <class>com.kms.katalon.core.logging.XmlKeywordLogger</class>
  <method>endKeyword</method>
  <thread>1</thread>
  <message>End action : setText(findTestObject(&amp;quot;Object Repository/Page_Dataplace - SFA/Page_Dataplace - SFA/Page_Dataplace - SFA/Page_Dataplace - SFA/Page_Dataplace - SFA/Page_Dataplace SFA/input_Produto_typeahead-produto&amp;quot;), &amp;quot; &amp;quot;)</message>
  <nestedLevel>1</nestedLevel>
  <escapedJava>false</escapedJava>
</record>
<record>
  <date>2022-01-25T17:15:18</date>
  <millis>1643141718896</millis>
  <sequence>168</sequence>
  <level>START</level>
  <class>com.kms.katalon.core.logging.XmlKeywordLogger</class>
  <method>startKeyword</method>
  <thread>1</thread>
  <message>Start action : click(findTestObject(&amp;quot;Object Repository/Page_Dataplace - SFA/Page_Dataplace - SFA/Page_Dataplace - SFA/Page_Dataplace - SFA/Page_Dataplace - SFA/Page_Dataplace SFA/button_BOTA HOMOCINETICA CORCEL - 00100&amp;quot;))</message>
  <nestedLevel>1</nestedLevel>
  <escapedJava>false</escapedJava>
  <property name="startLine">49</property>
  <property name="stepIndex">13</property>
</record>
<record>
  <date>2022-01-25T17:15:20</date>
  <millis>1643141720186</millis>
  <sequence>179</sequence>
  <level>PASSED</level>
  <class>com.kms.katalon.core.logging.XmlKeywordLogger</class>
  <method>logMessage</method>
  <thread>1</thread>
  <message>Object: &amp;apos;Object Repository/Page_Dataplace - SFA/Page_Dataplace - SFA/Page_Dataplace - SFA/Page_Dataplace - SFA/Page_Dataplace - SFA/Page_Dataplace SFA/button_BOTA HOMOCINETICA CORCEL - 00100&amp;apos; is clicked on</message>
  <nestedLevel>1</nestedLevel>
  <escapedJava>false</escapedJava>
  <property name="testops-method-name">com.kms.katalon.core.webui.keyword.builtin.ClickKeyword.click</property>
  <property name="testops-execution-stacktrace"></property>
</record>
<record>
  <date>2022-01-25T17:15:20</date>
  <millis>1643141720187</millis>
  <sequence>180</sequence>
  <level>END</level>
  <class>com.kms.katalon.core.logging.XmlKeywordLogger</class>
  <method>endKeyword</method>
  <thread>1</thread>
  <message>End action : click(findTestObject(&amp;quot;Object Repository/Page_Dataplace - SFA/Page_Dataplace - SFA/Page_Dataplace - SFA/Page_Dataplace - SFA/Page_Dataplace - SFA/Page_Dataplace SFA/button_BOTA HOMOCINETICA CORCEL - 00100&amp;quot;))</message>
  <nestedLevel>1</nestedLevel>
  <escapedJava>false</escapedJava>
</record>
<record>
  <date>2022-01-25T17:15:20</date>
  <millis>1643141720187</millis>
  <sequence>181</sequence>
  <level>START</level>
  <class>com.kms.katalon.core.logging.XmlKeywordLogger</class>
  <method>startKeyword</method>
  <thread>1</thread>
  <message>Start action : setText(findTestObject(&amp;quot;Object Repository/Page_Dataplace - SFA/Page_Dataplace - SFA/Page_Dataplace - SFA/Page_Dataplace - SFA/Page_Dataplace - SFA/Page_Dataplace SFA/input_Produto_typeahead-produto&amp;quot;), &amp;quot; &amp;quot;)</message>
  <nestedLevel>1</nestedLevel>
  <escapedJava>false</escapedJava>
  <property name="startLine">51</property>
  <property name="stepIndex">14</property>
</record>
<record>
  <date>2022-01-25T17:15:21</date>
  <millis>1643141721570</millis>
  <sequence>197</sequence>
  <level>PASSED</level>
  <class>com.kms.katalon.core.logging.XmlKeywordLogger</class>
  <method>logMessage</method>
  <thread>1</thread>
  <message>Text &amp;apos; &amp;apos; is set on object &amp;apos;Object Repository/Page_Dataplace - SFA/Page_Dataplace - SFA/Page_Dataplace - SFA/Page_Dataplace - SFA/Page_Dataplace - SFA/Page_Dataplace SFA/input_Produto_typeahead-produto&amp;apos;</message>
  <nestedLevel>1</nestedLevel>
  <escapedJava>false</escapedJava>
  <property name="testops-method-name">com.kms.katalon.core.webui.keyword.builtin.SetTextKeyword.setText</property>
  <property name="testops-execution-stacktrace"></property>
</record>
<record>
  <date>2022-01-25T17:15:21</date>
  <millis>1643141721571</millis>
  <sequence>198</sequence>
  <level>END</level>
  <class>com.kms.katalon.core.logging.XmlKeywordLogger</class>
  <method>endKeyword</method>
  <thread>1</thread>
  <message>End action : setText(findTestObject(&amp;quot;Object Repository/Page_Dataplace - SFA/Page_Dataplace - SFA/Page_Dataplace - SFA/Page_Dataplace - SFA/Page_Dataplace - SFA/Page_Dataplace SFA/input_Produto_typeahead-produto&amp;quot;), &amp;quot; &amp;quot;)</message>
  <nestedLevel>1</nestedLevel>
  <escapedJava>false</escapedJava>
</record>
<record>
  <date>2022-01-25T17:15:21</date>
  <millis>1643141721571</millis>
  <sequence>199</sequence>
  <level>START</level>
  <class>com.kms.katalon.core.logging.XmlKeywordLogger</class>
  <method>startKeyword</method>
  <thread>1</thread>
  <message>Start action : setText(findTestObject(&amp;quot;Object Repository/Page_Dataplace - SFA/Page_Dataplace - SFA/Page_Dataplace - SFA/Page_Dataplace - SFA/Page_Dataplace - SFA/Page_Dataplace SFA/input_Quantidade_quantidade&amp;quot;), quantidade)</message>
  <nestedLevel>1</nestedLevel>
  <escapedJava>false</escapedJava>
  <property name="startLine">54</property>
  <property name="stepIndex">15</property>
</record>
<record>
  <date>2022-01-25T17:15:22</date>
  <millis>1643141722540</millis>
  <sequence>215</sequence>
  <level>PASSED</level>
  <class>com.kms.katalon.core.logging.XmlKeywordLogger</class>
  <method>logMessage</method>
  <thread>1</thread>
  <message>Text &amp;apos;1&amp;apos; is set on object &amp;apos;Object Repository/Page_Dataplace - SFA/Page_Dataplace - SFA/Page_Dataplace - SFA/Page_Dataplace - SFA/Page_Dataplace - SFA/Page_Dataplace SFA/input_Quantidade_quantidade&amp;apos;</message>
  <nestedLevel>1</nestedLevel>
  <escapedJava>false</escapedJava>
  <property name="testops-method-name">com.kms.katalon.core.webui.keyword.builtin.SetTextKeyword.setText</property>
  <property name="testops-execution-stacktrace"></property>
</record>
<record>
  <date>2022-01-25T17:15:22</date>
  <millis>1643141722542</millis>
  <sequence>216</sequence>
  <level>END</level>
  <class>com.kms.katalon.core.logging.XmlKeywordLogger</class>
  <method>endKeyword</method>
  <thread>1</thread>
  <message>End action : setText(findTestObject(&amp;quot;Object Repository/Page_Dataplace - SFA/Page_Dataplace - SFA/Page_Dataplace - SFA/Page_Dataplace - SFA/Page_Dataplace - SFA/Page_Dataplace SFA/input_Quantidade_quantidade&amp;quot;), quantidade)</message>
  <nestedLevel>1</nestedLevel>
  <escapedJava>false</escapedJava>
</record>
<record>
  <date>2022-01-25T17:15:22</date>
  <millis>1643141722542</millis>
  <sequence>217</sequence>
  <level>START</level>
  <class>com.kms.katalon.core.logging.XmlKeywordLogger</class>
  <method>startKeyword</method>
  <thread>1</thread>
  <message>Start action : setText(findTestObject(&amp;quot;Object Repository/Page_Dataplace - SFA/Page_Dataplace - SFA/Page_Dataplace - SFA/Page_Dataplace - SFA/Page_Dataplace - SFA/Page_Dataplace SFA/input_R_precoLiquido&amp;quot;), preco)</message>
  <nestedLevel>1</nestedLevel>
  <escapedJava>false</escapedJava>
  <property name="startLine">57</property>
  <property name="stepIndex">16</property>
</record>
<record>
  <date>2022-01-25T17:15:23</date>
  <millis>1643141723436</millis>
  <sequence>233</sequence>
  <level>PASSED</level>
  <class>com.kms.katalon.core.logging.XmlKeywordLogger</class>
  <method>logMessage</method>
  <thread>1</thread>
  <message>Text &amp;apos;13,00&amp;apos; is set on object &amp;apos;Object Repository/Page_Dataplace - SFA/Page_Dataplace - SFA/Page_Dataplace - SFA/Page_Dataplace - SFA/Page_Dataplace - SFA/Page_Dataplace SFA/input_R_precoLiquido&amp;apos;</message>
  <nestedLevel>1</nestedLevel>
  <escapedJava>false</escapedJava>
  <property name="testops-method-name">com.kms.katalon.core.webui.keyword.builtin.SetTextKeyword.setText</property>
  <property name="testops-execution-stacktrace"></property>
</record>
<record>
  <date>2022-01-25T17:15:23</date>
  <millis>1643141723437</millis>
  <sequence>234</sequence>
  <level>END</level>
  <class>com.kms.katalon.core.logging.XmlKeywordLogger</class>
  <method>endKeyword</method>
  <thread>1</thread>
  <message>End action : setText(findTestObject(&amp;quot;Object Repository/Page_Dataplace - SFA/Page_Dataplace - SFA/Page_Dataplace - SFA/Page_Dataplace - SFA/Page_Dataplace - SFA/Page_Dataplace SFA/input_R_precoLiquido&amp;quot;), preco)</message>
  <nestedLevel>1</nestedLevel>
  <escapedJava>false</escapedJava>
</record>
<record>
  <date>2022-01-25T17:15:23</date>
  <millis>1643141723437</millis>
  <sequence>235</sequence>
  <level>START</level>
  <class>com.kms.katalon.core.logging.XmlKeywordLogger</class>
  <method>startKeyword</method>
  <thread>1</thread>
  <message>Start action : if (verifyElementText(findTestObject(&amp;quot;Object Repository/Page_Dataplace - SFA/Page_Dataplace - SFA/Page_Dataplace - SFA/Page_Dataplace - SFA/Page_Dataplace - SFA/Page_Dataplace SFA/div_R125,00&amp;quot;), total) == true)</message>
  <nestedLevel>1</nestedLevel>
  <escapedJava>false</escapedJava>
  <property name="startLine">60</property>
  <property name="stepIndex">17</property>
</record>
<record>
  <date>2022-01-25T17:15:23</date>
  <millis>1643141723948</millis>
  <sequence>243</sequence>
  <level>PASSED</level>
  <class>com.kms.katalon.core.logging.XmlKeywordLogger</class>
  <method>logMessage</method>
  <thread>1</thread>
  <message>Actual text and expected text of test object &amp;apos;Object Repository/Page_Dataplace - SFA/Page_Dataplace - SFA/Page_Dataplace - SFA/Page_Dataplace - SFA/Page_Dataplace - SFA/Page_Dataplace SFA/div_R125,00&amp;apos; are matched.</message>
  <nestedLevel>1</nestedLevel>
  <escapedJava>false</escapedJava>
  <property name="testops-is-assertion">true</property>
  <property name="testops-method-name">com.kms.katalon.core.webui.keyword.builtin.VerifyElementTextKeyword.verifyElementText</property>
  <property name="testops-execution-stacktrace"></property>
</record>
<record>
  <date>2022-01-25T17:15:23</date>
  <millis>1643141723949</millis>
  <sequence>244</sequence>
  <level>START</level>
  <class>com.kms.katalon.core.logging.XmlKeywordLogger</class>
  <method>startKeyword</method>
  <thread>1</thread>
  <message>Start action : sleep(3000)</message>
  <nestedLevel>2</nestedLevel>
  <escapedJava>false</escapedJava>
  <property name="startLine">62</property>
  <property name="stepIndex">1</property>
</record>
<record>
  <date>2022-01-25T17:15:26</date>
  <millis>1643141726954</millis>
  <sequence>245</sequence>
  <level>END</level>
  <class>com.kms.katalon.core.logging.XmlKeywordLogger</class>
  <method>endKeyword</method>
  <thread>1</thread>
  <message>End action : sleep(3000)</message>
  <nestedLevel>2</nestedLevel>
  <escapedJava>false</escapedJava>
</record>
<record>
  <date>2022-01-25T17:15:26</date>
  <millis>1643141726955</millis>
  <sequence>246</sequence>
  <level>START</level>
  <class>com.kms.katalon.core.logging.XmlKeywordLogger</class>
  <method>startKeyword</method>
  <thread>1</thread>
  <message>Start action : click(findTestObject(&amp;quot;Object Repository/Page_Dataplace - SFA/Page_Dataplace - SFA/Page_Dataplace - SFA/Page_Dataplace - SFA/Page_Dataplace - SFA/Page_Dataplace SFA/div_Confirmar&amp;quot;))</message>
  <nestedLevel>2</nestedLevel>
  <escapedJava>false</escapedJava>
  <property name="startLine">63</property>
  <property name="stepIndex">2</property>
</record>
<record>
  <date>2022-01-25T17:15:27</date>
  <millis>1643141727391</millis>
  <sequence>256</sequence>
  <level>PASSED</level>
  <class>com.kms.katalon.core.logging.XmlKeywordLogger</class>
  <method>logMessage</method>
  <thread>1</thread>
  <message>Object: &amp;apos;Object Repository/Page_Dataplace - SFA/Page_Dataplace - SFA/Page_Dataplace - SFA/Page_Dataplace - SFA/Page_Dataplace - SFA/Page_Dataplace SFA/div_Confirmar&amp;apos; is clicked on</message>
  <nestedLevel>1</nestedLevel>
  <escapedJava>false</escapedJava>
  <property name="testops-method-name">com.kms.katalon.core.webui.keyword.builtin.ClickKeyword.click</property>
  <property name="testops-execution-stacktrace"></property>
</record>
<record>
  <date>2022-01-25T17:15:27</date>
  <millis>1643141727392</millis>
  <sequence>257</sequence>
  <level>END</level>
  <class>com.kms.katalon.core.logging.XmlKeywordLogger</class>
  <method>endKeyword</method>
  <thread>1</thread>
  <message>End action : click(findTestObject(&amp;quot;Object Repository/Page_Dataplace - SFA/Page_Dataplace - SFA/Page_Dataplace - SFA/Page_Dataplace - SFA/Page_Dataplace - SFA/Page_Dataplace SFA/div_Confirmar&amp;quot;))</message>
  <nestedLevel>2</nestedLevel>
  <escapedJava>false</escapedJava>
</record>
<record>
  <date>2022-01-25T17:15:27</date>
  <millis>1643141727392</millis>
  <sequence>258</sequence>
  <level>START</level>
  <class>com.kms.katalon.core.logging.XmlKeywordLogger</class>
  <method>startKeyword</method>
  <thread>1</thread>
  <message>Start action : out.print(&amp;quot;total correto&amp;quot;)</message>
  <nestedLevel>2</nestedLevel>
  <escapedJava>false</escapedJava>
  <property name="startLine">64</property>
  <property name="stepIndex">3</property>
</record>
<record>
  <date>2022-01-25T17:15:27</date>
  <millis>1643141727418</millis>
  <sequence>259</sequence>
  <level>END</level>
  <class>com.kms.katalon.core.logging.XmlKeywordLogger</class>
  <method>endKeyword</method>
  <thread>1</thread>
  <message>End action : out.print(&amp;quot;total correto&amp;quot;)</message>
  <nestedLevel>2</nestedLevel>
  <escapedJava>false</escapedJava>
</record>
<record>
  <date>2022-01-25T17:15:27</date>
  <millis>1643141727418</millis>
  <sequence>260</sequence>
  <level>END</level>
  <class>com.kms.katalon.core.logging.XmlKeywordLogger</class>
  <method>endKeyword</method>
  <thread>1</thread>
  <message>End action : if (verifyElementText(findTestObject(&amp;quot;Object Repository/Page_Dataplace - SFA/Page_Dataplace - SFA/Page_Dataplace - SFA/Page_Dataplace - SFA/Page_Dataplace - SFA/Page_Dataplace SFA/div_R125,00&amp;quot;), total) == true)</message>
  <nestedLevel>1</nestedLevel>
  <escapedJava>false</escapedJava>
</record>
<record>
  <date>2022-01-25T17:15:27</date>
  <millis>1643141727419</millis>
  <sequence>261</sequence>
  <level>PASSED</level>
  <class>com.kms.katalon.core.logging.XmlKeywordLogger</class>
  <method>logMessage</method>
  <thread>1</thread>
  <message>Test Cases/New Test Case</message>
  <nestedLevel>1</nestedLevel>
  <escapedJava>false</escapedJava>
</record>
<record>
  <date>2022-01-25T17:15:27</date>
  <millis>1643141727421</millis>
  <sequence>262</sequence>
  <level>END</level>
  <class>com.kms.katalon.core.logging.XmlKeywordLogger</class>
  <method>endTest</method>
  <thread>1</thread>
  <message>End Test Case : Test Cases/New Test Case</message>
  <nestedLevel>0</nestedLevel>
  <escapedJava>false</escapedJava>
  <property name="executionBindingVariables">[
  {
    &quot;displayReportName&quot;: &quot;quantidade&quot;,
    &quot;value&quot;: &quot;1&quot;,
    &quot;name&quot;: &quot;quantidade&quot;,
    &quot;masked&quot;: false
  },
  {
    &quot;displayReportName&quot;: &quot;preco&quot;,
    &quot;value&quot;: &quot;13,00&quot;,
    &quot;name&quot;: &quot;preco&quot;,
    &quot;masked&quot;: false
  },
  {
    &quot;displayReportName&quot;: &quot;total&quot;,
    &quot;value&quot;: &quot;R$ 13,00&quot;,
    &quot;name&quot;: &quot;total&quot;,
    &quot;masked&quot;: false
  }
]</property>
  <property name="keywordsUsage">{
  &quot;web_ui&quot;: true,
  &quot;web_service&quot;: false,
  &quot;cucumber&quot;: false,
  &quot;builtin&quot;: false,
  &quot;mobile&quot;: false,
  &quot;windows&quot;: false,
  &quot;testng&quot;: false
}</property>
</record>
<record>
  <date>2022-01-25T17:15:27</date>
  <millis>1643141727493</millis>
  <sequence>263</sequence>
  <level>START</level>
  <class>com.kms.katalon.core.logging.XmlKeywordLogger</class>
  <method>startTest</method>
  <thread>1</thread>
  <message>Start Test Case : Test Cases/New Test Case</message>
  <nestedLevel>1</nestedLevel>
  <escapedJava>false</escapedJava>
  <property name="name">Test Cases/New Test Case</property>
  <property name="description"></property>
  <property name="id">Test Cases/New Test Case</property>
  <property name="source">C:\Users\Administrator\git\Site-SFA\Test Cases\New Test Case.tc</property>
  <property name="tag"></property>
  <property name="isOptional">false</property>
</record>
<record>
  <date>2022-01-25T17:15:27</date>
  <millis>1643141727505</millis>
  <sequence>265</sequence>
  <level>INFO</level>
  <class>com.kms.katalon.core.logging.XmlKeywordLogger</class>
  <method>logMessage</method>
  <thread>1</thread>
  <message>quantidade = 2</message>
  <nestedLevel>1</nestedLevel>
  <escapedJava>false</escapedJava>
</record>
<record>
  <date>2022-01-25T17:15:27</date>
  <millis>1643141727505</millis>
  <sequence>266</sequence>
  <level>INFO</level>
  <class>com.kms.katalon.core.logging.XmlKeywordLogger</class>
  <method>logMessage</method>
  <thread>1</thread>
  <message>preco = 20,00</message>
  <nestedLevel>1</nestedLevel>
  <escapedJava>false</escapedJava>
</record>
<record>
  <date>2022-01-25T17:15:27</date>
  <millis>1643141727505</millis>
  <sequence>267</sequence>
  <level>INFO</level>
  <class>com.kms.katalon.core.logging.XmlKeywordLogger</class>
  <method>logMessage</method>
  <thread>1</thread>
  <message>total = R$ 40,00</message>
  <nestedLevel>1</nestedLevel>
  <escapedJava>false</escapedJava>
</record>
<record>
  <date>2022-01-25T17:15:27</date>
  <millis>1643141727509</millis>
  <sequence>268</sequence>
  <level>START</level>
  <class>com.kms.katalon.core.logging.XmlKeywordLogger</class>
  <method>startKeyword</method>
  <thread>1</thread>
  <message>Start action : openBrowser(&amp;quot;&amp;quot;)</message>
  <nestedLevel>1</nestedLevel>
  <escapedJava>false</escapedJava>
  <property name="startLine">20</property>
  <property name="stepIndex">1</property>
</record>
<record>
  <date>2022-01-25T17:15:27</date>
  <millis>1643141727528</millis>
  <sequence>270</sequence>
  <level>WARNING</level>
  <class>com.kms.katalon.core.logging.XmlKeywordLogger</class>
  <method>logMessage</method>
  <thread>1</thread>
  <message>A browser is already opened. Closing browser and opening a new one</message>
  <nestedLevel>1</nestedLevel>
  <escapedJava>false</escapedJava>
</record>
<record>
  <date>2022-01-25T17:15:28</date>
  <millis>1643141728186</millis>
  <sequence>271</sequence>
  <level>INFO</level>
  <class>com.kms.katalon.core.logging.XmlKeywordLogger</class>
  <method>logMessage</method>
  <thread>1</thread>
  <message>Starting &amp;apos;Chrome&amp;apos; driver</message>
  <nestedLevel>1</nestedLevel>
  <escapedJava>false</escapedJava>
</record>
<record>
  <date>2022-01-25T17:15:28</date>
  <millis>1643141728190</millis>
  <sequence>273</sequence>
  <level>INFO</level>
  <class>com.kms.katalon.core.logging.XmlKeywordLogger</class>
  <method>logMessage</method>
  <thread>1</thread>
  <message>Action delay is set to 0 milliseconds</message>
  <nestedLevel>1</nestedLevel>
  <escapedJava>false</escapedJava>
</record>
<record>
  <date>2022-01-25T17:15:29</date>
  <millis>1643141729372</millis>
  <sequence>275</sequence>
  <level>RUN_DATA</level>
  <class>com.kms.katalon.core.logging.XmlKeywordLogger</class>
  <method>logMessage</method>
  <thread>1</thread>
  <message>sessionId = c5e093990413080642be5bdfb6f57141</message>
  <nestedLevel>1</nestedLevel>
  <escapedJava>false</escapedJava>
  <property name="sessionId">c5e093990413080642be5bdfb6f57141</property>
</record>
<record>
  <date>2022-01-25T17:15:29</date>
  <millis>1643141729399</millis>
  <sequence>276</sequence>
  <level>RUN_DATA</level>
  <class>com.kms.katalon.core.logging.XmlKeywordLogger</class>
  <method>logMessage</method>
  <thread>1</thread>
  <message>browser = Chrome 97.0.4692.71</message>
  <nestedLevel>1</nestedLevel>
  <escapedJava>false</escapedJava>
  <property name="browser">Chrome 97.0.4692.71</property>
</record>
<record>
  <date>2022-01-25T17:15:29</date>
  <millis>1643141729399</millis>
  <sequence>277</sequence>
  <level>RUN_DATA</level>
  <class>com.kms.katalon.core.logging.XmlKeywordLogger</class>
  <method>logMessage</method>
  <thread>1</thread>
  <message>platform = Windows 10</message>
  <nestedLevel>1</nestedLevel>
  <escapedJava>false</escapedJava>
  <property name="platform">Windows 10</property>
</record>
<record>
  <date>2022-01-25T17:15:29</date>
  <millis>1643141729400</millis>
  <sequence>278</sequence>
  <level>RUN_DATA</level>
  <class>com.kms.katalon.core.logging.XmlKeywordLogger</class>
  <method>logMessage</method>
  <thread>1</thread>
  <message>seleniumVersion = 3.141.59</message>
  <nestedLevel>1</nestedLevel>
  <escapedJava>false</escapedJava>
  <property name="seleniumVersion">3.141.59</property>
</record>
<record>
  <date>2022-01-25T17:15:29</date>
  <millis>1643141729401</millis>
  <sequence>279</sequence>
  <level>RUN_DATA</level>
  <class>com.kms.katalon.core.logging.XmlKeywordLogger</class>
  <method>logMessage</method>
  <thread>1</thread>
  <message>proxyInformation = ProxyInformation { proxyOption=NO_PROXY, proxyServerType=HTTP, username=, password=********, proxyServerAddress=, proxyServerPort=0, executionList=&amp;quot;&amp;quot;, isApplyToDesiredCapabilities=true }</message>
  <nestedLevel>1</nestedLevel>
  <escapedJava>false</escapedJava>
  <property name="proxyInformation">ProxyInformation { proxyOption=NO_PROXY, proxyServerType=HTTP, username=, password=********, proxyServerAddress=, proxyServerPort=0, executionList=&quot;&quot;, isApplyToDesiredCapabilities=true }</property>
</record>
<record>
  <date>2022-01-25T17:15:29</date>
  <millis>1643141729436</millis>
  <sequence>280</sequence>
  <level>PASSED</level>
  <class>com.kms.katalon.core.logging.XmlKeywordLogger</class>
  <method>logMessage</method>
  <thread>1</thread>
  <message>Browser is opened with url: &amp;apos;&amp;apos;</message>
  <nestedLevel>1</nestedLevel>
  <escapedJava>false</escapedJava>
  <property name="testops-method-name">com.kms.katalon.core.webui.keyword.builtin.OpenBrowserKeyword.openBrowser</property>
  <property name="testops-execution-stacktrace"></property>
</record>
<record>
  <date>2022-01-25T17:15:29</date>
  <millis>1643141729436</millis>
  <sequence>281</sequence>
  <level>END</level>
  <class>com.kms.katalon.core.logging.XmlKeywordLogger</class>
  <method>endKeyword</method>
  <thread>1</thread>
  <message>End action : openBrowser(&amp;quot;&amp;quot;)</message>
  <nestedLevel>1</nestedLevel>
  <escapedJava>false</escapedJava>
</record>
<record>
  <date>2022-01-25T17:15:29</date>
  <millis>1643141729437</millis>
  <sequence>282</sequence>
  <level>START</level>
  <class>com.kms.katalon.core.logging.XmlKeywordLogger</class>
  <method>startKeyword</method>
  <thread>1</thread>
  <message>Start action : navigateToUrl(&amp;quot;http://172.16.1.21:7802/pt/account/login?returnUrl=%2Fpedidos&amp;quot;)</message>
  <nestedLevel>1</nestedLevel>
  <escapedJava>false</escapedJava>
  <property name="startLine">22</property>
  <property name="stepIndex">2</property>
</record>
<record>
  <date>2022-01-25T17:15:30</date>
  <millis>1643141730261</millis>
  <sequence>285</sequence>
  <level>PASSED</level>
  <class>com.kms.katalon.core.logging.XmlKeywordLogger</class>
  <method>logMessage</method>
  <thread>1</thread>
  <message>Navigate to &amp;apos;http://172.16.1.21:7802/pt/account/login?returnUrl=%2Fpedidos&amp;apos; successfully</message>
  <nestedLevel>1</nestedLevel>
  <escapedJava>false</escapedJava>
  <property name="testops-method-name">com.kms.katalon.core.webui.keyword.builtin.NavigateToUrlKeyword.navigateToUrl</property>
  <property name="testops-execution-stacktrace"></property>
</record>
<record>
  <date>2022-01-25T17:15:30</date>
  <millis>1643141730261</millis>
  <sequence>286</sequence>
  <level>END</level>
  <class>com.kms.katalon.core.logging.XmlKeywordLogger</class>
  <method>endKeyword</method>
  <thread>1</thread>
  <message>End action : navigateToUrl(&amp;quot;http://172.16.1.21:7802/pt/account/login?returnUrl=%2Fpedidos&amp;quot;)</message>
  <nestedLevel>1</nestedLevel>
  <escapedJava>false</escapedJava>
</record>
<record>
  <date>2022-01-25T17:15:30</date>
  <millis>1643141730262</millis>
  <sequence>287</sequence>
  <level>START</level>
  <class>com.kms.katalon.core.logging.XmlKeywordLogger</class>
  <method>startKeyword</method>
  <thread>1</thread>
  <message>Start action : setText(findTestObject(&amp;quot;Object Repository/Page_Dataplace - SFA/Page_Dataplace - SFA/Page_Dataplace - SFA/Page_Dataplace - SFA/Page_Dataplace - SFA/Page_Dataplace - SFA/input_Nome de usurio ou endereo de email_email&amp;quot;), &amp;quot;mayara.moraes@dataplaca.com.br&amp;quot;)</message>
  <nestedLevel>1</nestedLevel>
  <escapedJava>false</escapedJava>
  <property name="startLine">24</property>
  <property name="stepIndex">3</property>
</record>
<record>
  <date>2022-01-25T17:15:31</date>
  <millis>1643141731137</millis>
  <sequence>303</sequence>
  <level>PASSED</level>
  <class>com.kms.katalon.core.logging.XmlKeywordLogger</class>
  <method>logMessage</method>
  <thread>1</thread>
  <message>Text &amp;apos;mayara.moraes@dataplaca.com.br&amp;apos; is set on object &amp;apos;Object Repository/Page_Dataplace - SFA/Page_Dataplace - SFA/Page_Dataplace - SFA/Page_Dataplace - SFA/Page_Dataplace - SFA/Page_Dataplace - SFA/input_Nome de usurio ou endereo de email_email&amp;apos;</message>
  <nestedLevel>1</nestedLevel>
  <escapedJava>false</escapedJava>
  <property name="testops-method-name">com.kms.katalon.core.webui.keyword.builtin.SetTextKeyword.setText</property>
  <property name="testops-execution-stacktrace"></property>
</record>
<record>
  <date>2022-01-25T17:15:31</date>
  <millis>1643141731137</millis>
  <sequence>304</sequence>
  <level>END</level>
  <class>com.kms.katalon.core.logging.XmlKeywordLogger</class>
  <method>endKeyword</method>
  <thread>1</thread>
  <message>End action : setText(findTestObject(&amp;quot;Object Repository/Page_Dataplace - SFA/Page_Dataplace - SFA/Page_Dataplace - SFA/Page_Dataplace - SFA/Page_Dataplace - SFA/Page_Dataplace - SFA/input_Nome de usurio ou endereo de email_email&amp;quot;), &amp;quot;mayara.moraes@dataplaca.com.br&amp;quot;)</message>
  <nestedLevel>1</nestedLevel>
  <escapedJava>false</escapedJava>
</record>
<record>
  <date>2022-01-25T17:15:31</date>
  <millis>1643141731138</millis>
  <sequence>305</sequence>
  <level>START</level>
  <class>com.kms.katalon.core.logging.XmlKeywordLogger</class>
  <method>startKeyword</method>
  <thread>1</thread>
  <message>Start action : click(findTestObject(&amp;quot;Object Repository/Page_Dataplace - SFA/Page_Dataplace - SFA/Page_Dataplace - SFA/Page_Dataplace - SFA/Page_Dataplace - SFA/Page_Dataplace - SFA/input_Nome de usurio ou endereo de email_email&amp;quot;))</message>
  <nestedLevel>1</nestedLevel>
  <escapedJava>false</escapedJava>
  <property name="startLine">27</property>
  <property name="stepIndex">4</property>
</record>
<record>
  <date>2022-01-25T17:15:31</date>
  <millis>1643141731516</millis>
  <sequence>315</sequence>
  <level>PASSED</level>
  <class>com.kms.katalon.core.logging.XmlKeywordLogger</class>
  <method>logMessage</method>
  <thread>1</thread>
  <message>Object: &amp;apos;Object Repository/Page_Dataplace - SFA/Page_Dataplace - SFA/Page_Dataplace - SFA/Page_Dataplace - SFA/Page_Dataplace - SFA/Page_Dataplace - SFA/input_Nome de usurio ou endereo de email_email&amp;apos; is clicked on</message>
  <nestedLevel>1</nestedLevel>
  <escapedJava>false</escapedJava>
  <property name="testops-method-name">com.kms.katalon.core.webui.keyword.builtin.ClickKeyword.click</property>
  <property name="testops-execution-stacktrace"></property>
</record>
<record>
  <date>2022-01-25T17:15:31</date>
  <millis>1643141731517</millis>
  <sequence>316</sequence>
  <level>END</level>
  <class>com.kms.katalon.core.logging.XmlKeywordLogger</class>
  <method>endKeyword</method>
  <thread>1</thread>
  <message>End action : click(findTestObject(&amp;quot;Object Repository/Page_Dataplace - SFA/Page_Dataplace - SFA/Page_Dataplace - SFA/Page_Dataplace - SFA/Page_Dataplace - SFA/Page_Dataplace - SFA/input_Nome de usurio ou endereo de email_email&amp;quot;))</message>
  <nestedLevel>1</nestedLevel>
  <escapedJava>false</escapedJava>
</record>
<record>
  <date>2022-01-25T17:15:31</date>
  <millis>1643141731517</millis>
  <sequence>317</sequence>
  <level>START</level>
  <class>com.kms.katalon.core.logging.XmlKeywordLogger</class>
  <method>startKeyword</method>
  <thread>1</thread>
  <message>Start action : setText(findTestObject(&amp;quot;Object Repository/Page_Dataplace - SFA/Page_Dataplace - SFA/Page_Dataplace - SFA/Page_Dataplace - SFA/Page_Dataplace - SFA/Page_Dataplace - SFA/input_Nome de usurio ou endereo de email_email&amp;quot;), &amp;quot;mayara.moraes@dataplace.com.br&amp;quot;)</message>
  <nestedLevel>1</nestedLevel>
  <escapedJava>false</escapedJava>
  <property name="startLine">29</property>
  <property name="stepIndex">5</property>
</record>
<record>
  <date>2022-01-25T17:15:32</date>
  <millis>1643141732228</millis>
  <sequence>333</sequence>
  <level>PASSED</level>
  <class>com.kms.katalon.core.logging.XmlKeywordLogger</class>
  <method>logMessage</method>
  <thread>1</thread>
  <message>Text &amp;apos;mayara.moraes@dataplace.com.br&amp;apos; is set on object &amp;apos;Object Repository/Page_Dataplace - SFA/Page_Dataplace - SFA/Page_Dataplace - SFA/Page_Dataplace - SFA/Page_Dataplace - SFA/Page_Dataplace - SFA/input_Nome de usurio ou endereo de email_email&amp;apos;</message>
  <nestedLevel>1</nestedLevel>
  <escapedJava>false</escapedJava>
  <property name="testops-method-name">com.kms.katalon.core.webui.keyword.builtin.SetTextKeyword.setText</property>
  <property name="testops-execution-stacktrace"></property>
</record>
<record>
  <date>2022-01-25T17:15:32</date>
  <millis>1643141732229</millis>
  <sequence>334</sequence>
  <level>END</level>
  <class>com.kms.katalon.core.logging.XmlKeywordLogger</class>
  <method>endKeyword</method>
  <thread>1</thread>
  <message>End action : setText(findTestObject(&amp;quot;Object Repository/Page_Dataplace - SFA/Page_Dataplace - SFA/Page_Dataplace - SFA/Page_Dataplace - SFA/Page_Dataplace - SFA/Page_Dataplace - SFA/input_Nome de usurio ou endereo de email_email&amp;quot;), &amp;quot;mayara.moraes@dataplace.com.br&amp;quot;)</message>
  <nestedLevel>1</nestedLevel>
  <escapedJava>false</escapedJava>
</record>
<record>
  <date>2022-01-25T17:15:32</date>
  <millis>1643141732229</millis>
  <sequence>335</sequence>
  <level>START</level>
  <class>com.kms.katalon.core.logging.XmlKeywordLogger</class>
  <method>startKeyword</method>
  <thread>1</thread>
  <message>Start action : setEncryptedText(findTestObject(&amp;quot;Object Repository/Page_Dataplace - SFA/Page_Dataplace - SFA/Page_Dataplace - SFA/Page_Dataplace - SFA/Page_Dataplace - SFA/Page_Dataplace - SFA/input_Senha_senha&amp;quot;), &amp;quot;i+K1X3doZYBu6F0i+9QHbg==&amp;quot;)</message>
  <nestedLevel>1</nestedLevel>
  <escapedJava>false</escapedJava>
  <property name="startLine">32</property>
  <property name="stepIndex">6</property>
</record>
<record>
  <date>2022-01-25T17:15:32</date>
  <millis>1643141732658</millis>
  <sequence>346</sequence>
  <level>PASSED</level>
  <class>com.kms.katalon.core.logging.XmlKeywordLogger</class>
  <method>logMessage</method>
  <thread>1</thread>
  <message>Text ****** has been set on object &amp;apos;Object Repository/Page_Dataplace - SFA/Page_Dataplace - SFA/Page_Dataplace - SFA/Page_Dataplace - SFA/Page_Dataplace - SFA/Page_Dataplace - SFA/input_Senha_senha&amp;apos;</message>
  <nestedLevel>1</nestedLevel>
  <escapedJava>false</escapedJava>
  <property name="testops-method-name">com.kms.katalon.core.webui.keyword.builtin.SetEncryptedTextKeyword.setEncryptedText</property>
  <property name="testops-execution-stacktrace"></property>
</record>
<record>
  <date>2022-01-25T17:15:32</date>
  <millis>1643141732658</millis>
  <sequence>347</sequence>
  <level>END</level>
  <class>com.kms.katalon.core.logging.XmlKeywordLogger</class>
  <method>endKeyword</method>
  <thread>1</thread>
  <message>End action : setEncryptedText(findTestObject(&amp;quot;Object Repository/Page_Dataplace - SFA/Page_Dataplace - SFA/Page_Dataplace - SFA/Page_Dataplace - SFA/Page_Dataplace - SFA/Page_Dataplace - SFA/input_Senha_senha&amp;quot;), &amp;quot;i+K1X3doZYBu6F0i+9QHbg==&amp;quot;)</message>
  <nestedLevel>1</nestedLevel>
  <escapedJava>false</escapedJava>
</record>
<record>
  <date>2022-01-25T17:15:32</date>
  <millis>1643141732658</millis>
  <sequence>348</sequence>
  <level>START</level>
  <class>com.kms.katalon.core.logging.XmlKeywordLogger</class>
  <method>startKeyword</method>
  <thread>1</thread>
  <message>Start action : click(findTestObject(&amp;quot;Object Repository/Page_Dataplace - SFA/Page_Dataplace - SFA/Page_Dataplace - SFA/Page_Dataplace - SFA/Page_Dataplace - SFA/Page_Dataplace - SFA/button_Login&amp;quot;))</message>
  <nestedLevel>1</nestedLevel>
  <escapedJava>false</escapedJava>
  <property name="startLine">35</property>
  <property name="stepIndex">7</property>
</record>
<record>
  <date>2022-01-25T17:15:33</date>
  <millis>1643141733158</millis>
  <sequence>358</sequence>
  <level>PASSED</level>
  <class>com.kms.katalon.core.logging.XmlKeywordLogger</class>
  <method>logMessage</method>
  <thread>1</thread>
  <message>Object: &amp;apos;Object Repository/Page_Dataplace - SFA/Page_Dataplace - SFA/Page_Dataplace - SFA/Page_Dataplace - SFA/Page_Dataplace - SFA/Page_Dataplace - SFA/button_Login&amp;apos; is clicked on</message>
  <nestedLevel>1</nestedLevel>
  <escapedJava>false</escapedJava>
  <property name="testops-method-name">com.kms.katalon.core.webui.keyword.builtin.ClickKeyword.click</property>
  <property name="testops-execution-stacktrace"></property>
</record>
<record>
  <date>2022-01-25T17:15:33</date>
  <millis>1643141733159</millis>
  <sequence>359</sequence>
  <level>END</level>
  <class>com.kms.katalon.core.logging.XmlKeywordLogger</class>
  <method>endKeyword</method>
  <thread>1</thread>
  <message>End action : click(findTestObject(&amp;quot;Object Repository/Page_Dataplace - SFA/Page_Dataplace - SFA/Page_Dataplace - SFA/Page_Dataplace - SFA/Page_Dataplace - SFA/Page_Dataplace - SFA/button_Login&amp;quot;))</message>
  <nestedLevel>1</nestedLevel>
  <escapedJava>false</escapedJava>
</record>
<record>
  <date>2022-01-25T17:15:33</date>
  <millis>1643141733159</millis>
  <sequence>360</sequence>
  <level>START</level>
  <class>com.kms.katalon.core.logging.XmlKeywordLogger</class>
  <method>startKeyword</method>
  <thread>1</thread>
  <message>Start action : click(findTestObject(&amp;quot;Object Repository/Page_Dataplace - SFA/Page_Dataplace - SFA/Page_Dataplace - SFA/Page_Dataplace - SFA/Page_Dataplace - SFA/Page_Dataplace - SFA/div_LoginNome de usurio ou endereo de email_d83c56&amp;quot;))</message>
  <nestedLevel>1</nestedLevel>
  <escapedJava>false</escapedJava>
  <property name="startLine">37</property>
  <property name="stepIndex">8</property>
</record>
<record>
  <date>2022-01-25T17:15:33</date>
  <millis>1643141733795</millis>
  <sequence>370</sequence>
  <level>PASSED</level>
  <class>com.kms.katalon.core.logging.XmlKeywordLogger</class>
  <method>logMessage</method>
  <thread>1</thread>
  <message>Object: &amp;apos;Object Repository/Page_Dataplace - SFA/Page_Dataplace - SFA/Page_Dataplace - SFA/Page_Dataplace - SFA/Page_Dataplace - SFA/Page_Dataplace - SFA/div_LoginNome de usurio ou endereo de email_d83c56&amp;apos; is clicked on</message>
  <nestedLevel>1</nestedLevel>
  <escapedJava>false</escapedJava>
  <property name="testops-method-name">com.kms.katalon.core.webui.keyword.builtin.ClickKeyword.click</property>
  <property name="testops-execution-stacktrace"></property>
</record>
<record>
  <date>2022-01-25T17:15:33</date>
  <millis>1643141733796</millis>
  <sequence>371</sequence>
  <level>END</level>
  <class>com.kms.katalon.core.logging.XmlKeywordLogger</class>
  <method>endKeyword</method>
  <thread>1</thread>
  <message>End action : click(findTestObject(&amp;quot;Object Repository/Page_Dataplace - SFA/Page_Dataplace - SFA/Page_Dataplace - SFA/Page_Dataplace - SFA/Page_Dataplace - SFA/Page_Dataplace - SFA/div_LoginNome de usurio ou endereo de email_d83c56&amp;quot;))</message>
  <nestedLevel>1</nestedLevel>
  <escapedJava>false</escapedJava>
</record>
<record>
  <date>2022-01-25T17:15:33</date>
  <millis>1643141733796</millis>
  <sequence>372</sequence>
  <level>START</level>
  <class>com.kms.katalon.core.logging.XmlKeywordLogger</class>
  <method>startKeyword</method>
  <thread>1</thread>
  <message>Start action : setEncryptedText(findTestObject(&amp;quot;Object Repository/Page_Dataplace - SFA/Page_Dataplace - SFA/Page_Dataplace - SFA/Page_Dataplace - SFA/Page_Dataplace - SFA/Page_Dataplace - SFA/input_Senha_senha&amp;quot;), &amp;quot;jBu/h84nUum0DzfFUdyvAQ==&amp;quot;)</message>
  <nestedLevel>1</nestedLevel>
  <escapedJava>false</escapedJava>
  <property name="startLine">39</property>
  <property name="stepIndex">9</property>
</record>
<record>
  <date>2022-01-25T17:15:34</date>
  <millis>1643141734225</millis>
  <sequence>383</sequence>
  <level>PASSED</level>
  <class>com.kms.katalon.core.logging.XmlKeywordLogger</class>
  <method>logMessage</method>
  <thread>1</thread>
  <message>Text ****** has been set on object &amp;apos;Object Repository/Page_Dataplace - SFA/Page_Dataplace - SFA/Page_Dataplace - SFA/Page_Dataplace - SFA/Page_Dataplace - SFA/Page_Dataplace - SFA/input_Senha_senha&amp;apos;</message>
  <nestedLevel>1</nestedLevel>
  <escapedJava>false</escapedJava>
  <property name="testops-method-name">com.kms.katalon.core.webui.keyword.builtin.SetEncryptedTextKeyword.setEncryptedText</property>
  <property name="testops-execution-stacktrace"></property>
</record>
<record>
  <date>2022-01-25T17:15:34</date>
  <millis>1643141734226</millis>
  <sequence>384</sequence>
  <level>END</level>
  <class>com.kms.katalon.core.logging.XmlKeywordLogger</class>
  <method>endKeyword</method>
  <thread>1</thread>
  <message>End action : setEncryptedText(findTestObject(&amp;quot;Object Repository/Page_Dataplace - SFA/Page_Dataplace - SFA/Page_Dataplace - SFA/Page_Dataplace - SFA/Page_Dataplace - SFA/Page_Dataplace - SFA/input_Senha_senha&amp;quot;), &amp;quot;jBu/h84nUum0DzfFUdyvAQ==&amp;quot;)</message>
  <nestedLevel>1</nestedLevel>
  <escapedJava>false</escapedJava>
</record>
<record>
  <date>2022-01-25T17:15:34</date>
  <millis>1643141734226</millis>
  <sequence>385</sequence>
  <level>START</level>
  <class>com.kms.katalon.core.logging.XmlKeywordLogger</class>
  <method>startKeyword</method>
  <thread>1</thread>
  <message>Start action : click(findTestObject(&amp;quot;Object Repository/Page_Dataplace - SFA/Page_Dataplace - SFA/Page_Dataplace - SFA/Page_Dataplace - SFA/Page_Dataplace - SFA/Page_Dataplace - SFA/div_Login&amp;quot;))</message>
  <nestedLevel>1</nestedLevel>
  <escapedJava>false</escapedJava>
  <property name="startLine">42</property>
  <property name="stepIndex">10</property>
</record>
<record>
  <date>2022-01-25T17:15:34</date>
  <millis>1643141734719</millis>
  <sequence>395</sequence>
  <level>PASSED</level>
  <class>com.kms.katalon.core.logging.XmlKeywordLogger</class>
  <method>logMessage</method>
  <thread>1</thread>
  <message>Object: &amp;apos;Object Repository/Page_Dataplace - SFA/Page_Dataplace - SFA/Page_Dataplace - SFA/Page_Dataplace - SFA/Page_Dataplace - SFA/Page_Dataplace - SFA/div_Login&amp;apos; is clicked on</message>
  <nestedLevel>1</nestedLevel>
  <escapedJava>false</escapedJava>
  <property name="testops-method-name">com.kms.katalon.core.webui.keyword.builtin.ClickKeyword.click</property>
  <property name="testops-execution-stacktrace"></property>
</record>
<record>
  <date>2022-01-25T17:15:34</date>
  <millis>1643141734720</millis>
  <sequence>396</sequence>
  <level>END</level>
  <class>com.kms.katalon.core.logging.XmlKeywordLogger</class>
  <method>endKeyword</method>
  <thread>1</thread>
  <message>End action : click(findTestObject(&amp;quot;Object Repository/Page_Dataplace - SFA/Page_Dataplace - SFA/Page_Dataplace - SFA/Page_Dataplace - SFA/Page_Dataplace - SFA/Page_Dataplace - SFA/div_Login&amp;quot;))</message>
  <nestedLevel>1</nestedLevel>
  <escapedJava>false</escapedJava>
</record>
<record>
  <date>2022-01-25T17:15:34</date>
  <millis>1643141734720</millis>
  <sequence>397</sequence>
  <level>START</level>
  <class>com.kms.katalon.core.logging.XmlKeywordLogger</class>
  <method>startKeyword</method>
  <thread>1</thread>
  <message>Start action : click(findTestObject(&amp;quot;Object Repository/Page_Dataplace - SFA/Page_Dataplace - SFA/Page_Dataplace - SFA/Page_Dataplace - SFA/Page_Dataplace - SFA/Page_Dataplace SFA/div_1603&amp;quot;))</message>
  <nestedLevel>1</nestedLevel>
  <escapedJava>false</escapedJava>
  <property name="startLine">44</property>
  <property name="stepIndex">11</property>
</record>
<record>
  <date>2022-01-25T17:15:35</date>
  <millis>1643141735511</millis>
  <sequence>407</sequence>
  <level>PASSED</level>
  <class>com.kms.katalon.core.logging.XmlKeywordLogger</class>
  <method>logMessage</method>
  <thread>1</thread>
  <message>Object: &amp;apos;Object Repository/Page_Dataplace - SFA/Page_Dataplace - SFA/Page_Dataplace - SFA/Page_Dataplace - SFA/Page_Dataplace - SFA/Page_Dataplace SFA/div_1603&amp;apos; is clicked on</message>
  <nestedLevel>1</nestedLevel>
  <escapedJava>false</escapedJava>
  <property name="testops-method-name">com.kms.katalon.core.webui.keyword.builtin.ClickKeyword.click</property>
  <property name="testops-execution-stacktrace"></property>
</record>
<record>
  <date>2022-01-25T17:15:35</date>
  <millis>1643141735512</millis>
  <sequence>408</sequence>
  <level>END</level>
  <class>com.kms.katalon.core.logging.XmlKeywordLogger</class>
  <method>endKeyword</method>
  <thread>1</thread>
  <message>End action : click(findTestObject(&amp;quot;Object Repository/Page_Dataplace - SFA/Page_Dataplace - SFA/Page_Dataplace - SFA/Page_Dataplace - SFA/Page_Dataplace - SFA/Page_Dataplace SFA/div_1603&amp;quot;))</message>
  <nestedLevel>1</nestedLevel>
  <escapedJava>false</escapedJava>
</record>
<record>
  <date>2022-01-25T17:15:35</date>
  <millis>1643141735512</millis>
  <sequence>409</sequence>
  <level>START</level>
  <class>com.kms.katalon.core.logging.XmlKeywordLogger</class>
  <method>startKeyword</method>
  <thread>1</thread>
  <message>Start action : setText(findTestObject(&amp;quot;Object Repository/Page_Dataplace - SFA/Page_Dataplace - SFA/Page_Dataplace - SFA/Page_Dataplace - SFA/Page_Dataplace - SFA/Page_Dataplace SFA/input_Produto_typeahead-produto&amp;quot;), &amp;quot; &amp;quot;)</message>
  <nestedLevel>1</nestedLevel>
  <escapedJava>false</escapedJava>
  <property name="startLine">46</property>
  <property name="stepIndex">12</property>
</record>
<record>
  <date>2022-01-25T17:15:36</date>
  <millis>1643141736545</millis>
  <sequence>425</sequence>
  <level>PASSED</level>
  <class>com.kms.katalon.core.logging.XmlKeywordLogger</class>
  <method>logMessage</method>
  <thread>1</thread>
  <message>Text &amp;apos; &amp;apos; is set on object &amp;apos;Object Repository/Page_Dataplace - SFA/Page_Dataplace - SFA/Page_Dataplace - SFA/Page_Dataplace - SFA/Page_Dataplace - SFA/Page_Dataplace SFA/input_Produto_typeahead-produto&amp;apos;</message>
  <nestedLevel>1</nestedLevel>
  <escapedJava>false</escapedJava>
  <property name="testops-method-name">com.kms.katalon.core.webui.keyword.builtin.SetTextKeyword.setText</property>
  <property name="testops-execution-stacktrace"></property>
</record>
<record>
  <date>2022-01-25T17:15:36</date>
  <millis>1643141736546</millis>
  <sequence>426</sequence>
  <level>END</level>
  <class>com.kms.katalon.core.logging.XmlKeywordLogger</class>
  <method>endKeyword</method>
  <thread>1</thread>
  <message>End action : setText(findTestObject(&amp;quot;Object Repository/Page_Dataplace - SFA/Page_Dataplace - SFA/Page_Dataplace - SFA/Page_Dataplace - SFA/Page_Dataplace - SFA/Page_Dataplace SFA/input_Produto_typeahead-produto&amp;quot;), &amp;quot; &amp;quot;)</message>
  <nestedLevel>1</nestedLevel>
  <escapedJava>false</escapedJava>
</record>
<record>
  <date>2022-01-25T17:15:36</date>
  <millis>1643141736546</millis>
  <sequence>427</sequence>
  <level>START</level>
  <class>com.kms.katalon.core.logging.XmlKeywordLogger</class>
  <method>startKeyword</method>
  <thread>1</thread>
  <message>Start action : click(findTestObject(&amp;quot;Object Repository/Page_Dataplace - SFA/Page_Dataplace - SFA/Page_Dataplace - SFA/Page_Dataplace - SFA/Page_Dataplace - SFA/Page_Dataplace SFA/button_BOTA HOMOCINETICA CORCEL - 00100&amp;quot;))</message>
  <nestedLevel>1</nestedLevel>
  <escapedJava>false</escapedJava>
  <property name="startLine">49</property>
  <property name="stepIndex">13</property>
</record>
<record>
  <date>2022-01-25T17:15:37</date>
  <millis>1643141737333</millis>
  <sequence>438</sequence>
  <level>PASSED</level>
  <class>com.kms.katalon.core.logging.XmlKeywordLogger</class>
  <method>logMessage</method>
  <thread>1</thread>
  <message>Object: &amp;apos;Object Repository/Page_Dataplace - SFA/Page_Dataplace - SFA/Page_Dataplace - SFA/Page_Dataplace - SFA/Page_Dataplace - SFA/Page_Dataplace SFA/button_BOTA HOMOCINETICA CORCEL - 00100&amp;apos; is clicked on</message>
  <nestedLevel>1</nestedLevel>
  <escapedJava>false</escapedJava>
  <property name="testops-method-name">com.kms.katalon.core.webui.keyword.builtin.ClickKeyword.click</property>
  <property name="testops-execution-stacktrace"></property>
</record>
<record>
  <date>2022-01-25T17:15:37</date>
  <millis>1643141737334</millis>
  <sequence>439</sequence>
  <level>END</level>
  <class>com.kms.katalon.core.logging.XmlKeywordLogger</class>
  <method>endKeyword</method>
  <thread>1</thread>
  <message>End action : click(findTestObject(&amp;quot;Object Repository/Page_Dataplace - SFA/Page_Dataplace - SFA/Page_Dataplace - SFA/Page_Dataplace - SFA/Page_Dataplace - SFA/Page_Dataplace SFA/button_BOTA HOMOCINETICA CORCEL - 00100&amp;quot;))</message>
  <nestedLevel>1</nestedLevel>
  <escapedJava>false</escapedJava>
</record>
<record>
  <date>2022-01-25T17:15:37</date>
  <millis>1643141737334</millis>
  <sequence>440</sequence>
  <level>START</level>
  <class>com.kms.katalon.core.logging.XmlKeywordLogger</class>
  <method>startKeyword</method>
  <thread>1</thread>
  <message>Start action : setText(findTestObject(&amp;quot;Object Repository/Page_Dataplace - SFA/Page_Dataplace - SFA/Page_Dataplace - SFA/Page_Dataplace - SFA/Page_Dataplace - SFA/Page_Dataplace SFA/input_Produto_typeahead-produto&amp;quot;), &amp;quot; &amp;quot;)</message>
  <nestedLevel>1</nestedLevel>
  <escapedJava>false</escapedJava>
  <property name="startLine">51</property>
  <property name="stepIndex">14</property>
</record>
<record>
  <date>2022-01-25T17:15:38</date>
  <millis>1643141738268</millis>
  <sequence>456</sequence>
  <level>PASSED</level>
  <class>com.kms.katalon.core.logging.XmlKeywordLogger</class>
  <method>logMessage</method>
  <thread>1</thread>
  <message>Text &amp;apos; &amp;apos; is set on object &amp;apos;Object Repository/Page_Dataplace - SFA/Page_Dataplace - SFA/Page_Dataplace - SFA/Page_Dataplace - SFA/Page_Dataplace - SFA/Page_Dataplace SFA/input_Produto_typeahead-produto&amp;apos;</message>
  <nestedLevel>1</nestedLevel>
  <escapedJava>false</escapedJava>
  <property name="testops-method-name">com.kms.katalon.core.webui.keyword.builtin.SetTextKeyword.setText</property>
  <property name="testops-execution-stacktrace"></property>
</record>
<record>
  <date>2022-01-25T17:15:38</date>
  <millis>1643141738268</millis>
  <sequence>457</sequence>
  <level>END</level>
  <class>com.kms.katalon.core.logging.XmlKeywordLogger</class>
  <method>endKeyword</method>
  <thread>1</thread>
  <message>End action : setText(findTestObject(&amp;quot;Object Repository/Page_Dataplace - SFA/Page_Dataplace - SFA/Page_Dataplace - SFA/Page_Dataplace - SFA/Page_Dataplace - SFA/Page_Dataplace SFA/input_Produto_typeahead-produto&amp;quot;), &amp;quot; &amp;quot;)</message>
  <nestedLevel>1</nestedLevel>
  <escapedJava>false</escapedJava>
</record>
<record>
  <date>2022-01-25T17:15:38</date>
  <millis>1643141738269</millis>
  <sequence>458</sequence>
  <level>START</level>
  <class>com.kms.katalon.core.logging.XmlKeywordLogger</class>
  <method>startKeyword</method>
  <thread>1</thread>
  <message>Start action : setText(findTestObject(&amp;quot;Object Repository/Page_Dataplace - SFA/Page_Dataplace - SFA/Page_Dataplace - SFA/Page_Dataplace - SFA/Page_Dataplace - SFA/Page_Dataplace SFA/input_Quantidade_quantidade&amp;quot;), quantidade)</message>
  <nestedLevel>1</nestedLevel>
  <escapedJava>false</escapedJava>
  <property name="startLine">54</property>
  <property name="stepIndex">15</property>
</record>
<record>
  <date>2022-01-25T17:15:40</date>
  <millis>1643141740093</millis>
  <sequence>474</sequence>
  <level>PASSED</level>
  <class>com.kms.katalon.core.logging.XmlKeywordLogger</class>
  <method>logMessage</method>
  <thread>1</thread>
  <message>Text &amp;apos;2&amp;apos; is set on object &amp;apos;Object Repository/Page_Dataplace - SFA/Page_Dataplace - SFA/Page_Dataplace - SFA/Page_Dataplace - SFA/Page_Dataplace - SFA/Page_Dataplace SFA/input_Quantidade_quantidade&amp;apos;</message>
  <nestedLevel>1</nestedLevel>
  <escapedJava>false</escapedJava>
  <property name="testops-method-name">com.kms.katalon.core.webui.keyword.builtin.SetTextKeyword.setText</property>
  <property name="testops-execution-stacktrace"></property>
</record>
<record>
  <date>2022-01-25T17:15:40</date>
  <millis>1643141740093</millis>
  <sequence>475</sequence>
  <level>END</level>
  <class>com.kms.katalon.core.logging.XmlKeywordLogger</class>
  <method>endKeyword</method>
  <thread>1</thread>
  <message>End action : setText(findTestObject(&amp;quot;Object Repository/Page_Dataplace - SFA/Page_Dataplace - SFA/Page_Dataplace - SFA/Page_Dataplace - SFA/Page_Dataplace - SFA/Page_Dataplace SFA/input_Quantidade_quantidade&amp;quot;), quantidade)</message>
  <nestedLevel>1</nestedLevel>
  <escapedJava>false</escapedJava>
</record>
<record>
  <date>2022-01-25T17:15:40</date>
  <millis>1643141740093</millis>
  <sequence>476</sequence>
  <level>START</level>
  <class>com.kms.katalon.core.logging.XmlKeywordLogger</class>
  <method>startKeyword</method>
  <thread>1</thread>
  <message>Start action : setText(findTestObject(&amp;quot;Object Repository/Page_Dataplace - SFA/Page_Dataplace - SFA/Page_Dataplace - SFA/Page_Dataplace - SFA/Page_Dataplace - SFA/Page_Dataplace SFA/input_R_precoLiquido&amp;quot;), preco)</message>
  <nestedLevel>1</nestedLevel>
  <escapedJava>false</escapedJava>
  <property name="startLine">57</property>
  <property name="stepIndex">16</property>
</record>
<record>
  <date>2022-01-25T17:15:41</date>
  <millis>1643141741252</millis>
  <sequence>492</sequence>
  <level>PASSED</level>
  <class>com.kms.katalon.core.logging.XmlKeywordLogger</class>
  <method>logMessage</method>
  <thread>1</thread>
  <message>Text &amp;apos;20,00&amp;apos; is set on object &amp;apos;Object Repository/Page_Dataplace - SFA/Page_Dataplace - SFA/Page_Dataplace - SFA/Page_Dataplace - SFA/Page_Dataplace - SFA/Page_Dataplace SFA/input_R_precoLiquido&amp;apos;</message>
  <nestedLevel>1</nestedLevel>
  <escapedJava>false</escapedJava>
  <property name="testops-method-name">com.kms.katalon.core.webui.keyword.builtin.SetTextKeyword.setText</property>
  <property name="testops-execution-stacktrace"></property>
</record>
<record>
  <date>2022-01-25T17:15:41</date>
  <millis>1643141741253</millis>
  <sequence>493</sequence>
  <level>END</level>
  <class>com.kms.katalon.core.logging.XmlKeywordLogger</class>
  <method>endKeyword</method>
  <thread>1</thread>
  <message>End action : setText(findTestObject(&amp;quot;Object Repository/Page_Dataplace - SFA/Page_Dataplace - SFA/Page_Dataplace - SFA/Page_Dataplace - SFA/Page_Dataplace - SFA/Page_Dataplace SFA/input_R_precoLiquido&amp;quot;), preco)</message>
  <nestedLevel>1</nestedLevel>
  <escapedJava>false</escapedJava>
</record>
<record>
  <date>2022-01-25T17:15:41</date>
  <millis>1643141741253</millis>
  <sequence>494</sequence>
  <level>START</level>
  <class>com.kms.katalon.core.logging.XmlKeywordLogger</class>
  <method>startKeyword</method>
  <thread>1</thread>
  <message>Start action : if (verifyElementText(findTestObject(&amp;quot;Object Repository/Page_Dataplace - SFA/Page_Dataplace - SFA/Page_Dataplace - SFA/Page_Dataplace - SFA/Page_Dataplace - SFA/Page_Dataplace SFA/div_R125,00&amp;quot;), total) == true)</message>
  <nestedLevel>1</nestedLevel>
  <escapedJava>false</escapedJava>
  <property name="startLine">60</property>
  <property name="stepIndex">17</property>
</record>
<record>
  <date>2022-01-25T17:15:41</date>
  <millis>1643141741730</millis>
  <sequence>502</sequence>
  <level>PASSED</level>
  <class>com.kms.katalon.core.logging.XmlKeywordLogger</class>
  <method>logMessage</method>
  <thread>1</thread>
  <message>Actual text and expected text of test object &amp;apos;Object Repository/Page_Dataplace - SFA/Page_Dataplace - SFA/Page_Dataplace - SFA/Page_Dataplace - SFA/Page_Dataplace - SFA/Page_Dataplace SFA/div_R125,00&amp;apos; are matched.</message>
  <nestedLevel>1</nestedLevel>
  <escapedJava>false</escapedJava>
  <property name="testops-is-assertion">true</property>
  <property name="testops-method-name">com.kms.katalon.core.webui.keyword.builtin.VerifyElementTextKeyword.verifyElementText</property>
  <property name="testops-execution-stacktrace"></property>
</record>
<record>
  <date>2022-01-25T17:15:41</date>
  <millis>1643141741731</millis>
  <sequence>503</sequence>
  <level>START</level>
  <class>com.kms.katalon.core.logging.XmlKeywordLogger</class>
  <method>startKeyword</method>
  <thread>1</thread>
  <message>Start action : sleep(3000)</message>
  <nestedLevel>2</nestedLevel>
  <escapedJava>false</escapedJava>
  <property name="startLine">62</property>
  <property name="stepIndex">1</property>
</record>
<record>
  <date>2022-01-25T17:15:44</date>
  <millis>1643141744738</millis>
  <sequence>504</sequence>
  <level>END</level>
  <class>com.kms.katalon.core.logging.XmlKeywordLogger</class>
  <method>endKeyword</method>
  <thread>1</thread>
  <message>End action : sleep(3000)</message>
  <nestedLevel>2</nestedLevel>
  <escapedJava>false</escapedJava>
</record>
<record>
  <date>2022-01-25T17:15:44</date>
  <millis>1643141744738</millis>
  <sequence>505</sequence>
  <level>START</level>
  <class>com.kms.katalon.core.logging.XmlKeywordLogger</class>
  <method>startKeyword</method>
  <thread>1</thread>
  <message>Start action : click(findTestObject(&amp;quot;Object Repository/Page_Dataplace - SFA/Page_Dataplace - SFA/Page_Dataplace - SFA/Page_Dataplace - SFA/Page_Dataplace - SFA/Page_Dataplace SFA/div_Confirmar&amp;quot;))</message>
  <nestedLevel>2</nestedLevel>
  <escapedJava>false</escapedJava>
  <property name="startLine">63</property>
  <property name="stepIndex">2</property>
</record>
<record>
  <date>2022-01-25T17:15:45</date>
  <millis>1643141745143</millis>
  <sequence>515</sequence>
  <level>PASSED</level>
  <class>com.kms.katalon.core.logging.XmlKeywordLogger</class>
  <method>logMessage</method>
  <thread>1</thread>
  <message>Object: &amp;apos;Object Repository/Page_Dataplace - SFA/Page_Dataplace - SFA/Page_Dataplace - SFA/Page_Dataplace - SFA/Page_Dataplace - SFA/Page_Dataplace SFA/div_Confirmar&amp;apos; is clicked on</message>
  <nestedLevel>1</nestedLevel>
  <escapedJava>false</escapedJava>
  <property name="testops-method-name">com.kms.katalon.core.webui.keyword.builtin.ClickKeyword.click</property>
  <property name="testops-execution-stacktrace"></property>
</record>
<record>
  <date>2022-01-25T17:15:45</date>
  <millis>1643141745144</millis>
  <sequence>516</sequence>
  <level>END</level>
  <class>com.kms.katalon.core.logging.XmlKeywordLogger</class>
  <method>endKeyword</method>
  <thread>1</thread>
  <message>End action : click(findTestObject(&amp;quot;Object Repository/Page_Dataplace - SFA/Page_Dataplace - SFA/Page_Dataplace - SFA/Page_Dataplace - SFA/Page_Dataplace - SFA/Page_Dataplace SFA/div_Confirmar&amp;quot;))</message>
  <nestedLevel>2</nestedLevel>
  <escapedJava>false</escapedJava>
</record>
<record>
  <date>2022-01-25T17:15:45</date>
  <millis>1643141745144</millis>
  <sequence>517</sequence>
  <level>START</level>
  <class>com.kms.katalon.core.logging.XmlKeywordLogger</class>
  <method>startKeyword</method>
  <thread>1</thread>
  <message>Start action : out.print(&amp;quot;total correto&amp;quot;)</message>
  <nestedLevel>2</nestedLevel>
  <escapedJava>false</escapedJava>
  <property name="startLine">64</property>
  <property name="stepIndex">3</property>
</record>
<record>
  <date>2022-01-25T17:15:45</date>
  <millis>1643141745145</millis>
  <sequence>518</sequence>
  <level>END</level>
  <class>com.kms.katalon.core.logging.XmlKeywordLogger</class>
  <method>endKeyword</method>
  <thread>1</thread>
  <message>End action : out.print(&amp;quot;total correto&amp;quot;)</message>
  <nestedLevel>2</nestedLevel>
  <escapedJava>false</escapedJava>
</record>
<record>
  <date>2022-01-25T17:15:45</date>
  <millis>1643141745145</millis>
  <sequence>519</sequence>
  <level>END</level>
  <class>com.kms.katalon.core.logging.XmlKeywordLogger</class>
  <method>endKeyword</method>
  <thread>1</thread>
  <message>End action : if (verifyElementText(findTestObject(&amp;quot;Object Repository/Page_Dataplace - SFA/Page_Dataplace - SFA/Page_Dataplace - SFA/Page_Dataplace - SFA/Page_Dataplace - SFA/Page_Dataplace SFA/div_R125,00&amp;quot;), total) == true)</message>
  <nestedLevel>1</nestedLevel>
  <escapedJava>false</escapedJava>
</record>
<record>
  <date>2022-01-25T17:15:45</date>
  <millis>1643141745145</millis>
  <sequence>520</sequence>
  <level>PASSED</level>
  <class>com.kms.katalon.core.logging.XmlKeywordLogger</class>
  <method>logMessage</method>
  <thread>1</thread>
  <message>Test Cases/New Test Case</message>
  <nestedLevel>1</nestedLevel>
  <escapedJava>false</escapedJava>
</record>
<record>
  <date>2022-01-25T17:15:45</date>
  <millis>1643141745146</millis>
  <sequence>521</sequence>
  <level>END</level>
  <class>com.kms.katalon.core.logging.XmlKeywordLogger</class>
  <method>endTest</method>
  <thread>1</thread>
  <message>End Test Case : Test Cases/New Test Case</message>
  <nestedLevel>0</nestedLevel>
  <escapedJava>false</escapedJava>
  <property name="executionBindingVariables">[
  {
    &quot;displayReportName&quot;: &quot;quantidade&quot;,
    &quot;value&quot;: &quot;2&quot;,
    &quot;name&quot;: &quot;quantidade&quot;,
    &quot;masked&quot;: false
  },
  {
    &quot;displayReportName&quot;: &quot;preco&quot;,
    &quot;value&quot;: &quot;20,00&quot;,
    &quot;name&quot;: &quot;preco&quot;,
    &quot;masked&quot;: false
  },
  {
    &quot;displayReportName&quot;: &quot;total&quot;,
    &quot;value&quot;: &quot;R$ 40,00&quot;,
    &quot;name&quot;: &quot;total&quot;,
    &quot;masked&quot;: false
  }
]</property>
  <property name="keywordsUsage">{
  &quot;web_ui&quot;: true,
  &quot;web_service&quot;: false,
  &quot;cucumber&quot;: false,
  &quot;builtin&quot;: false,
  &quot;mobile&quot;: false,
  &quot;windows&quot;: false,
  &quot;testng&quot;: false
}</property>
</record>
<record>
  <date>2022-01-25T17:15:45</date>
  <millis>1643141745147</millis>
  <sequence>522</sequence>
  <level>START</level>
  <class>com.kms.katalon.core.logging.XmlKeywordLogger</class>
  <method>startKeyword</method>
  <thread>1</thread>
  <message>Start listener action : exportKatalonReports</message>
  <nestedLevel>0</nestedLevel>
  <escapedJava>false</escapedJava>
</record>
<record>
  <date>2022-01-25T17:15:45</date>
  <millis>1643141745519</millis>
  <sequence>822</sequence>
  <level>INFO</level>
  <class>com.kms.katalon.core.logging.XmlKeywordLogger</class>
  <method>logMessage</method>
  <thread>1</thread>
  <message>Start generating HTML report folder at: C:\Users\Administrator\git\Site-SFA\Reports\20220125_171505\calcula pedido\20220125_171505...</message>
  <nestedLevel>0</nestedLevel>
  <escapedJava>false</escapedJava>
</record>
<record>
  <date>2022-01-25T17:15:45</date>
  <millis>1643141745613</millis>
  <sequence>823</sequence>
  <level>INFO</level>
  <class>com.kms.katalon.core.logging.XmlKeywordLogger</class>
  <method>logMessage</method>
  <thread>1</thread>
  <message>HTML report generated</message>
  <nestedLevel>0</nestedLevel>
  <escapedJava>false</escapedJava>
</record>
<record>
  <date>2022-01-25T17:15:45</date>
  <millis>1643141745614</millis>
  <sequence>824</sequence>
  <level>INFO</level>
  <class>com.kms.katalon.core.logging.XmlKeywordLogger</class>
  <method>logMessage</method>
  <thread>1</thread>
  <message>Start generating CSV report folder at: C:\Users\Administrator\git\Site-SFA\Reports\20220125_171505\calcula pedido\20220125_171505...</message>
  <nestedLevel>0</nestedLevel>
  <escapedJava>false</escapedJava>
</record>
<record>
  <date>2022-01-25T17:15:45</date>
  <millis>1643141745636</millis>
  <sequence>825</sequence>
  <level>INFO</level>
  <class>com.kms.katalon.core.logging.XmlKeywordLogger</class>
  <method>logMessage</method>
  <thread>1</thread>
  <message>CSV report generated</message>
  <nestedLevel>0</nestedLevel>
  <escapedJava>false</escapedJava>
</record>
<record>
  <date>2022-01-25T17:15:45</date>
  <millis>1643141745653</millis>
  <sequence>827</sequence>
  <level>END</level>
  <class>com.kms.katalon.core.logging.XmlKeywordLogger</class>
  <method>endKeyword</method>
  <thread>1</thread>
  <message>End listener action : exportKatalonReports</message>
  <nestedLevel>0</nestedLevel>
  <escapedJava>false</escapedJava>
</record>
<record>
  <date>2022-01-25T17:15:46</date>
  <millis>1643141746420</millis>
  <sequence>828</sequence>
  <level>END</level>
  <class>com.kms.katalon.core.logging.XmlKeywordLogger</class>
  <method>endSuite</method>
  <thread>1</thread>
  <message>End Test Suite : Test Suites/calcula pedido</message>
  <nestedLevel>0</nestedLevel>
  <escapedJava>false</escapedJava>
</record>
</log>
