<?xml version="1.0" encoding="UTF-8" standalone="no"?>
<!DOCTYPE log SYSTEM "logger.dtd">
<log>
<record>
  <date>2022-02-03T10:09:25</date>
  <millis>1643893765588</millis>
  <sequence>0</sequence>
  <level>START</level>
  <class>com.kms.katalon.core.logging.XmlKeywordLogger</class>
  <method>startSuite</method>
  <thread>1</thread>
  <message>Start Test Suite : Test Suites/cpf</message>
  <nestedLevel>0</nestedLevel>
  <escapedJava>false</escapedJava>
  <property name="rerunTestFailImmediately">false</property>
  <property name="retryCount">0</property>
  <property name="name">cpf</property>
  <property name="description"></property>
  <property name="id">Test Suites/cpf</property>
</record>
<record>
  <date>2022-02-03T10:09:25</date>
  <millis>1643893765607</millis>
  <sequence>1</sequence>
  <level>RUN_DATA</level>
  <class>com.kms.katalon.core.logging.XmlKeywordLogger</class>
  <method>logMessage</method>
  <thread>1</thread>
  <message>hostName = Administrator - 172.16.2.74</message>
  <nestedLevel>0</nestedLevel>
  <escapedJava>false</escapedJava>
  <property name="hostName">Administrator - 172.16.2.74</property>
</record>
<record>
  <date>2022-02-03T10:09:25</date>
  <millis>1643893765608</millis>
  <sequence>2</sequence>
  <level>RUN_DATA</level>
  <class>com.kms.katalon.core.logging.XmlKeywordLogger</class>
  <method>logMessage</method>
  <thread>1</thread>
  <message>os = Windows 10 64bit</message>
  <nestedLevel>0</nestedLevel>
  <escapedJava>false</escapedJava>
  <property name="os">Windows 10 64bit</property>
</record>
<record>
  <date>2022-02-03T10:09:25</date>
  <millis>1643893765608</millis>
  <sequence>3</sequence>
  <level>RUN_DATA</level>
  <class>com.kms.katalon.core.logging.XmlKeywordLogger</class>
  <method>logMessage</method>
  <thread>1</thread>
  <message>hostAddress = 172.16.2.74</message>
  <nestedLevel>0</nestedLevel>
  <escapedJava>false</escapedJava>
  <property name="hostAddress">172.16.2.74</property>
</record>
<record>
  <date>2022-02-03T10:09:25</date>
  <millis>1643893765608</millis>
  <sequence>4</sequence>
  <level>RUN_DATA</level>
  <class>com.kms.katalon.core.logging.XmlKeywordLogger</class>
  <method>logMessage</method>
  <thread>1</thread>
  <message>katalonVersion = 8.2.5.208</message>
  <nestedLevel>0</nestedLevel>
  <escapedJava>false</escapedJava>
  <property name="katalonVersion">8.2.5.208</property>
</record>
<record>
  <date>2022-02-03T10:09:26</date>
  <millis>1643893766033</millis>
  <sequence>5</sequence>
  <level>START</level>
  <class>com.kms.katalon.core.logging.XmlKeywordLogger</class>
  <method>startTest</method>
  <thread>1</thread>
  <message>Start Test Case : Test Cases/TC26- Validacao cpf cliente</message>
  <nestedLevel>1</nestedLevel>
  <escapedJava>false</escapedJava>
  <property name="name">Test Cases/TC26- Validacao cpf cliente</property>
  <property name="description"></property>
  <property name="id">Test Cases/TC26- Validacao cpf cliente</property>
  <property name="source">C:\Users\Administrator\git\Site-SFA\Test Cases\TC26- Validacao cpf cliente.tc</property>
  <property name="tag"></property>
  <property name="isOptional">false</property>
</record>
<record>
  <date>2022-02-03T10:09:26</date>
  <millis>1643893766064</millis>
  <sequence>7</sequence>
  <level>INFO</level>
  <class>com.kms.katalon.core.logging.XmlKeywordLogger</class>
  <method>logMessage</method>
  <thread>1</thread>
  <message>cpf = 1</message>
  <nestedLevel>1</nestedLevel>
  <escapedJava>false</escapedJava>
</record>
<record>
  <date>2022-02-03T10:09:26</date>
  <millis>1643893766576</millis>
  <sequence>8</sequence>
  <level>START</level>
  <class>com.kms.katalon.core.logging.XmlKeywordLogger</class>
  <method>startKeyword</method>
  <thread>1</thread>
  <message>Start action : openBrowser(&amp;quot;&amp;quot;)</message>
  <nestedLevel>1</nestedLevel>
  <escapedJava>false</escapedJava>
  <property name="startLine">21</property>
  <property name="stepIndex">1</property>
</record>
<record>
  <date>2022-02-03T10:09:26</date>
  <millis>1643893766947</millis>
  <sequence>10</sequence>
  <level>INFO</level>
  <class>com.kms.katalon.core.logging.XmlKeywordLogger</class>
  <method>logMessage</method>
  <thread>1</thread>
  <message>Starting &amp;apos;Chrome&amp;apos; driver</message>
  <nestedLevel>1</nestedLevel>
  <escapedJava>false</escapedJava>
</record>
<record>
  <date>2022-02-03T10:09:27</date>
  <millis>1643893767000</millis>
  <sequence>12</sequence>
  <level>INFO</level>
  <class>com.kms.katalon.core.logging.XmlKeywordLogger</class>
  <method>logMessage</method>
  <thread>1</thread>
  <message>Action delay is set to 0 milliseconds</message>
  <nestedLevel>1</nestedLevel>
  <escapedJava>false</escapedJava>
</record>
<record>
  <date>2022-02-03T10:09:28</date>
  <millis>1643893768927</millis>
  <sequence>14</sequence>
  <level>RUN_DATA</level>
  <class>com.kms.katalon.core.logging.XmlKeywordLogger</class>
  <method>logMessage</method>
  <thread>1</thread>
  <message>sessionId = 496729d0ec95b8a122da3e9cbe1aaad6</message>
  <nestedLevel>1</nestedLevel>
  <escapedJava>false</escapedJava>
  <property name="sessionId">496729d0ec95b8a122da3e9cbe1aaad6</property>
</record>
<record>
  <date>2022-02-03T10:09:28</date>
  <millis>1643893768947</millis>
  <sequence>15</sequence>
  <level>RUN_DATA</level>
  <class>com.kms.katalon.core.logging.XmlKeywordLogger</class>
  <method>logMessage</method>
  <thread>1</thread>
  <message>browser = Chrome 97.0.4692.99</message>
  <nestedLevel>1</nestedLevel>
  <escapedJava>false</escapedJava>
  <property name="browser">Chrome 97.0.4692.99</property>
</record>
<record>
  <date>2022-02-03T10:09:28</date>
  <millis>1643893768947</millis>
  <sequence>16</sequence>
  <level>RUN_DATA</level>
  <class>com.kms.katalon.core.logging.XmlKeywordLogger</class>
  <method>logMessage</method>
  <thread>1</thread>
  <message>platform = Windows 10</message>
  <nestedLevel>1</nestedLevel>
  <escapedJava>false</escapedJava>
  <property name="platform">Windows 10</property>
</record>
<record>
  <date>2022-02-03T10:09:28</date>
  <millis>1643893768947</millis>
  <sequence>17</sequence>
  <level>RUN_DATA</level>
  <class>com.kms.katalon.core.logging.XmlKeywordLogger</class>
  <method>logMessage</method>
  <thread>1</thread>
  <message>seleniumVersion = 3.141.59</message>
  <nestedLevel>1</nestedLevel>
  <escapedJava>false</escapedJava>
  <property name="seleniumVersion">3.141.59</property>
</record>
<record>
  <date>2022-02-03T10:09:28</date>
  <millis>1643893768948</millis>
  <sequence>18</sequence>
  <level>RUN_DATA</level>
  <class>com.kms.katalon.core.logging.XmlKeywordLogger</class>
  <method>logMessage</method>
  <thread>1</thread>
  <message>proxyInformation = ProxyInformation { proxyOption=NO_PROXY, proxyServerType=HTTP, username=, password=********, proxyServerAddress=, proxyServerPort=0, executionList=&amp;quot;&amp;quot;, isApplyToDesiredCapabilities=true }</message>
  <nestedLevel>1</nestedLevel>
  <escapedJava>false</escapedJava>
  <property name="proxyInformation">ProxyInformation { proxyOption=NO_PROXY, proxyServerType=HTTP, username=, password=********, proxyServerAddress=, proxyServerPort=0, executionList=&quot;&quot;, isApplyToDesiredCapabilities=true }</property>
</record>
<record>
  <date>2022-02-03T10:09:28</date>
  <millis>1643893768977</millis>
  <sequence>19</sequence>
  <level>PASSED</level>
  <class>com.kms.katalon.core.logging.XmlKeywordLogger</class>
  <method>logMessage</method>
  <thread>1</thread>
  <message>Browser is opened with url: &amp;apos;&amp;apos;</message>
  <nestedLevel>1</nestedLevel>
  <escapedJava>false</escapedJava>
  <property name="testops-method-name">com.kms.katalon.core.webui.keyword.builtin.OpenBrowserKeyword.openBrowser</property>
  <property name="testops-execution-stacktrace"></property>
</record>
<record>
  <date>2022-02-03T10:09:28</date>
  <millis>1643893768978</millis>
  <sequence>20</sequence>
  <level>END</level>
  <class>com.kms.katalon.core.logging.XmlKeywordLogger</class>
  <method>endKeyword</method>
  <thread>1</thread>
  <message>End action : openBrowser(&amp;quot;&amp;quot;)</message>
  <nestedLevel>1</nestedLevel>
  <escapedJava>false</escapedJava>
</record>
<record>
  <date>2022-02-03T10:09:28</date>
  <millis>1643893768978</millis>
  <sequence>21</sequence>
  <level>START</level>
  <class>com.kms.katalon.core.logging.XmlKeywordLogger</class>
  <method>startKeyword</method>
  <thread>1</thread>
  <message>Start action : navigateToUrl(&amp;quot;http://172.16.1.21:7802/pt/account/login?returnUrl=%2Fpedidos&amp;quot;)</message>
  <nestedLevel>1</nestedLevel>
  <escapedJava>false</escapedJava>
  <property name="startLine">23</property>
  <property name="stepIndex">2</property>
</record>
<record>
  <date>2022-02-03T10:09:30</date>
  <millis>1643893770057</millis>
  <sequence>24</sequence>
  <level>PASSED</level>
  <class>com.kms.katalon.core.logging.XmlKeywordLogger</class>
  <method>logMessage</method>
  <thread>1</thread>
  <message>Navigate to &amp;apos;http://172.16.1.21:7802/pt/account/login?returnUrl=%2Fpedidos&amp;apos; successfully</message>
  <nestedLevel>1</nestedLevel>
  <escapedJava>false</escapedJava>
  <property name="testops-method-name">com.kms.katalon.core.webui.keyword.builtin.NavigateToUrlKeyword.navigateToUrl</property>
  <property name="testops-execution-stacktrace"></property>
</record>
<record>
  <date>2022-02-03T10:09:30</date>
  <millis>1643893770058</millis>
  <sequence>25</sequence>
  <level>END</level>
  <class>com.kms.katalon.core.logging.XmlKeywordLogger</class>
  <method>endKeyword</method>
  <thread>1</thread>
  <message>End action : navigateToUrl(&amp;quot;http://172.16.1.21:7802/pt/account/login?returnUrl=%2Fpedidos&amp;quot;)</message>
  <nestedLevel>1</nestedLevel>
  <escapedJava>false</escapedJava>
</record>
<record>
  <date>2022-02-03T10:09:30</date>
  <millis>1643893770058</millis>
  <sequence>26</sequence>
  <level>START</level>
  <class>com.kms.katalon.core.logging.XmlKeywordLogger</class>
  <method>startKeyword</method>
  <thread>1</thread>
  <message>Start action : setText(findTestObject(&amp;quot;Object Repository/Page_Dataplace - SFA/Page_Dataplace - SFA/Page_Dataplace - SFA/Page_Dataplace SFA/Page_Dataplace - SFA/Page_Dataplace SFA/Page_Dataplace - SFA/input_Nome de usurio ou endereo de email_email&amp;quot;), &amp;quot;mayara.moraes@dataplace.com.br&amp;quot;)</message>
  <nestedLevel>1</nestedLevel>
  <escapedJava>false</escapedJava>
  <property name="startLine">25</property>
  <property name="stepIndex">3</property>
</record>
<record>
  <date>2022-02-03T10:09:30</date>
  <millis>1643893770967</millis>
  <sequence>42</sequence>
  <level>PASSED</level>
  <class>com.kms.katalon.core.logging.XmlKeywordLogger</class>
  <method>logMessage</method>
  <thread>1</thread>
  <message>Text &amp;apos;mayara.moraes@dataplace.com.br&amp;apos; is set on object &amp;apos;Object Repository/Page_Dataplace - SFA/Page_Dataplace - SFA/Page_Dataplace - SFA/Page_Dataplace SFA/Page_Dataplace - SFA/Page_Dataplace SFA/Page_Dataplace - SFA/input_Nome de usurio ou endereo de email_email&amp;apos;</message>
  <nestedLevel>1</nestedLevel>
  <escapedJava>false</escapedJava>
  <property name="testops-method-name">com.kms.katalon.core.webui.keyword.builtin.SetTextKeyword.setText</property>
  <property name="testops-execution-stacktrace"></property>
</record>
<record>
  <date>2022-02-03T10:09:30</date>
  <millis>1643893770968</millis>
  <sequence>43</sequence>
  <level>END</level>
  <class>com.kms.katalon.core.logging.XmlKeywordLogger</class>
  <method>endKeyword</method>
  <thread>1</thread>
  <message>End action : setText(findTestObject(&amp;quot;Object Repository/Page_Dataplace - SFA/Page_Dataplace - SFA/Page_Dataplace - SFA/Page_Dataplace SFA/Page_Dataplace - SFA/Page_Dataplace SFA/Page_Dataplace - SFA/input_Nome de usurio ou endereo de email_email&amp;quot;), &amp;quot;mayara.moraes@dataplace.com.br&amp;quot;)</message>
  <nestedLevel>1</nestedLevel>
  <escapedJava>false</escapedJava>
</record>
<record>
  <date>2022-02-03T10:09:30</date>
  <millis>1643893770968</millis>
  <sequence>44</sequence>
  <level>START</level>
  <class>com.kms.katalon.core.logging.XmlKeywordLogger</class>
  <method>startKeyword</method>
  <thread>1</thread>
  <message>Start action : setEncryptedText(findTestObject(&amp;quot;Object Repository/Page_Dataplace - SFA/Page_Dataplace - SFA/Page_Dataplace - SFA/Page_Dataplace SFA/Page_Dataplace - SFA/Page_Dataplace SFA/Page_Dataplace - SFA/input_Senha_senha&amp;quot;), &amp;quot;jBu/h84nUum0DzfFUdyvAQ==&amp;quot;)</message>
  <nestedLevel>1</nestedLevel>
  <escapedJava>false</escapedJava>
  <property name="startLine">28</property>
  <property name="stepIndex">4</property>
</record>
<record>
  <date>2022-02-03T10:09:31</date>
  <millis>1643893771493</millis>
  <sequence>55</sequence>
  <level>PASSED</level>
  <class>com.kms.katalon.core.logging.XmlKeywordLogger</class>
  <method>logMessage</method>
  <thread>1</thread>
  <message>Text ****** has been set on object &amp;apos;Object Repository/Page_Dataplace - SFA/Page_Dataplace - SFA/Page_Dataplace - SFA/Page_Dataplace SFA/Page_Dataplace - SFA/Page_Dataplace SFA/Page_Dataplace - SFA/input_Senha_senha&amp;apos;</message>
  <nestedLevel>1</nestedLevel>
  <escapedJava>false</escapedJava>
  <property name="testops-method-name">com.kms.katalon.core.webui.keyword.builtin.SetEncryptedTextKeyword.setEncryptedText</property>
  <property name="testops-execution-stacktrace"></property>
</record>
<record>
  <date>2022-02-03T10:09:31</date>
  <millis>1643893771494</millis>
  <sequence>56</sequence>
  <level>END</level>
  <class>com.kms.katalon.core.logging.XmlKeywordLogger</class>
  <method>endKeyword</method>
  <thread>1</thread>
  <message>End action : setEncryptedText(findTestObject(&amp;quot;Object Repository/Page_Dataplace - SFA/Page_Dataplace - SFA/Page_Dataplace - SFA/Page_Dataplace SFA/Page_Dataplace - SFA/Page_Dataplace SFA/Page_Dataplace - SFA/input_Senha_senha&amp;quot;), &amp;quot;jBu/h84nUum0DzfFUdyvAQ==&amp;quot;)</message>
  <nestedLevel>1</nestedLevel>
  <escapedJava>false</escapedJava>
</record>
<record>
  <date>2022-02-03T10:09:31</date>
  <millis>1643893771494</millis>
  <sequence>57</sequence>
  <level>START</level>
  <class>com.kms.katalon.core.logging.XmlKeywordLogger</class>
  <method>startKeyword</method>
  <thread>1</thread>
  <message>Start action : click(findTestObject(&amp;quot;Object Repository/Page_Dataplace - SFA/Page_Dataplace - SFA/Page_Dataplace - SFA/Page_Dataplace SFA/Page_Dataplace - SFA/Page_Dataplace SFA/Page_Dataplace - SFA/button_Login&amp;quot;))</message>
  <nestedLevel>1</nestedLevel>
  <escapedJava>false</escapedJava>
  <property name="startLine">31</property>
  <property name="stepIndex">5</property>
</record>
<record>
  <date>2022-02-03T10:09:32</date>
  <millis>1643893772037</millis>
  <sequence>67</sequence>
  <level>PASSED</level>
  <class>com.kms.katalon.core.logging.XmlKeywordLogger</class>
  <method>logMessage</method>
  <thread>1</thread>
  <message>Object: &amp;apos;Object Repository/Page_Dataplace - SFA/Page_Dataplace - SFA/Page_Dataplace - SFA/Page_Dataplace SFA/Page_Dataplace - SFA/Page_Dataplace SFA/Page_Dataplace - SFA/button_Login&amp;apos; is clicked on</message>
  <nestedLevel>1</nestedLevel>
  <escapedJava>false</escapedJava>
  <property name="testops-method-name">com.kms.katalon.core.webui.keyword.builtin.ClickKeyword.click</property>
  <property name="testops-execution-stacktrace"></property>
</record>
<record>
  <date>2022-02-03T10:09:32</date>
  <millis>1643893772038</millis>
  <sequence>68</sequence>
  <level>END</level>
  <class>com.kms.katalon.core.logging.XmlKeywordLogger</class>
  <method>endKeyword</method>
  <thread>1</thread>
  <message>End action : click(findTestObject(&amp;quot;Object Repository/Page_Dataplace - SFA/Page_Dataplace - SFA/Page_Dataplace - SFA/Page_Dataplace SFA/Page_Dataplace - SFA/Page_Dataplace SFA/Page_Dataplace - SFA/button_Login&amp;quot;))</message>
  <nestedLevel>1</nestedLevel>
  <escapedJava>false</escapedJava>
</record>
<record>
  <date>2022-02-03T10:09:32</date>
  <millis>1643893772039</millis>
  <sequence>69</sequence>
  <level>START</level>
  <class>com.kms.katalon.core.logging.XmlKeywordLogger</class>
  <method>startKeyword</method>
  <thread>1</thread>
  <message>Start action : click(findTestObject(&amp;quot;Object Repository/Page_Dataplace - SFA/Page_Dataplace - SFA/Page_Dataplace - SFA/Page_Dataplace SFA/Page_Dataplace - SFA/Page_Dataplace SFA/Page_Dataplace SFA/div_Clientes&amp;quot;))</message>
  <nestedLevel>1</nestedLevel>
  <escapedJava>false</escapedJava>
  <property name="startLine">33</property>
  <property name="stepIndex">6</property>
</record>
<record>
  <date>2022-02-03T10:09:32</date>
  <millis>1643893772804</millis>
  <sequence>79</sequence>
  <level>PASSED</level>
  <class>com.kms.katalon.core.logging.XmlKeywordLogger</class>
  <method>logMessage</method>
  <thread>1</thread>
  <message>Object: &amp;apos;Object Repository/Page_Dataplace - SFA/Page_Dataplace - SFA/Page_Dataplace - SFA/Page_Dataplace SFA/Page_Dataplace - SFA/Page_Dataplace SFA/Page_Dataplace SFA/div_Clientes&amp;apos; is clicked on</message>
  <nestedLevel>1</nestedLevel>
  <escapedJava>false</escapedJava>
  <property name="testops-method-name">com.kms.katalon.core.webui.keyword.builtin.ClickKeyword.click</property>
  <property name="testops-execution-stacktrace"></property>
</record>
<record>
  <date>2022-02-03T10:09:32</date>
  <millis>1643893772805</millis>
  <sequence>80</sequence>
  <level>END</level>
  <class>com.kms.katalon.core.logging.XmlKeywordLogger</class>
  <method>endKeyword</method>
  <thread>1</thread>
  <message>End action : click(findTestObject(&amp;quot;Object Repository/Page_Dataplace - SFA/Page_Dataplace - SFA/Page_Dataplace - SFA/Page_Dataplace SFA/Page_Dataplace - SFA/Page_Dataplace SFA/Page_Dataplace SFA/div_Clientes&amp;quot;))</message>
  <nestedLevel>1</nestedLevel>
  <escapedJava>false</escapedJava>
</record>
<record>
  <date>2022-02-03T10:09:32</date>
  <millis>1643893772805</millis>
  <sequence>81</sequence>
  <level>START</level>
  <class>com.kms.katalon.core.logging.XmlKeywordLogger</class>
  <method>startKeyword</method>
  <thread>1</thread>
  <message>Start action : click(findTestObject(&amp;quot;Object Repository/Page_Dataplace - SFA/Page_Dataplace - SFA/Page_Dataplace - SFA/Page_Dataplace SFA/Page_Dataplace - SFA/Page_Dataplace SFA/Page_Dataplace SFA/button_Cadastrar cliente_btn btn-secondary btn-sm&amp;quot;))</message>
  <nestedLevel>1</nestedLevel>
  <escapedJava>false</escapedJava>
  <property name="startLine">35</property>
  <property name="stepIndex">7</property>
</record>
<record>
  <date>2022-02-03T10:09:33</date>
  <millis>1643893773418</millis>
  <sequence>91</sequence>
  <level>PASSED</level>
  <class>com.kms.katalon.core.logging.XmlKeywordLogger</class>
  <method>logMessage</method>
  <thread>1</thread>
  <message>Object: &amp;apos;Object Repository/Page_Dataplace - SFA/Page_Dataplace - SFA/Page_Dataplace - SFA/Page_Dataplace SFA/Page_Dataplace - SFA/Page_Dataplace SFA/Page_Dataplace SFA/button_Cadastrar cliente_btn btn-secondary btn-sm&amp;apos; is clicked on</message>
  <nestedLevel>1</nestedLevel>
  <escapedJava>false</escapedJava>
  <property name="testops-method-name">com.kms.katalon.core.webui.keyword.builtin.ClickKeyword.click</property>
  <property name="testops-execution-stacktrace"></property>
</record>
<record>
  <date>2022-02-03T10:09:33</date>
  <millis>1643893773419</millis>
  <sequence>92</sequence>
  <level>END</level>
  <class>com.kms.katalon.core.logging.XmlKeywordLogger</class>
  <method>endKeyword</method>
  <thread>1</thread>
  <message>End action : click(findTestObject(&amp;quot;Object Repository/Page_Dataplace - SFA/Page_Dataplace - SFA/Page_Dataplace - SFA/Page_Dataplace SFA/Page_Dataplace - SFA/Page_Dataplace SFA/Page_Dataplace SFA/button_Cadastrar cliente_btn btn-secondary btn-sm&amp;quot;))</message>
  <nestedLevel>1</nestedLevel>
  <escapedJava>false</escapedJava>
</record>
<record>
  <date>2022-02-03T10:09:33</date>
  <millis>1643893773420</millis>
  <sequence>93</sequence>
  <level>START</level>
  <class>com.kms.katalon.core.logging.XmlKeywordLogger</class>
  <method>startKeyword</method>
  <thread>1</thread>
  <message>Start action : click(findTestObject(&amp;quot;Object Repository/Page_Dataplace - SFA/Page_Dataplace - SFA/Page_Dataplace - SFA/Page_Dataplace SFA/Page_Dataplace - SFA/Page_Dataplace SFA/Page_Dataplace SFA/a_Andreia e Hadassa Locaes de Automveis Ltda&amp;quot;))</message>
  <nestedLevel>1</nestedLevel>
  <escapedJava>false</escapedJava>
  <property name="startLine">37</property>
  <property name="stepIndex">8</property>
</record>
<record>
  <date>2022-02-03T10:09:34</date>
  <millis>1643893774042</millis>
  <sequence>103</sequence>
  <level>PASSED</level>
  <class>com.kms.katalon.core.logging.XmlKeywordLogger</class>
  <method>logMessage</method>
  <thread>1</thread>
  <message>Object: &amp;apos;Object Repository/Page_Dataplace - SFA/Page_Dataplace - SFA/Page_Dataplace - SFA/Page_Dataplace SFA/Page_Dataplace - SFA/Page_Dataplace SFA/Page_Dataplace SFA/a_Andreia e Hadassa Locaes de Automveis Ltda&amp;apos; is clicked on</message>
  <nestedLevel>1</nestedLevel>
  <escapedJava>false</escapedJava>
  <property name="testops-method-name">com.kms.katalon.core.webui.keyword.builtin.ClickKeyword.click</property>
  <property name="testops-execution-stacktrace"></property>
</record>
<record>
  <date>2022-02-03T10:09:34</date>
  <millis>1643893774043</millis>
  <sequence>104</sequence>
  <level>END</level>
  <class>com.kms.katalon.core.logging.XmlKeywordLogger</class>
  <method>endKeyword</method>
  <thread>1</thread>
  <message>End action : click(findTestObject(&amp;quot;Object Repository/Page_Dataplace - SFA/Page_Dataplace - SFA/Page_Dataplace - SFA/Page_Dataplace SFA/Page_Dataplace - SFA/Page_Dataplace SFA/Page_Dataplace SFA/a_Andreia e Hadassa Locaes de Automveis Ltda&amp;quot;))</message>
  <nestedLevel>1</nestedLevel>
  <escapedJava>false</escapedJava>
</record>
<record>
  <date>2022-02-03T10:09:34</date>
  <millis>1643893774043</millis>
  <sequence>105</sequence>
  <level>START</level>
  <class>com.kms.katalon.core.logging.XmlKeywordLogger</class>
  <method>startKeyword</method>
  <thread>1</thread>
  <message>Start action : click(findTestObject(&amp;quot;Object Repository/Page_Dataplace - SFA/Page_Dataplace - SFA/Page_Dataplace - SFA/Page_Dataplace SFA/Page_Dataplace - SFA/Page_Dataplace SFA/Page_Dataplace SFA/div_Editar&amp;quot;))</message>
  <nestedLevel>1</nestedLevel>
  <escapedJava>false</escapedJava>
  <property name="startLine">39</property>
  <property name="stepIndex">9</property>
</record>
<record>
  <date>2022-02-03T10:09:34</date>
  <millis>1643893774693</millis>
  <sequence>115</sequence>
  <level>PASSED</level>
  <class>com.kms.katalon.core.logging.XmlKeywordLogger</class>
  <method>logMessage</method>
  <thread>1</thread>
  <message>Object: &amp;apos;Object Repository/Page_Dataplace - SFA/Page_Dataplace - SFA/Page_Dataplace - SFA/Page_Dataplace SFA/Page_Dataplace - SFA/Page_Dataplace SFA/Page_Dataplace SFA/div_Editar&amp;apos; is clicked on</message>
  <nestedLevel>1</nestedLevel>
  <escapedJava>false</escapedJava>
  <property name="testops-method-name">com.kms.katalon.core.webui.keyword.builtin.ClickKeyword.click</property>
  <property name="testops-execution-stacktrace"></property>
</record>
<record>
  <date>2022-02-03T10:09:34</date>
  <millis>1643893774693</millis>
  <sequence>116</sequence>
  <level>END</level>
  <class>com.kms.katalon.core.logging.XmlKeywordLogger</class>
  <method>endKeyword</method>
  <thread>1</thread>
  <message>End action : click(findTestObject(&amp;quot;Object Repository/Page_Dataplace - SFA/Page_Dataplace - SFA/Page_Dataplace - SFA/Page_Dataplace SFA/Page_Dataplace - SFA/Page_Dataplace SFA/Page_Dataplace SFA/div_Editar&amp;quot;))</message>
  <nestedLevel>1</nestedLevel>
  <escapedJava>false</escapedJava>
</record>
<record>
  <date>2022-02-03T10:09:34</date>
  <millis>1643893774694</millis>
  <sequence>117</sequence>
  <level>START</level>
  <class>com.kms.katalon.core.logging.XmlKeywordLogger</class>
  <method>startKeyword</method>
  <thread>1</thread>
  <message>Start action : selectOptionByValue(findTestObject(&amp;quot;Object Repository/Page_Dataplace - SFA/Page_Dataplace - SFA/Page_Dataplace - SFA/Page_Dataplace SFA/Page_Dataplace - SFA/Page_Dataplace SFA/Page_Dataplace SFA/select_Fsica Jurdica&amp;quot;), &amp;quot;2&amp;quot;, true)</message>
  <nestedLevel>1</nestedLevel>
  <escapedJava>false</escapedJava>
  <property name="startLine">41</property>
  <property name="stepIndex">10</property>
</record>
<record>
  <date>2022-02-03T10:09:35</date>
  <millis>1643893775925</millis>
  <sequence>130</sequence>
  <level>PASSED</level>
  <class>com.kms.katalon.core.logging.XmlKeywordLogger</class>
  <method>logMessage</method>
  <thread>1</thread>
  <message>All options with value &amp;apos;2&amp;apos; are selected in object &amp;apos;Object Repository/Page_Dataplace - SFA/Page_Dataplace - SFA/Page_Dataplace - SFA/Page_Dataplace SFA/Page_Dataplace - SFA/Page_Dataplace SFA/Page_Dataplace SFA/select_Fsica Jurdica&amp;apos;  using regular expression</message>
  <nestedLevel>1</nestedLevel>
  <escapedJava>false</escapedJava>
  <property name="testops-method-name">com.kms.katalon.core.webui.keyword.builtin.SelectOptionByValueKeyword.selectOptionByValue</property>
  <property name="testops-execution-stacktrace"></property>
</record>
<record>
  <date>2022-02-03T10:09:35</date>
  <millis>1643893775925</millis>
  <sequence>131</sequence>
  <level>END</level>
  <class>com.kms.katalon.core.logging.XmlKeywordLogger</class>
  <method>endKeyword</method>
  <thread>1</thread>
  <message>End action : selectOptionByValue(findTestObject(&amp;quot;Object Repository/Page_Dataplace - SFA/Page_Dataplace - SFA/Page_Dataplace - SFA/Page_Dataplace SFA/Page_Dataplace - SFA/Page_Dataplace SFA/Page_Dataplace SFA/select_Fsica Jurdica&amp;quot;), &amp;quot;2&amp;quot;, true)</message>
  <nestedLevel>1</nestedLevel>
  <escapedJava>false</escapedJava>
</record>
<record>
  <date>2022-02-03T10:09:35</date>
  <millis>1643893775926</millis>
  <sequence>132</sequence>
  <level>START</level>
  <class>com.kms.katalon.core.logging.XmlKeywordLogger</class>
  <method>startKeyword</method>
  <thread>1</thread>
  <message>Start action : click(findTestObject(&amp;quot;Object Repository/Page_Dataplace - SFA/Page_Dataplace - SFA/Page_Dataplace - SFA/Page_Dataplace SFA/Page_Dataplace - SFA/Page_Dataplace SFA/Page_Dataplace SFA/div_SFA - Fora de Vendas  DP INFORMTICA LTD_a6a7a3&amp;quot;))</message>
  <nestedLevel>1</nestedLevel>
  <escapedJava>false</escapedJava>
  <property name="startLine">45</property>
  <property name="stepIndex">11</property>
</record>
<record>
  <date>2022-02-03T10:09:36</date>
  <millis>1643893776303</millis>
  <sequence>142</sequence>
  <level>PASSED</level>
  <class>com.kms.katalon.core.logging.XmlKeywordLogger</class>
  <method>logMessage</method>
  <thread>1</thread>
  <message>Object: &amp;apos;Object Repository/Page_Dataplace - SFA/Page_Dataplace - SFA/Page_Dataplace - SFA/Page_Dataplace SFA/Page_Dataplace - SFA/Page_Dataplace SFA/Page_Dataplace SFA/div_SFA - Fora de Vendas  DP INFORMTICA LTD_a6a7a3&amp;apos; is clicked on</message>
  <nestedLevel>1</nestedLevel>
  <escapedJava>false</escapedJava>
  <property name="testops-method-name">com.kms.katalon.core.webui.keyword.builtin.ClickKeyword.click</property>
  <property name="testops-execution-stacktrace"></property>
</record>
<record>
  <date>2022-02-03T10:09:36</date>
  <millis>1643893776303</millis>
  <sequence>143</sequence>
  <level>END</level>
  <class>com.kms.katalon.core.logging.XmlKeywordLogger</class>
  <method>endKeyword</method>
  <thread>1</thread>
  <message>End action : click(findTestObject(&amp;quot;Object Repository/Page_Dataplace - SFA/Page_Dataplace - SFA/Page_Dataplace - SFA/Page_Dataplace SFA/Page_Dataplace - SFA/Page_Dataplace SFA/Page_Dataplace SFA/div_SFA - Fora de Vendas  DP INFORMTICA LTD_a6a7a3&amp;quot;))</message>
  <nestedLevel>1</nestedLevel>
  <escapedJava>false</escapedJava>
</record>
<record>
  <date>2022-02-03T10:09:36</date>
  <millis>1643893776304</millis>
  <sequence>144</sequence>
  <level>START</level>
  <class>com.kms.katalon.core.logging.XmlKeywordLogger</class>
  <method>startKeyword</method>
  <thread>1</thread>
  <message>Start action : setText(findTestObject(&amp;quot;Object Repository/Page_Dataplace - SFA/Page_Dataplace - SFA/Page_Dataplace - SFA/Page_Dataplace SFA/Page_Dataplace - SFA/Page_Dataplace SFA/Page_Dataplace SFA/input_CPF_inscricaoFederal&amp;quot;), cpf)</message>
  <nestedLevel>1</nestedLevel>
  <escapedJava>false</escapedJava>
  <property name="startLine">49</property>
  <property name="stepIndex">12</property>
</record>
<record>
  <date>2022-02-03T10:09:37</date>
  <millis>1643893777013</millis>
  <sequence>160</sequence>
  <level>PASSED</level>
  <class>com.kms.katalon.core.logging.XmlKeywordLogger</class>
  <method>logMessage</method>
  <thread>1</thread>
  <message>Text &amp;apos;1&amp;apos; is set on object &amp;apos;Object Repository/Page_Dataplace - SFA/Page_Dataplace - SFA/Page_Dataplace - SFA/Page_Dataplace SFA/Page_Dataplace - SFA/Page_Dataplace SFA/Page_Dataplace SFA/input_CPF_inscricaoFederal&amp;apos;</message>
  <nestedLevel>1</nestedLevel>
  <escapedJava>false</escapedJava>
  <property name="testops-method-name">com.kms.katalon.core.webui.keyword.builtin.SetTextKeyword.setText</property>
  <property name="testops-execution-stacktrace"></property>
</record>
<record>
  <date>2022-02-03T10:09:37</date>
  <millis>1643893777014</millis>
  <sequence>161</sequence>
  <level>END</level>
  <class>com.kms.katalon.core.logging.XmlKeywordLogger</class>
  <method>endKeyword</method>
  <thread>1</thread>
  <message>End action : setText(findTestObject(&amp;quot;Object Repository/Page_Dataplace - SFA/Page_Dataplace - SFA/Page_Dataplace - SFA/Page_Dataplace SFA/Page_Dataplace - SFA/Page_Dataplace SFA/Page_Dataplace SFA/input_CPF_inscricaoFederal&amp;quot;), cpf)</message>
  <nestedLevel>1</nestedLevel>
  <escapedJava>false</escapedJava>
</record>
<record>
  <date>2022-02-03T10:09:37</date>
  <millis>1643893777014</millis>
  <sequence>162</sequence>
  <level>START</level>
  <class>com.kms.katalon.core.logging.XmlKeywordLogger</class>
  <method>startKeyword</method>
  <thread>1</thread>
  <message>Start action : click(findTestObject(&amp;quot;Object Repository/Page_Dataplace - SFA/Page_Dataplace - SFA/Page_Dataplace - SFA/Page_Dataplace SFA/Page_Dataplace - SFA/Page_Dataplace SFA/Page_Dataplace SFA/i_Salvar_fa fa-check my-float&amp;quot;))</message>
  <nestedLevel>1</nestedLevel>
  <escapedJava>false</escapedJava>
  <property name="startLine">52</property>
  <property name="stepIndex">13</property>
</record>
<record>
  <date>2022-02-03T10:09:37</date>
  <millis>1643893777534</millis>
  <sequence>172</sequence>
  <level>PASSED</level>
  <class>com.kms.katalon.core.logging.XmlKeywordLogger</class>
  <method>logMessage</method>
  <thread>1</thread>
  <message>Object: &amp;apos;Object Repository/Page_Dataplace - SFA/Page_Dataplace - SFA/Page_Dataplace - SFA/Page_Dataplace SFA/Page_Dataplace - SFA/Page_Dataplace SFA/Page_Dataplace SFA/i_Salvar_fa fa-check my-float&amp;apos; is clicked on</message>
  <nestedLevel>1</nestedLevel>
  <escapedJava>false</escapedJava>
  <property name="testops-method-name">com.kms.katalon.core.webui.keyword.builtin.ClickKeyword.click</property>
  <property name="testops-execution-stacktrace"></property>
</record>
<record>
  <date>2022-02-03T10:09:37</date>
  <millis>1643893777535</millis>
  <sequence>173</sequence>
  <level>END</level>
  <class>com.kms.katalon.core.logging.XmlKeywordLogger</class>
  <method>endKeyword</method>
  <thread>1</thread>
  <message>End action : click(findTestObject(&amp;quot;Object Repository/Page_Dataplace - SFA/Page_Dataplace - SFA/Page_Dataplace - SFA/Page_Dataplace SFA/Page_Dataplace - SFA/Page_Dataplace SFA/Page_Dataplace SFA/i_Salvar_fa fa-check my-float&amp;quot;))</message>
  <nestedLevel>1</nestedLevel>
  <escapedJava>false</escapedJava>
</record>
<record>
  <date>2022-02-03T10:09:37</date>
  <millis>1643893777535</millis>
  <sequence>174</sequence>
  <level>START</level>
  <class>com.kms.katalon.core.logging.XmlKeywordLogger</class>
  <method>startKeyword</method>
  <thread>1</thread>
  <message>Start action : if (setText(findTestObject(&amp;quot;Object Repository/Page_Dataplace - SFA/Page_Dataplace - SFA/Page_Dataplace - SFA/Page_Dataplace SFA/Page_Dataplace - SFA/Page_Dataplace SFA/Page_Dataplace SFA/input_CPF_inscricaoFederal&amp;quot;), cpf, CONTINUE_ON_FAILURE))</message>
  <nestedLevel>1</nestedLevel>
  <escapedJava>false</escapedJava>
  <property name="startLine">53</property>
  <property name="stepIndex">14</property>
</record>
<record>
  <date>2022-02-03T10:09:38</date>
  <millis>1643893778402</millis>
  <sequence>190</sequence>
  <level>PASSED</level>
  <class>com.kms.katalon.core.logging.XmlKeywordLogger</class>
  <method>logMessage</method>
  <thread>1</thread>
  <message>Text &amp;apos;1&amp;apos; is set on object &amp;apos;Object Repository/Page_Dataplace - SFA/Page_Dataplace - SFA/Page_Dataplace - SFA/Page_Dataplace SFA/Page_Dataplace - SFA/Page_Dataplace SFA/Page_Dataplace SFA/input_CPF_inscricaoFederal&amp;apos;</message>
  <nestedLevel>1</nestedLevel>
  <escapedJava>false</escapedJava>
  <property name="testops-method-name">com.kms.katalon.core.webui.keyword.builtin.SetTextKeyword.setText</property>
  <property name="testops-execution-stacktrace"></property>
</record>
<record>
  <date>2022-02-03T10:09:38</date>
  <millis>1643893778403</millis>
  <sequence>191</sequence>
  <level>END</level>
  <class>com.kms.katalon.core.logging.XmlKeywordLogger</class>
  <method>endKeyword</method>
  <thread>1</thread>
  <message>End action : if (setText(findTestObject(&amp;quot;Object Repository/Page_Dataplace - SFA/Page_Dataplace - SFA/Page_Dataplace - SFA/Page_Dataplace SFA/Page_Dataplace - SFA/Page_Dataplace SFA/Page_Dataplace SFA/input_CPF_inscricaoFederal&amp;quot;), cpf, CONTINUE_ON_FAILURE))</message>
  <nestedLevel>1</nestedLevel>
  <escapedJava>false</escapedJava>
</record>
<record>
  <date>2022-02-03T10:09:38</date>
  <millis>1643893778403</millis>
  <sequence>192</sequence>
  <level>START</level>
  <class>com.kms.katalon.core.logging.XmlKeywordLogger</class>
  <method>startKeyword</method>
  <thread>1</thread>
  <message>Start action : else</message>
  <nestedLevel>1</nestedLevel>
  <escapedJava>false</escapedJava>
  <property name="startLine">57</property>
  <property name="stepIndex">15</property>
</record>
<record>
  <date>2022-02-03T10:09:38</date>
  <millis>1643893778405</millis>
  <sequence>193</sequence>
  <level>START</level>
  <class>com.kms.katalon.core.logging.XmlKeywordLogger</class>
  <method>startKeyword</method>
  <thread>1</thread>
  <message>Start action : println(&amp;quot;cpf correto&amp;quot;)</message>
  <nestedLevel>2</nestedLevel>
  <escapedJava>false</escapedJava>
  <property name="startLine">58</property>
  <property name="stepIndex">1</property>
</record>
<record>
  <date>2022-02-03T10:09:38</date>
  <millis>1643893778413</millis>
  <sequence>194</sequence>
  <level>END</level>
  <class>com.kms.katalon.core.logging.XmlKeywordLogger</class>
  <method>endKeyword</method>
  <thread>1</thread>
  <message>End action : println(&amp;quot;cpf correto&amp;quot;)</message>
  <nestedLevel>2</nestedLevel>
  <escapedJava>false</escapedJava>
</record>
<record>
  <date>2022-02-03T10:09:38</date>
  <millis>1643893778413</millis>
  <sequence>195</sequence>
  <level>END</level>
  <class>com.kms.katalon.core.logging.XmlKeywordLogger</class>
  <method>endKeyword</method>
  <thread>1</thread>
  <message>End action : else</message>
  <nestedLevel>1</nestedLevel>
  <escapedJava>false</escapedJava>
</record>
<record>
  <date>2022-02-03T10:09:38</date>
  <millis>1643893778414</millis>
  <sequence>196</sequence>
  <level>PASSED</level>
  <class>com.kms.katalon.core.logging.XmlKeywordLogger</class>
  <method>logMessage</method>
  <thread>1</thread>
  <message>Test Cases/TC26- Validacao cpf cliente</message>
  <nestedLevel>1</nestedLevel>
  <escapedJava>false</escapedJava>
</record>
<record>
  <date>2022-02-03T10:09:38</date>
  <millis>1643893778416</millis>
  <sequence>197</sequence>
  <level>END</level>
  <class>com.kms.katalon.core.logging.XmlKeywordLogger</class>
  <method>endTest</method>
  <thread>1</thread>
  <message>End Test Case : Test Cases/TC26- Validacao cpf cliente</message>
  <nestedLevel>0</nestedLevel>
  <escapedJava>false</escapedJava>
  <property name="executionBindingVariables">[
  {
    &quot;displayReportName&quot;: &quot;cpf&quot;,
    &quot;value&quot;: &quot;1&quot;,
    &quot;name&quot;: &quot;cpf&quot;,
    &quot;masked&quot;: false
  }
]</property>
  <property name="keywordsUsage">{
  &quot;web_ui&quot;: true,
  &quot;web_service&quot;: false,
  &quot;cucumber&quot;: false,
  &quot;builtin&quot;: false,
  &quot;mobile&quot;: false,
  &quot;windows&quot;: false,
  &quot;testng&quot;: false
}</property>
</record>
<record>
  <date>2022-02-03T10:09:38</date>
  <millis>1643893778420</millis>
  <sequence>198</sequence>
  <level>START</level>
  <class>com.kms.katalon.core.logging.XmlKeywordLogger</class>
  <method>startKeyword</method>
  <thread>1</thread>
  <message>Start listener action : exportKatalonReports</message>
  <nestedLevel>0</nestedLevel>
  <escapedJava>false</escapedJava>
</record>
<record>
  <date>2022-02-03T10:09:38</date>
  <millis>1643893778649</millis>
  <sequence>326</sequence>
  <level>INFO</level>
  <class>com.kms.katalon.core.logging.XmlKeywordLogger</class>
  <method>logMessage</method>
  <thread>1</thread>
  <message>Start generating HTML report folder at: C:\Users\Administrator\git\Site-SFA\Reports\20220203_100922\cpf\20220203_100922...</message>
  <nestedLevel>0</nestedLevel>
  <escapedJava>false</escapedJava>
</record>
<record>
  <date>2022-02-03T10:09:38</date>
  <millis>1643893778706</millis>
  <sequence>327</sequence>
  <level>INFO</level>
  <class>com.kms.katalon.core.logging.XmlKeywordLogger</class>
  <method>logMessage</method>
  <thread>1</thread>
  <message>HTML report generated</message>
  <nestedLevel>0</nestedLevel>
  <escapedJava>false</escapedJava>
</record>
<record>
  <date>2022-02-03T10:09:38</date>
  <millis>1643893778706</millis>
  <sequence>328</sequence>
  <level>INFO</level>
  <class>com.kms.katalon.core.logging.XmlKeywordLogger</class>
  <method>logMessage</method>
  <thread>1</thread>
  <message>Start generating CSV report folder at: C:\Users\Administrator\git\Site-SFA\Reports\20220203_100922\cpf\20220203_100922...</message>
  <nestedLevel>0</nestedLevel>
  <escapedJava>false</escapedJava>
</record>
<record>
  <date>2022-02-03T10:09:38</date>
  <millis>1643893778729</millis>
  <sequence>329</sequence>
  <level>INFO</level>
  <class>com.kms.katalon.core.logging.XmlKeywordLogger</class>
  <method>logMessage</method>
  <thread>1</thread>
  <message>CSV report generated</message>
  <nestedLevel>0</nestedLevel>
  <escapedJava>false</escapedJava>
</record>
<record>
  <date>2022-02-03T10:09:38</date>
  <millis>1643893778753</millis>
  <sequence>331</sequence>
  <level>END</level>
  <class>com.kms.katalon.core.logging.XmlKeywordLogger</class>
  <method>endKeyword</method>
  <thread>1</thread>
  <message>End listener action : exportKatalonReports</message>
  <nestedLevel>0</nestedLevel>
  <escapedJava>false</escapedJava>
</record>
<record>
  <date>2022-02-03T10:09:39</date>
  <millis>1643893779487</millis>
  <sequence>332</sequence>
  <level>END</level>
  <class>com.kms.katalon.core.logging.XmlKeywordLogger</class>
  <method>endSuite</method>
  <thread>1</thread>
  <message>End Test Suite : Test Suites/cpf</message>
  <nestedLevel>0</nestedLevel>
  <escapedJava>false</escapedJava>
</record>
</log>
