<?xml version="1.0" encoding="UTF-8" standalone="no"?>
<!DOCTYPE log SYSTEM "logger.dtd">
<log>
<record>
  <date>2022-01-26T10:56:20</date>
  <millis>1643205380184</millis>
  <sequence>0</sequence>
  <level>START</level>
  <class>com.kms.katalon.core.logging.XmlKeywordLogger</class>
  <method>startSuite</method>
  <thread>1</thread>
  <message>Start Test Suite : Test Suites/calcula pedido</message>
  <nestedLevel>0</nestedLevel>
  <escapedJava>false</escapedJava>
  <property name="rerunTestFailImmediately">false</property>
  <property name="retryCount">0</property>
  <property name="name">calcula pedido</property>
  <property name="description"></property>
  <property name="id">Test Suites/calcula pedido</property>
</record>
<record>
  <date>2022-01-26T10:56:20</date>
  <millis>1643205380202</millis>
  <sequence>1</sequence>
  <level>RUN_DATA</level>
  <class>com.kms.katalon.core.logging.XmlKeywordLogger</class>
  <method>logMessage</method>
  <thread>1</thread>
  <message>hostName = Administrator - 172.16.2.74</message>
  <nestedLevel>0</nestedLevel>
  <escapedJava>false</escapedJava>
  <property name="hostName">Administrator - 172.16.2.74</property>
</record>
<record>
  <date>2022-01-26T10:56:20</date>
  <millis>1643205380203</millis>
  <sequence>2</sequence>
  <level>RUN_DATA</level>
  <class>com.kms.katalon.core.logging.XmlKeywordLogger</class>
  <method>logMessage</method>
  <thread>1</thread>
  <message>os = Windows 10 64bit</message>
  <nestedLevel>0</nestedLevel>
  <escapedJava>false</escapedJava>
  <property name="os">Windows 10 64bit</property>
</record>
<record>
  <date>2022-01-26T10:56:20</date>
  <millis>1643205380203</millis>
  <sequence>3</sequence>
  <level>RUN_DATA</level>
  <class>com.kms.katalon.core.logging.XmlKeywordLogger</class>
  <method>logMessage</method>
  <thread>1</thread>
  <message>hostAddress = 172.16.2.74</message>
  <nestedLevel>0</nestedLevel>
  <escapedJava>false</escapedJava>
  <property name="hostAddress">172.16.2.74</property>
</record>
<record>
  <date>2022-01-26T10:56:20</date>
  <millis>1643205380204</millis>
  <sequence>4</sequence>
  <level>RUN_DATA</level>
  <class>com.kms.katalon.core.logging.XmlKeywordLogger</class>
  <method>logMessage</method>
  <thread>1</thread>
  <message>katalonVersion = 8.2.5.208</message>
  <nestedLevel>0</nestedLevel>
  <escapedJava>false</escapedJava>
  <property name="katalonVersion">8.2.5.208</property>
</record>
<record>
  <date>2022-01-26T10:56:20</date>
  <millis>1643205380511</millis>
  <sequence>5</sequence>
  <level>START</level>
  <class>com.kms.katalon.core.logging.XmlKeywordLogger</class>
  <method>startTest</method>
  <thread>1</thread>
  <message>Start Test Case : Test Cases/New Test Case</message>
  <nestedLevel>1</nestedLevel>
  <escapedJava>false</escapedJava>
  <property name="name">Test Cases/New Test Case</property>
  <property name="description"></property>
  <property name="id">Test Cases/New Test Case</property>
  <property name="source">C:\Users\Administrator\git\Site-SFA\Test Cases\New Test Case.tc</property>
  <property name="tag"></property>
  <property name="isOptional">false</property>
</record>
<record>
  <date>2022-01-26T10:56:20</date>
  <millis>1643205380657</millis>
  <sequence>7</sequence>
  <level>INFO</level>
  <class>com.kms.katalon.core.logging.XmlKeywordLogger</class>
  <method>logMessage</method>
  <thread>1</thread>
  <message>(Default) quantidade = </message>
  <nestedLevel>1</nestedLevel>
  <escapedJava>false</escapedJava>
</record>
<record>
  <date>2022-01-26T10:56:20</date>
  <millis>1643205380675</millis>
  <sequence>8</sequence>
  <level>INFO</level>
  <class>com.kms.katalon.core.logging.XmlKeywordLogger</class>
  <method>logMessage</method>
  <thread>1</thread>
  <message>(Default) desconto1 = </message>
  <nestedLevel>1</nestedLevel>
  <escapedJava>false</escapedJava>
</record>
<record>
  <date>2022-01-26T10:56:20</date>
  <millis>1643205380690</millis>
  <sequence>9</sequence>
  <level>INFO</level>
  <class>com.kms.katalon.core.logging.XmlKeywordLogger</class>
  <method>logMessage</method>
  <thread>1</thread>
  <message>(Default) preco = </message>
  <nestedLevel>1</nestedLevel>
  <escapedJava>false</escapedJava>
</record>
<record>
  <date>2022-01-26T10:56:20</date>
  <millis>1643205380705</millis>
  <sequence>10</sequence>
  <level>INFO</level>
  <class>com.kms.katalon.core.logging.XmlKeywordLogger</class>
  <method>logMessage</method>
  <thread>1</thread>
  <message>(Default) total = </message>
  <nestedLevel>1</nestedLevel>
  <escapedJava>false</escapedJava>
</record>
<record>
  <date>2022-01-26T10:56:21</date>
  <millis>1643205381220</millis>
  <sequence>11</sequence>
  <level>START</level>
  <class>com.kms.katalon.core.logging.XmlKeywordLogger</class>
  <method>startKeyword</method>
  <thread>1</thread>
  <message>Start action : openBrowser(&amp;quot;&amp;quot;)</message>
  <nestedLevel>1</nestedLevel>
  <escapedJava>false</escapedJava>
  <property name="startLine">20</property>
  <property name="stepIndex">1</property>
</record>
<record>
  <date>2022-01-26T10:56:21</date>
  <millis>1643205381566</millis>
  <sequence>13</sequence>
  <level>INFO</level>
  <class>com.kms.katalon.core.logging.XmlKeywordLogger</class>
  <method>logMessage</method>
  <thread>1</thread>
  <message>Starting &amp;apos;Chrome&amp;apos; driver</message>
  <nestedLevel>1</nestedLevel>
  <escapedJava>false</escapedJava>
</record>
<record>
  <date>2022-01-26T10:56:21</date>
  <millis>1643205381620</millis>
  <sequence>15</sequence>
  <level>INFO</level>
  <class>com.kms.katalon.core.logging.XmlKeywordLogger</class>
  <method>logMessage</method>
  <thread>1</thread>
  <message>Action delay is set to 0 milliseconds</message>
  <nestedLevel>1</nestedLevel>
  <escapedJava>false</escapedJava>
</record>
<record>
  <date>2022-01-26T10:56:23</date>
  <millis>1643205383535</millis>
  <sequence>17</sequence>
  <level>RUN_DATA</level>
  <class>com.kms.katalon.core.logging.XmlKeywordLogger</class>
  <method>logMessage</method>
  <thread>1</thread>
  <message>sessionId = acddc06fc1fd9e16fb72a0faa5b4c34d</message>
  <nestedLevel>1</nestedLevel>
  <escapedJava>false</escapedJava>
  <property name="sessionId">acddc06fc1fd9e16fb72a0faa5b4c34d</property>
</record>
<record>
  <date>2022-01-26T10:56:23</date>
  <millis>1643205383557</millis>
  <sequence>18</sequence>
  <level>RUN_DATA</level>
  <class>com.kms.katalon.core.logging.XmlKeywordLogger</class>
  <method>logMessage</method>
  <thread>1</thread>
  <message>browser = Chrome 97.0.4692.71</message>
  <nestedLevel>1</nestedLevel>
  <escapedJava>false</escapedJava>
  <property name="browser">Chrome 97.0.4692.71</property>
</record>
<record>
  <date>2022-01-26T10:56:23</date>
  <millis>1643205383557</millis>
  <sequence>19</sequence>
  <level>RUN_DATA</level>
  <class>com.kms.katalon.core.logging.XmlKeywordLogger</class>
  <method>logMessage</method>
  <thread>1</thread>
  <message>platform = Windows 10</message>
  <nestedLevel>1</nestedLevel>
  <escapedJava>false</escapedJava>
  <property name="platform">Windows 10</property>
</record>
<record>
  <date>2022-01-26T10:56:23</date>
  <millis>1643205383557</millis>
  <sequence>20</sequence>
  <level>RUN_DATA</level>
  <class>com.kms.katalon.core.logging.XmlKeywordLogger</class>
  <method>logMessage</method>
  <thread>1</thread>
  <message>seleniumVersion = 3.141.59</message>
  <nestedLevel>1</nestedLevel>
  <escapedJava>false</escapedJava>
  <property name="seleniumVersion">3.141.59</property>
</record>
<record>
  <date>2022-01-26T10:56:23</date>
  <millis>1643205383558</millis>
  <sequence>21</sequence>
  <level>RUN_DATA</level>
  <class>com.kms.katalon.core.logging.XmlKeywordLogger</class>
  <method>logMessage</method>
  <thread>1</thread>
  <message>proxyInformation = ProxyInformation { proxyOption=NO_PROXY, proxyServerType=HTTP, username=, password=********, proxyServerAddress=, proxyServerPort=0, executionList=&amp;quot;&amp;quot;, isApplyToDesiredCapabilities=true }</message>
  <nestedLevel>1</nestedLevel>
  <escapedJava>false</escapedJava>
  <property name="proxyInformation">ProxyInformation { proxyOption=NO_PROXY, proxyServerType=HTTP, username=, password=********, proxyServerAddress=, proxyServerPort=0, executionList=&quot;&quot;, isApplyToDesiredCapabilities=true }</property>
</record>
<record>
  <date>2022-01-26T10:56:23</date>
  <millis>1643205383588</millis>
  <sequence>22</sequence>
  <level>PASSED</level>
  <class>com.kms.katalon.core.logging.XmlKeywordLogger</class>
  <method>logMessage</method>
  <thread>1</thread>
  <message>Browser is opened with url: &amp;apos;&amp;apos;</message>
  <nestedLevel>1</nestedLevel>
  <escapedJava>false</escapedJava>
  <property name="testops-method-name">com.kms.katalon.core.webui.keyword.builtin.OpenBrowserKeyword.openBrowser</property>
  <property name="testops-execution-stacktrace"></property>
</record>
<record>
  <date>2022-01-26T10:56:23</date>
  <millis>1643205383589</millis>
  <sequence>23</sequence>
  <level>END</level>
  <class>com.kms.katalon.core.logging.XmlKeywordLogger</class>
  <method>endKeyword</method>
  <thread>1</thread>
  <message>End action : openBrowser(&amp;quot;&amp;quot;)</message>
  <nestedLevel>1</nestedLevel>
  <escapedJava>false</escapedJava>
</record>
<record>
  <date>2022-01-26T10:56:23</date>
  <millis>1643205383589</millis>
  <sequence>24</sequence>
  <level>START</level>
  <class>com.kms.katalon.core.logging.XmlKeywordLogger</class>
  <method>startKeyword</method>
  <thread>1</thread>
  <message>Start action : navigateToUrl(&amp;quot;http://172.16.1.21:7802/pt/account/login?returnUrl=%2Fpedidos&amp;quot;)</message>
  <nestedLevel>1</nestedLevel>
  <escapedJava>false</escapedJava>
  <property name="startLine">22</property>
  <property name="stepIndex">2</property>
</record>
<record>
  <date>2022-01-26T10:56:24</date>
  <millis>1643205384802</millis>
  <sequence>27</sequence>
  <level>PASSED</level>
  <class>com.kms.katalon.core.logging.XmlKeywordLogger</class>
  <method>logMessage</method>
  <thread>1</thread>
  <message>Navigate to &amp;apos;http://172.16.1.21:7802/pt/account/login?returnUrl=%2Fpedidos&amp;apos; successfully</message>
  <nestedLevel>1</nestedLevel>
  <escapedJava>false</escapedJava>
  <property name="testops-method-name">com.kms.katalon.core.webui.keyword.builtin.NavigateToUrlKeyword.navigateToUrl</property>
  <property name="testops-execution-stacktrace"></property>
</record>
<record>
  <date>2022-01-26T10:56:24</date>
  <millis>1643205384803</millis>
  <sequence>28</sequence>
  <level>END</level>
  <class>com.kms.katalon.core.logging.XmlKeywordLogger</class>
  <method>endKeyword</method>
  <thread>1</thread>
  <message>End action : navigateToUrl(&amp;quot;http://172.16.1.21:7802/pt/account/login?returnUrl=%2Fpedidos&amp;quot;)</message>
  <nestedLevel>1</nestedLevel>
  <escapedJava>false</escapedJava>
</record>
<record>
  <date>2022-01-26T10:56:24</date>
  <millis>1643205384803</millis>
  <sequence>29</sequence>
  <level>START</level>
  <class>com.kms.katalon.core.logging.XmlKeywordLogger</class>
  <method>startKeyword</method>
  <thread>1</thread>
  <message>Start action : setText(findTestObject(&amp;quot;Object Repository/Page_Dataplace - SFA/Page_Dataplace - SFA/Page_Dataplace - SFA/Page_Dataplace - SFA/Page_Dataplace - SFA/Page_Dataplace - SFA/input_Nome de usurio ou endereo de email_email&amp;quot;), &amp;quot;mayara.moraes@dataplaca.com.br&amp;quot;)</message>
  <nestedLevel>1</nestedLevel>
  <escapedJava>false</escapedJava>
  <property name="startLine">24</property>
  <property name="stepIndex">3</property>
</record>
<record>
  <date>2022-01-26T10:56:25</date>
  <millis>1643205385690</millis>
  <sequence>45</sequence>
  <level>PASSED</level>
  <class>com.kms.katalon.core.logging.XmlKeywordLogger</class>
  <method>logMessage</method>
  <thread>1</thread>
  <message>Text &amp;apos;mayara.moraes@dataplaca.com.br&amp;apos; is set on object &amp;apos;Object Repository/Page_Dataplace - SFA/Page_Dataplace - SFA/Page_Dataplace - SFA/Page_Dataplace - SFA/Page_Dataplace - SFA/Page_Dataplace - SFA/input_Nome de usurio ou endereo de email_email&amp;apos;</message>
  <nestedLevel>1</nestedLevel>
  <escapedJava>false</escapedJava>
  <property name="testops-method-name">com.kms.katalon.core.webui.keyword.builtin.SetTextKeyword.setText</property>
  <property name="testops-execution-stacktrace"></property>
</record>
<record>
  <date>2022-01-26T10:56:25</date>
  <millis>1643205385691</millis>
  <sequence>46</sequence>
  <level>END</level>
  <class>com.kms.katalon.core.logging.XmlKeywordLogger</class>
  <method>endKeyword</method>
  <thread>1</thread>
  <message>End action : setText(findTestObject(&amp;quot;Object Repository/Page_Dataplace - SFA/Page_Dataplace - SFA/Page_Dataplace - SFA/Page_Dataplace - SFA/Page_Dataplace - SFA/Page_Dataplace - SFA/input_Nome de usurio ou endereo de email_email&amp;quot;), &amp;quot;mayara.moraes@dataplaca.com.br&amp;quot;)</message>
  <nestedLevel>1</nestedLevel>
  <escapedJava>false</escapedJava>
</record>
<record>
  <date>2022-01-26T10:56:25</date>
  <millis>1643205385691</millis>
  <sequence>47</sequence>
  <level>START</level>
  <class>com.kms.katalon.core.logging.XmlKeywordLogger</class>
  <method>startKeyword</method>
  <thread>1</thread>
  <message>Start action : click(findTestObject(&amp;quot;Object Repository/Page_Dataplace - SFA/Page_Dataplace - SFA/Page_Dataplace - SFA/Page_Dataplace - SFA/Page_Dataplace - SFA/Page_Dataplace - SFA/input_Nome de usurio ou endereo de email_email&amp;quot;))</message>
  <nestedLevel>1</nestedLevel>
  <escapedJava>false</escapedJava>
  <property name="startLine">27</property>
  <property name="stepIndex">4</property>
</record>
<record>
  <date>2022-01-26T10:56:26</date>
  <millis>1643205386101</millis>
  <sequence>57</sequence>
  <level>PASSED</level>
  <class>com.kms.katalon.core.logging.XmlKeywordLogger</class>
  <method>logMessage</method>
  <thread>1</thread>
  <message>Object: &amp;apos;Object Repository/Page_Dataplace - SFA/Page_Dataplace - SFA/Page_Dataplace - SFA/Page_Dataplace - SFA/Page_Dataplace - SFA/Page_Dataplace - SFA/input_Nome de usurio ou endereo de email_email&amp;apos; is clicked on</message>
  <nestedLevel>1</nestedLevel>
  <escapedJava>false</escapedJava>
  <property name="testops-method-name">com.kms.katalon.core.webui.keyword.builtin.ClickKeyword.click</property>
  <property name="testops-execution-stacktrace"></property>
</record>
<record>
  <date>2022-01-26T10:56:26</date>
  <millis>1643205386102</millis>
  <sequence>58</sequence>
  <level>END</level>
  <class>com.kms.katalon.core.logging.XmlKeywordLogger</class>
  <method>endKeyword</method>
  <thread>1</thread>
  <message>End action : click(findTestObject(&amp;quot;Object Repository/Page_Dataplace - SFA/Page_Dataplace - SFA/Page_Dataplace - SFA/Page_Dataplace - SFA/Page_Dataplace - SFA/Page_Dataplace - SFA/input_Nome de usurio ou endereo de email_email&amp;quot;))</message>
  <nestedLevel>1</nestedLevel>
  <escapedJava>false</escapedJava>
</record>
<record>
  <date>2022-01-26T10:56:26</date>
  <millis>1643205386102</millis>
  <sequence>59</sequence>
  <level>START</level>
  <class>com.kms.katalon.core.logging.XmlKeywordLogger</class>
  <method>startKeyword</method>
  <thread>1</thread>
  <message>Start action : setText(findTestObject(&amp;quot;Object Repository/Page_Dataplace - SFA/Page_Dataplace - SFA/Page_Dataplace - SFA/Page_Dataplace - SFA/Page_Dataplace - SFA/Page_Dataplace - SFA/input_Nome de usurio ou endereo de email_email&amp;quot;), &amp;quot;mayara.moraes@dataplace.com.br&amp;quot;)</message>
  <nestedLevel>1</nestedLevel>
  <escapedJava>false</escapedJava>
  <property name="startLine">29</property>
  <property name="stepIndex">5</property>
</record>
<record>
  <date>2022-01-26T10:56:26</date>
  <millis>1643205386846</millis>
  <sequence>75</sequence>
  <level>PASSED</level>
  <class>com.kms.katalon.core.logging.XmlKeywordLogger</class>
  <method>logMessage</method>
  <thread>1</thread>
  <message>Text &amp;apos;mayara.moraes@dataplace.com.br&amp;apos; is set on object &amp;apos;Object Repository/Page_Dataplace - SFA/Page_Dataplace - SFA/Page_Dataplace - SFA/Page_Dataplace - SFA/Page_Dataplace - SFA/Page_Dataplace - SFA/input_Nome de usurio ou endereo de email_email&amp;apos;</message>
  <nestedLevel>1</nestedLevel>
  <escapedJava>false</escapedJava>
  <property name="testops-method-name">com.kms.katalon.core.webui.keyword.builtin.SetTextKeyword.setText</property>
  <property name="testops-execution-stacktrace"></property>
</record>
<record>
  <date>2022-01-26T10:56:26</date>
  <millis>1643205386848</millis>
  <sequence>76</sequence>
  <level>END</level>
  <class>com.kms.katalon.core.logging.XmlKeywordLogger</class>
  <method>endKeyword</method>
  <thread>1</thread>
  <message>End action : setText(findTestObject(&amp;quot;Object Repository/Page_Dataplace - SFA/Page_Dataplace - SFA/Page_Dataplace - SFA/Page_Dataplace - SFA/Page_Dataplace - SFA/Page_Dataplace - SFA/input_Nome de usurio ou endereo de email_email&amp;quot;), &amp;quot;mayara.moraes@dataplace.com.br&amp;quot;)</message>
  <nestedLevel>1</nestedLevel>
  <escapedJava>false</escapedJava>
</record>
<record>
  <date>2022-01-26T10:56:26</date>
  <millis>1643205386848</millis>
  <sequence>77</sequence>
  <level>START</level>
  <class>com.kms.katalon.core.logging.XmlKeywordLogger</class>
  <method>startKeyword</method>
  <thread>1</thread>
  <message>Start action : setEncryptedText(findTestObject(&amp;quot;Object Repository/Page_Dataplace - SFA/Page_Dataplace - SFA/Page_Dataplace - SFA/Page_Dataplace - SFA/Page_Dataplace - SFA/Page_Dataplace - SFA/input_Senha_senha&amp;quot;), &amp;quot;i+K1X3doZYBu6F0i+9QHbg==&amp;quot;)</message>
  <nestedLevel>1</nestedLevel>
  <escapedJava>false</escapedJava>
  <property name="startLine">32</property>
  <property name="stepIndex">6</property>
</record>
<record>
  <date>2022-01-26T10:56:27</date>
  <millis>1643205387363</millis>
  <sequence>88</sequence>
  <level>PASSED</level>
  <class>com.kms.katalon.core.logging.XmlKeywordLogger</class>
  <method>logMessage</method>
  <thread>1</thread>
  <message>Text ****** has been set on object &amp;apos;Object Repository/Page_Dataplace - SFA/Page_Dataplace - SFA/Page_Dataplace - SFA/Page_Dataplace - SFA/Page_Dataplace - SFA/Page_Dataplace - SFA/input_Senha_senha&amp;apos;</message>
  <nestedLevel>1</nestedLevel>
  <escapedJava>false</escapedJava>
  <property name="testops-method-name">com.kms.katalon.core.webui.keyword.builtin.SetEncryptedTextKeyword.setEncryptedText</property>
  <property name="testops-execution-stacktrace"></property>
</record>
<record>
  <date>2022-01-26T10:56:27</date>
  <millis>1643205387364</millis>
  <sequence>89</sequence>
  <level>END</level>
  <class>com.kms.katalon.core.logging.XmlKeywordLogger</class>
  <method>endKeyword</method>
  <thread>1</thread>
  <message>End action : setEncryptedText(findTestObject(&amp;quot;Object Repository/Page_Dataplace - SFA/Page_Dataplace - SFA/Page_Dataplace - SFA/Page_Dataplace - SFA/Page_Dataplace - SFA/Page_Dataplace - SFA/input_Senha_senha&amp;quot;), &amp;quot;i+K1X3doZYBu6F0i+9QHbg==&amp;quot;)</message>
  <nestedLevel>1</nestedLevel>
  <escapedJava>false</escapedJava>
</record>
<record>
  <date>2022-01-26T10:56:27</date>
  <millis>1643205387364</millis>
  <sequence>90</sequence>
  <level>START</level>
  <class>com.kms.katalon.core.logging.XmlKeywordLogger</class>
  <method>startKeyword</method>
  <thread>1</thread>
  <message>Start action : click(findTestObject(&amp;quot;Object Repository/Page_Dataplace - SFA/Page_Dataplace - SFA/Page_Dataplace - SFA/Page_Dataplace - SFA/Page_Dataplace - SFA/Page_Dataplace - SFA/button_Login&amp;quot;))</message>
  <nestedLevel>1</nestedLevel>
  <escapedJava>false</escapedJava>
  <property name="startLine">35</property>
  <property name="stepIndex">7</property>
</record>
<record>
  <date>2022-01-26T10:56:27</date>
  <millis>1643205387863</millis>
  <sequence>100</sequence>
  <level>PASSED</level>
  <class>com.kms.katalon.core.logging.XmlKeywordLogger</class>
  <method>logMessage</method>
  <thread>1</thread>
  <message>Object: &amp;apos;Object Repository/Page_Dataplace - SFA/Page_Dataplace - SFA/Page_Dataplace - SFA/Page_Dataplace - SFA/Page_Dataplace - SFA/Page_Dataplace - SFA/button_Login&amp;apos; is clicked on</message>
  <nestedLevel>1</nestedLevel>
  <escapedJava>false</escapedJava>
  <property name="testops-method-name">com.kms.katalon.core.webui.keyword.builtin.ClickKeyword.click</property>
  <property name="testops-execution-stacktrace"></property>
</record>
<record>
  <date>2022-01-26T10:56:27</date>
  <millis>1643205387863</millis>
  <sequence>101</sequence>
  <level>END</level>
  <class>com.kms.katalon.core.logging.XmlKeywordLogger</class>
  <method>endKeyword</method>
  <thread>1</thread>
  <message>End action : click(findTestObject(&amp;quot;Object Repository/Page_Dataplace - SFA/Page_Dataplace - SFA/Page_Dataplace - SFA/Page_Dataplace - SFA/Page_Dataplace - SFA/Page_Dataplace - SFA/button_Login&amp;quot;))</message>
  <nestedLevel>1</nestedLevel>
  <escapedJava>false</escapedJava>
</record>
<record>
  <date>2022-01-26T10:56:27</date>
  <millis>1643205387864</millis>
  <sequence>102</sequence>
  <level>START</level>
  <class>com.kms.katalon.core.logging.XmlKeywordLogger</class>
  <method>startKeyword</method>
  <thread>1</thread>
  <message>Start action : click(findTestObject(&amp;quot;Object Repository/Page_Dataplace - SFA/Page_Dataplace - SFA/Page_Dataplace - SFA/Page_Dataplace - SFA/Page_Dataplace - SFA/Page_Dataplace - SFA/div_LoginNome de usurio ou endereo de email_d83c56&amp;quot;))</message>
  <nestedLevel>1</nestedLevel>
  <escapedJava>false</escapedJava>
  <property name="startLine">37</property>
  <property name="stepIndex">8</property>
</record>
<record>
  <date>2022-01-26T10:56:28</date>
  <millis>1643205388465</millis>
  <sequence>112</sequence>
  <level>PASSED</level>
  <class>com.kms.katalon.core.logging.XmlKeywordLogger</class>
  <method>logMessage</method>
  <thread>1</thread>
  <message>Object: &amp;apos;Object Repository/Page_Dataplace - SFA/Page_Dataplace - SFA/Page_Dataplace - SFA/Page_Dataplace - SFA/Page_Dataplace - SFA/Page_Dataplace - SFA/div_LoginNome de usurio ou endereo de email_d83c56&amp;apos; is clicked on</message>
  <nestedLevel>1</nestedLevel>
  <escapedJava>false</escapedJava>
  <property name="testops-method-name">com.kms.katalon.core.webui.keyword.builtin.ClickKeyword.click</property>
  <property name="testops-execution-stacktrace"></property>
</record>
<record>
  <date>2022-01-26T10:56:28</date>
  <millis>1643205388465</millis>
  <sequence>113</sequence>
  <level>END</level>
  <class>com.kms.katalon.core.logging.XmlKeywordLogger</class>
  <method>endKeyword</method>
  <thread>1</thread>
  <message>End action : click(findTestObject(&amp;quot;Object Repository/Page_Dataplace - SFA/Page_Dataplace - SFA/Page_Dataplace - SFA/Page_Dataplace - SFA/Page_Dataplace - SFA/Page_Dataplace - SFA/div_LoginNome de usurio ou endereo de email_d83c56&amp;quot;))</message>
  <nestedLevel>1</nestedLevel>
  <escapedJava>false</escapedJava>
</record>
<record>
  <date>2022-01-26T10:56:28</date>
  <millis>1643205388465</millis>
  <sequence>114</sequence>
  <level>START</level>
  <class>com.kms.katalon.core.logging.XmlKeywordLogger</class>
  <method>startKeyword</method>
  <thread>1</thread>
  <message>Start action : setEncryptedText(findTestObject(&amp;quot;Object Repository/Page_Dataplace - SFA/Page_Dataplace - SFA/Page_Dataplace - SFA/Page_Dataplace - SFA/Page_Dataplace - SFA/Page_Dataplace - SFA/input_Senha_senha&amp;quot;), &amp;quot;jBu/h84nUum0DzfFUdyvAQ==&amp;quot;)</message>
  <nestedLevel>1</nestedLevel>
  <escapedJava>false</escapedJava>
  <property name="startLine">39</property>
  <property name="stepIndex">9</property>
</record>
<record>
  <date>2022-01-26T10:56:28</date>
  <millis>1643205388896</millis>
  <sequence>125</sequence>
  <level>PASSED</level>
  <class>com.kms.katalon.core.logging.XmlKeywordLogger</class>
  <method>logMessage</method>
  <thread>1</thread>
  <message>Text ****** has been set on object &amp;apos;Object Repository/Page_Dataplace - SFA/Page_Dataplace - SFA/Page_Dataplace - SFA/Page_Dataplace - SFA/Page_Dataplace - SFA/Page_Dataplace - SFA/input_Senha_senha&amp;apos;</message>
  <nestedLevel>1</nestedLevel>
  <escapedJava>false</escapedJava>
  <property name="testops-method-name">com.kms.katalon.core.webui.keyword.builtin.SetEncryptedTextKeyword.setEncryptedText</property>
  <property name="testops-execution-stacktrace"></property>
</record>
<record>
  <date>2022-01-26T10:56:28</date>
  <millis>1643205388896</millis>
  <sequence>126</sequence>
  <level>END</level>
  <class>com.kms.katalon.core.logging.XmlKeywordLogger</class>
  <method>endKeyword</method>
  <thread>1</thread>
  <message>End action : setEncryptedText(findTestObject(&amp;quot;Object Repository/Page_Dataplace - SFA/Page_Dataplace - SFA/Page_Dataplace - SFA/Page_Dataplace - SFA/Page_Dataplace - SFA/Page_Dataplace - SFA/input_Senha_senha&amp;quot;), &amp;quot;jBu/h84nUum0DzfFUdyvAQ==&amp;quot;)</message>
  <nestedLevel>1</nestedLevel>
  <escapedJava>false</escapedJava>
</record>
<record>
  <date>2022-01-26T10:56:28</date>
  <millis>1643205388896</millis>
  <sequence>127</sequence>
  <level>START</level>
  <class>com.kms.katalon.core.logging.XmlKeywordLogger</class>
  <method>startKeyword</method>
  <thread>1</thread>
  <message>Start action : click(findTestObject(&amp;quot;Object Repository/Page_Dataplace - SFA/Page_Dataplace - SFA/Page_Dataplace - SFA/Page_Dataplace - SFA/Page_Dataplace - SFA/Page_Dataplace - SFA/div_Login&amp;quot;))</message>
  <nestedLevel>1</nestedLevel>
  <escapedJava>false</escapedJava>
  <property name="startLine">42</property>
  <property name="stepIndex">10</property>
</record>
<record>
  <date>2022-01-26T10:56:29</date>
  <millis>1643205389386</millis>
  <sequence>137</sequence>
  <level>PASSED</level>
  <class>com.kms.katalon.core.logging.XmlKeywordLogger</class>
  <method>logMessage</method>
  <thread>1</thread>
  <message>Object: &amp;apos;Object Repository/Page_Dataplace - SFA/Page_Dataplace - SFA/Page_Dataplace - SFA/Page_Dataplace - SFA/Page_Dataplace - SFA/Page_Dataplace - SFA/div_Login&amp;apos; is clicked on</message>
  <nestedLevel>1</nestedLevel>
  <escapedJava>false</escapedJava>
  <property name="testops-method-name">com.kms.katalon.core.webui.keyword.builtin.ClickKeyword.click</property>
  <property name="testops-execution-stacktrace"></property>
</record>
<record>
  <date>2022-01-26T10:56:29</date>
  <millis>1643205389386</millis>
  <sequence>138</sequence>
  <level>END</level>
  <class>com.kms.katalon.core.logging.XmlKeywordLogger</class>
  <method>endKeyword</method>
  <thread>1</thread>
  <message>End action : click(findTestObject(&amp;quot;Object Repository/Page_Dataplace - SFA/Page_Dataplace - SFA/Page_Dataplace - SFA/Page_Dataplace - SFA/Page_Dataplace - SFA/Page_Dataplace - SFA/div_Login&amp;quot;))</message>
  <nestedLevel>1</nestedLevel>
  <escapedJava>false</escapedJava>
</record>
<record>
  <date>2022-01-26T10:56:29</date>
  <millis>1643205389387</millis>
  <sequence>139</sequence>
  <level>START</level>
  <class>com.kms.katalon.core.logging.XmlKeywordLogger</class>
  <method>startKeyword</method>
  <thread>1</thread>
  <message>Start action : click(findTestObject(&amp;quot;Object Repository/Page_Dataplace - SFA/Page_Dataplace - SFA/Page_Dataplace - SFA/Page_Dataplace - SFA/Page_Dataplace - SFA/Page_Dataplace SFA/div_1603&amp;quot;))</message>
  <nestedLevel>1</nestedLevel>
  <escapedJava>false</escapedJava>
  <property name="startLine">44</property>
  <property name="stepIndex">11</property>
</record>
<record>
  <date>2022-01-26T10:56:30</date>
  <millis>1643205390155</millis>
  <sequence>149</sequence>
  <level>PASSED</level>
  <class>com.kms.katalon.core.logging.XmlKeywordLogger</class>
  <method>logMessage</method>
  <thread>1</thread>
  <message>Object: &amp;apos;Object Repository/Page_Dataplace - SFA/Page_Dataplace - SFA/Page_Dataplace - SFA/Page_Dataplace - SFA/Page_Dataplace - SFA/Page_Dataplace SFA/div_1603&amp;apos; is clicked on</message>
  <nestedLevel>1</nestedLevel>
  <escapedJava>false</escapedJava>
  <property name="testops-method-name">com.kms.katalon.core.webui.keyword.builtin.ClickKeyword.click</property>
  <property name="testops-execution-stacktrace"></property>
</record>
<record>
  <date>2022-01-26T10:56:30</date>
  <millis>1643205390156</millis>
  <sequence>150</sequence>
  <level>END</level>
  <class>com.kms.katalon.core.logging.XmlKeywordLogger</class>
  <method>endKeyword</method>
  <thread>1</thread>
  <message>End action : click(findTestObject(&amp;quot;Object Repository/Page_Dataplace - SFA/Page_Dataplace - SFA/Page_Dataplace - SFA/Page_Dataplace - SFA/Page_Dataplace - SFA/Page_Dataplace SFA/div_1603&amp;quot;))</message>
  <nestedLevel>1</nestedLevel>
  <escapedJava>false</escapedJava>
</record>
<record>
  <date>2022-01-26T10:56:30</date>
  <millis>1643205390156</millis>
  <sequence>151</sequence>
  <level>START</level>
  <class>com.kms.katalon.core.logging.XmlKeywordLogger</class>
  <method>startKeyword</method>
  <thread>1</thread>
  <message>Start action : setText(findTestObject(&amp;quot;Object Repository/Page_Dataplace - SFA/Page_Dataplace - SFA/Page_Dataplace - SFA/Page_Dataplace - SFA/Page_Dataplace - SFA/Page_Dataplace SFA/input_Produto_typeahead-produto&amp;quot;), &amp;quot; &amp;quot;)</message>
  <nestedLevel>1</nestedLevel>
  <escapedJava>false</escapedJava>
  <property name="startLine">46</property>
  <property name="stepIndex">12</property>
</record>
<record>
  <date>2022-01-26T10:56:31</date>
  <millis>1643205391179</millis>
  <sequence>167</sequence>
  <level>PASSED</level>
  <class>com.kms.katalon.core.logging.XmlKeywordLogger</class>
  <method>logMessage</method>
  <thread>1</thread>
  <message>Text &amp;apos; &amp;apos; is set on object &amp;apos;Object Repository/Page_Dataplace - SFA/Page_Dataplace - SFA/Page_Dataplace - SFA/Page_Dataplace - SFA/Page_Dataplace - SFA/Page_Dataplace SFA/input_Produto_typeahead-produto&amp;apos;</message>
  <nestedLevel>1</nestedLevel>
  <escapedJava>false</escapedJava>
  <property name="testops-method-name">com.kms.katalon.core.webui.keyword.builtin.SetTextKeyword.setText</property>
  <property name="testops-execution-stacktrace"></property>
</record>
<record>
  <date>2022-01-26T10:56:31</date>
  <millis>1643205391180</millis>
  <sequence>168</sequence>
  <level>END</level>
  <class>com.kms.katalon.core.logging.XmlKeywordLogger</class>
  <method>endKeyword</method>
  <thread>1</thread>
  <message>End action : setText(findTestObject(&amp;quot;Object Repository/Page_Dataplace - SFA/Page_Dataplace - SFA/Page_Dataplace - SFA/Page_Dataplace - SFA/Page_Dataplace - SFA/Page_Dataplace SFA/input_Produto_typeahead-produto&amp;quot;), &amp;quot; &amp;quot;)</message>
  <nestedLevel>1</nestedLevel>
  <escapedJava>false</escapedJava>
</record>
<record>
  <date>2022-01-26T10:56:31</date>
  <millis>1643205391180</millis>
  <sequence>169</sequence>
  <level>START</level>
  <class>com.kms.katalon.core.logging.XmlKeywordLogger</class>
  <method>startKeyword</method>
  <thread>1</thread>
  <message>Start action : click(findTestObject(&amp;quot;Object Repository/Page_Dataplace - SFA/Page_Dataplace - SFA/Page_Dataplace - SFA/Page_Dataplace - SFA/Page_Dataplace - SFA/Page_Dataplace SFA/button_BOTA HOMOCINETICA CORCEL - 00100&amp;quot;))</message>
  <nestedLevel>1</nestedLevel>
  <escapedJava>false</escapedJava>
  <property name="startLine">49</property>
  <property name="stepIndex">13</property>
</record>
<record>
  <date>2022-01-26T10:56:32</date>
  <millis>1643205392524</millis>
  <sequence>180</sequence>
  <level>PASSED</level>
  <class>com.kms.katalon.core.logging.XmlKeywordLogger</class>
  <method>logMessage</method>
  <thread>1</thread>
  <message>Object: &amp;apos;Object Repository/Page_Dataplace - SFA/Page_Dataplace - SFA/Page_Dataplace - SFA/Page_Dataplace - SFA/Page_Dataplace - SFA/Page_Dataplace SFA/button_BOTA HOMOCINETICA CORCEL - 00100&amp;apos; is clicked on</message>
  <nestedLevel>1</nestedLevel>
  <escapedJava>false</escapedJava>
  <property name="testops-method-name">com.kms.katalon.core.webui.keyword.builtin.ClickKeyword.click</property>
  <property name="testops-execution-stacktrace"></property>
</record>
<record>
  <date>2022-01-26T10:56:32</date>
  <millis>1643205392525</millis>
  <sequence>181</sequence>
  <level>END</level>
  <class>com.kms.katalon.core.logging.XmlKeywordLogger</class>
  <method>endKeyword</method>
  <thread>1</thread>
  <message>End action : click(findTestObject(&amp;quot;Object Repository/Page_Dataplace - SFA/Page_Dataplace - SFA/Page_Dataplace - SFA/Page_Dataplace - SFA/Page_Dataplace - SFA/Page_Dataplace SFA/button_BOTA HOMOCINETICA CORCEL - 00100&amp;quot;))</message>
  <nestedLevel>1</nestedLevel>
  <escapedJava>false</escapedJava>
</record>
<record>
  <date>2022-01-26T10:56:32</date>
  <millis>1643205392525</millis>
  <sequence>182</sequence>
  <level>START</level>
  <class>com.kms.katalon.core.logging.XmlKeywordLogger</class>
  <method>startKeyword</method>
  <thread>1</thread>
  <message>Start action : setText(findTestObject(&amp;quot;Object Repository/Page_Dataplace - SFA/Page_Dataplace - SFA/Page_Dataplace - SFA/Page_Dataplace - SFA/Page_Dataplace - SFA/Page_Dataplace SFA/input_Produto_typeahead-produto&amp;quot;), &amp;quot; &amp;quot;)</message>
  <nestedLevel>1</nestedLevel>
  <escapedJava>false</escapedJava>
  <property name="startLine">51</property>
  <property name="stepIndex">14</property>
</record>
<record>
  <date>2022-01-26T10:56:33</date>
  <millis>1643205393769</millis>
  <sequence>198</sequence>
  <level>PASSED</level>
  <class>com.kms.katalon.core.logging.XmlKeywordLogger</class>
  <method>logMessage</method>
  <thread>1</thread>
  <message>Text &amp;apos; &amp;apos; is set on object &amp;apos;Object Repository/Page_Dataplace - SFA/Page_Dataplace - SFA/Page_Dataplace - SFA/Page_Dataplace - SFA/Page_Dataplace - SFA/Page_Dataplace SFA/input_Produto_typeahead-produto&amp;apos;</message>
  <nestedLevel>1</nestedLevel>
  <escapedJava>false</escapedJava>
  <property name="testops-method-name">com.kms.katalon.core.webui.keyword.builtin.SetTextKeyword.setText</property>
  <property name="testops-execution-stacktrace"></property>
</record>
<record>
  <date>2022-01-26T10:56:33</date>
  <millis>1643205393770</millis>
  <sequence>199</sequence>
  <level>END</level>
  <class>com.kms.katalon.core.logging.XmlKeywordLogger</class>
  <method>endKeyword</method>
  <thread>1</thread>
  <message>End action : setText(findTestObject(&amp;quot;Object Repository/Page_Dataplace - SFA/Page_Dataplace - SFA/Page_Dataplace - SFA/Page_Dataplace - SFA/Page_Dataplace - SFA/Page_Dataplace SFA/input_Produto_typeahead-produto&amp;quot;), &amp;quot; &amp;quot;)</message>
  <nestedLevel>1</nestedLevel>
  <escapedJava>false</escapedJava>
</record>
<record>
  <date>2022-01-26T10:56:33</date>
  <millis>1643205393770</millis>
  <sequence>200</sequence>
  <level>START</level>
  <class>com.kms.katalon.core.logging.XmlKeywordLogger</class>
  <method>startKeyword</method>
  <thread>1</thread>
  <message>Start action : setText(findTestObject(&amp;quot;Object Repository/Page_Dataplace - SFA/Page_Dataplace - SFA/Page_Dataplace - SFA/Page_Dataplace - SFA/Page_Dataplace - SFA/Page_Dataplace SFA/input_Quantidade_quantidade&amp;quot;), quantidade)</message>
  <nestedLevel>1</nestedLevel>
  <escapedJava>false</escapedJava>
  <property name="startLine">54</property>
  <property name="stepIndex">15</property>
</record>
<record>
  <date>2022-01-26T10:56:34</date>
  <millis>1643205394781</millis>
  <sequence>216</sequence>
  <level>PASSED</level>
  <class>com.kms.katalon.core.logging.XmlKeywordLogger</class>
  <method>logMessage</method>
  <thread>1</thread>
  <message>Text &amp;apos;&amp;apos; is set on object &amp;apos;Object Repository/Page_Dataplace - SFA/Page_Dataplace - SFA/Page_Dataplace - SFA/Page_Dataplace - SFA/Page_Dataplace - SFA/Page_Dataplace SFA/input_Quantidade_quantidade&amp;apos;</message>
  <nestedLevel>1</nestedLevel>
  <escapedJava>false</escapedJava>
  <property name="testops-method-name">com.kms.katalon.core.webui.keyword.builtin.SetTextKeyword.setText</property>
  <property name="testops-execution-stacktrace"></property>
</record>
<record>
  <date>2022-01-26T10:56:34</date>
  <millis>1643205394783</millis>
  <sequence>217</sequence>
  <level>END</level>
  <class>com.kms.katalon.core.logging.XmlKeywordLogger</class>
  <method>endKeyword</method>
  <thread>1</thread>
  <message>End action : setText(findTestObject(&amp;quot;Object Repository/Page_Dataplace - SFA/Page_Dataplace - SFA/Page_Dataplace - SFA/Page_Dataplace - SFA/Page_Dataplace - SFA/Page_Dataplace SFA/input_Quantidade_quantidade&amp;quot;), quantidade)</message>
  <nestedLevel>1</nestedLevel>
  <escapedJava>false</escapedJava>
</record>
<record>
  <date>2022-01-26T10:56:34</date>
  <millis>1643205394783</millis>
  <sequence>218</sequence>
  <level>START</level>
  <class>com.kms.katalon.core.logging.XmlKeywordLogger</class>
  <method>startKeyword</method>
  <thread>1</thread>
  <message>Start action : mouseOver(findTestObject(&amp;quot;Page_Dataplace - SFA/Page_Dataplace - SFA/Page_Dataplace - SFA/Page_Dataplace SFA/input_Descontos_0ab94cb2-51f7-473c-add8-9564d5be0d47&amp;quot;), STOP_ON_FAILURE)</message>
  <nestedLevel>1</nestedLevel>
  <escapedJava>false</escapedJava>
  <property name="startLine">57</property>
  <property name="stepIndex">16</property>
</record>
<record>
  <date>2022-01-26T10:57:06</date>
  <millis>1643205426084</millis>
  <sequence>340</sequence>
  <level>INFO</level>
  <class>com.kms.katalon.core.logging.XmlKeywordLogger</class>
  <method>logMessage</method>
  <thread>1</thread>
  <message>Unable to find the element located by &amp;apos;By.xpath: //input[@id=&amp;apos;0ab94cb2-51f7-473c-add8-9564d5be0d47&amp;apos;]&amp;apos;. Please recheck the objects properties to make sure the desired element is located. </message>
  <nestedLevel>1</nestedLevel>
  <escapedJava>false</escapedJava>
</record>
<record>
  <date>2022-01-26T10:57:06</date>
  <millis>1643205426258</millis>
  <sequence>344</sequence>
  <level>FAILED</level>
  <class>com.kms.katalon.core.logging.XmlKeywordLogger</class>
  <method>logMessage</method>
  <thread>1</thread>
  <message>Unable to move mouse over object &amp;apos;Object Repository/Page_Dataplace - SFA/Page_Dataplace - SFA/Page_Dataplace - SFA/Page_Dataplace SFA/input_Descontos_0ab94cb2-51f7-473c-add8-9564d5be0d47&amp;apos; (Root cause: com.kms.katalon.core.exception.StepFailedException: Unable to move mouse over object &amp;apos;Object Repository/Page_Dataplace - SFA/Page_Dataplace - SFA/Page_Dataplace - SFA/Page_Dataplace SFA/input_Descontos_0ab94cb2-51f7-473c-add8-9564d5be0d47&amp;apos;
	at com.kms.katalon.core.webui.keyword.internal.WebUIKeywordMain.stepFailed(WebUIKeywordMain.groovy:64)
	at com.kms.katalon.core.webui.keyword.internal.WebUIKeywordMain.runKeyword(WebUIKeywordMain.groovy:26)
	at com.kms.katalon.core.webui.keyword.builtin.MouseOverKeyword.mouseOver(MouseOverKeyword.groovy:66)
	at com.kms.katalon.core.webui.keyword.builtin.MouseOverKeyword.execute(MouseOverKeyword.groovy:40)
	at com.kms.katalon.core.keyword.internal.KeywordExecutor.executeKeywordForPlatform(KeywordExecutor.groovy:74)
	at com.kms.katalon.core.webui.keyword.WebUiBuiltInKeywords.mouseOver(WebUiBuiltInKeywords.groovy:794)
	at com.kms.katalon.core.webui.keyword.WebUiBuiltInKeywords$mouseOver$4.call(Unknown Source)
	at New Test Case.run(New Test Case:57)
	at com.kms.katalon.core.main.ScriptEngine.run(ScriptEngine.java:194)
	at com.kms.katalon.core.main.ScriptEngine.runScriptAsRawText(ScriptEngine.java:119)
	at com.kms.katalon.core.main.TestCaseExecutor.runScript(TestCaseExecutor.java:442)
	at com.kms.katalon.core.main.TestCaseExecutor.doExecute(TestCaseExecutor.java:433)
	at com.kms.katalon.core.main.TestCaseExecutor.processExecutionPhase(TestCaseExecutor.java:412)
	at com.kms.katalon.core.main.TestCaseExecutor.accessMainPhase(TestCaseExecutor.java:404)
	at com.kms.katalon.core.main.TestCaseExecutor.execute(TestCaseExecutor.java:281)
	at com.kms.katalon.core.main.TestSuiteExecutor.accessTestCaseMainPhase(TestSuiteExecutor.java:202)
	at com.kms.katalon.core.main.TestSuiteExecutor.accessTestSuiteMainPhase(TestSuiteExecutor.java:164)
	at com.kms.katalon.core.main.TestSuiteExecutor.execute(TestSuiteExecutor.java:105)
	at com.kms.katalon.core.main.TestCaseMain.startTestSuite(TestCaseMain.java:185)
	at com.kms.katalon.core.main.TestCaseMain$startTestSuite$0.call(Unknown Source)
	at TempTestSuite1643205377071.run(TempTestSuite1643205377071.groovy:36)
Caused by: com.kms.katalon.core.webui.exception.WebElementNotFoundException: Web element with id: &amp;apos;Object Repository/Page_Dataplace - SFA/Page_Dataplace - SFA/Page_Dataplace - SFA/Page_Dataplace SFA/input_Descontos_0ab94cb2-51f7-473c-add8-9564d5be0d47&amp;apos; located by &amp;apos;//input[@id=&amp;apos;0ab94cb2-51f7-473c-add8-9564d5be0d47&amp;apos;]&amp;apos; not found
	at com.kms.katalon.core.webui.common.WebUiCommonHelper.findWebElement(WebUiCommonHelper.java:1370)
	at com.kms.katalon.core.webui.keyword.internal.WebUIAbstractKeyword.findWebElement(WebUIAbstractKeyword.groovy:27)
	at com.kms.katalon.core.webui.keyword.internal.WebUIAbstractKeyword.findWebElement(WebUIAbstractKeyword.groovy:26)
	at com.kms.katalon.core.webui.keyword.builtin.MouseOverKeyword$_mouseOver_closure1.doCall(MouseOverKeyword.groovy:54)
	at com.kms.katalon.core.webui.keyword.builtin.MouseOverKeyword$_mouseOver_closure1.call(MouseOverKeyword.groovy)
	at com.kms.katalon.core.webui.keyword.internal.WebUIKeywordMain.runKeyword(WebUIKeywordMain.groovy:20)
	at com.kms.katalon.core.webui.keyword.builtin.MouseOverKeyword.mouseOver(MouseOverKeyword.groovy:66)
	at com.kms.katalon.core.webui.keyword.builtin.MouseOverKeyword.execute(MouseOverKeyword.groovy:40)
	at com.kms.katalon.core.keyword.internal.KeywordExecutor.executeKeywordForPlatform(KeywordExecutor.groovy:74)
	at com.kms.katalon.core.webui.keyword.WebUiBuiltInKeywords.mouseOver(WebUiBuiltInKeywords.groovy:794)
	at com.kms.katalon.core.webui.keyword.WebUiBuiltInKeywords$mouseOver$4.call(Unknown Source)
	at Script1643136530439.run(Script1643136530439.groovy:57)
	... 13 more
)</message>
  <nestedLevel>1</nestedLevel>
  <escapedJava>false</escapedJava>
  <property name="failed.exception.class">com.kms.katalon.core.webui.exception.WebElementNotFoundException</property>
  <property name="attachment">1643205426086.png</property>
  <property name="failed.exception.stacktrace">com.kms.katalon.core.webui.exception.WebElementNotFoundException: Web element with id: &apos;Object Repository/Page_Dataplace - SFA/Page_Dataplace - SFA/Page_Dataplace - SFA/Page_Dataplace SFA/input_Descontos_0ab94cb2-51f7-473c-add8-9564d5be0d47&apos; located by &apos;//input[@id=&apos;0ab94cb2-51f7-473c-add8-9564d5be0d47&apos;]&apos; not found
	at com.kms.katalon.core.webui.common.WebUiCommonHelper.findWebElement(WebUiCommonHelper.java:1370)
	at com.kms.katalon.core.webui.keyword.internal.WebUIAbstractKeyword.findWebElement(WebUIAbstractKeyword.groovy:27)
	at com.kms.katalon.core.webui.keyword.internal.WebUIAbstractKeyword.findWebElement(WebUIAbstractKeyword.groovy:26)
	at com.kms.katalon.core.webui.keyword.builtin.MouseOverKeyword$_mouseOver_closure1.doCall(MouseOverKeyword.groovy:54)
	at com.kms.katalon.core.webui.keyword.builtin.MouseOverKeyword$_mouseOver_closure1.call(MouseOverKeyword.groovy)
	at com.kms.katalon.core.webui.keyword.internal.WebUIKeywordMain.runKeyword(WebUIKeywordMain.groovy:20)
	at com.kms.katalon.core.webui.keyword.builtin.MouseOverKeyword.mouseOver(MouseOverKeyword.groovy:66)
	at com.kms.katalon.core.webui.keyword.builtin.MouseOverKeyword.execute(MouseOverKeyword.groovy:40)
	at com.kms.katalon.core.keyword.internal.KeywordExecutor.executeKeywordForPlatform(KeywordExecutor.groovy:74)
	at com.kms.katalon.core.webui.keyword.WebUiBuiltInKeywords.mouseOver(WebUiBuiltInKeywords.groovy:794)
	at com.kms.katalon.core.webui.keyword.WebUiBuiltInKeywords$mouseOver$4.call(Unknown Source)
	at New Test Case.run(New Test Case:57)
	at com.kms.katalon.core.main.ScriptEngine.run(ScriptEngine.java:194)
	at com.kms.katalon.core.main.ScriptEngine.runScriptAsRawText(ScriptEngine.java:119)
	at com.kms.katalon.core.main.TestCaseExecutor.runScript(TestCaseExecutor.java:442)
	at com.kms.katalon.core.main.TestCaseExecutor.doExecute(TestCaseExecutor.java:433)
	at com.kms.katalon.core.main.TestCaseExecutor.processExecutionPhase(TestCaseExecutor.java:412)
	at com.kms.katalon.core.main.TestCaseExecutor.accessMainPhase(TestCaseExecutor.java:404)
	at com.kms.katalon.core.main.TestCaseExecutor.execute(TestCaseExecutor.java:281)
	at com.kms.katalon.core.main.TestSuiteExecutor.accessTestCaseMainPhase(TestSuiteExecutor.java:202)
	at com.kms.katalon.core.main.TestSuiteExecutor.accessTestSuiteMainPhase(TestSuiteExecutor.java:164)
	at com.kms.katalon.core.main.TestSuiteExecutor.execute(TestSuiteExecutor.java:105)
	at com.kms.katalon.core.main.TestCaseMain.startTestSuite(TestCaseMain.java:185)
	at com.kms.katalon.core.main.TestCaseMain$startTestSuite$0.call(Unknown Source)
	at TempTestSuite1643205377071.run(TempTestSuite1643205377071.groovy:36)
</property>
  <property name="failed.exception.message">Web element with id: &apos;Object Repository/Page_Dataplace - SFA/Page_Dataplace - SFA/Page_Dataplace - SFA/Page_Dataplace SFA/input_Descontos_0ab94cb2-51f7-473c-add8-9564d5be0d47&apos; located by &apos;//input[@id=&apos;0ab94cb2-51f7-473c-add8-9564d5be0d47&apos;]&apos; not found</property>
</record>
<record>
  <date>2022-01-26T10:57:06</date>
  <millis>1643205426260</millis>
  <sequence>347</sequence>
  <level>END</level>
  <class>com.kms.katalon.core.logging.XmlKeywordLogger</class>
  <method>endKeyword</method>
  <thread>1</thread>
  <message>End action : mouseOver(findTestObject(&amp;quot;Page_Dataplace - SFA/Page_Dataplace - SFA/Page_Dataplace - SFA/Page_Dataplace SFA/input_Descontos_0ab94cb2-51f7-473c-add8-9564d5be0d47&amp;quot;), STOP_ON_FAILURE)</message>
  <nestedLevel>1</nestedLevel>
  <escapedJava>false</escapedJava>
</record>
<record>
  <date>2022-01-26T10:57:06</date>
  <millis>1643205426261</millis>
  <sequence>350</sequence>
  <level>FAILED</level>
  <class>com.kms.katalon.core.logging.XmlKeywordLogger</class>
  <method>logMessage</method>
  <thread>1</thread>
  <message>Test Cases/New Test Case FAILED.
Reason:
com.kms.katalon.core.exception.StepFailedException: Unable to move mouse over object &amp;apos;Object Repository/Page_Dataplace - SFA/Page_Dataplace - SFA/Page_Dataplace - SFA/Page_Dataplace SFA/input_Descontos_0ab94cb2-51f7-473c-add8-9564d5be0d47&amp;apos;
	at com.kms.katalon.core.webui.keyword.internal.WebUIKeywordMain.stepFailed(WebUIKeywordMain.groovy:64)
	at com.kms.katalon.core.webui.keyword.internal.WebUIKeywordMain.runKeyword(WebUIKeywordMain.groovy:26)
	at com.kms.katalon.core.webui.keyword.builtin.MouseOverKeyword.mouseOver(MouseOverKeyword.groovy:66)
	at com.kms.katalon.core.webui.keyword.builtin.MouseOverKeyword.execute(MouseOverKeyword.groovy:40)
	at com.kms.katalon.core.keyword.internal.KeywordExecutor.executeKeywordForPlatform(KeywordExecutor.groovy:74)
	at com.kms.katalon.core.webui.keyword.WebUiBuiltInKeywords.mouseOver(WebUiBuiltInKeywords.groovy:794)
	at com.kms.katalon.core.webui.keyword.WebUiBuiltInKeywords$mouseOver$4.call(Unknown Source)
	at New Test Case.run(New Test Case:57)
	at com.kms.katalon.core.main.ScriptEngine.run(ScriptEngine.java:194)
	at com.kms.katalon.core.main.ScriptEngine.runScriptAsRawText(ScriptEngine.java:119)
	at com.kms.katalon.core.main.TestCaseExecutor.runScript(TestCaseExecutor.java:442)
	at com.kms.katalon.core.main.TestCaseExecutor.doExecute(TestCaseExecutor.java:433)
	at com.kms.katalon.core.main.TestCaseExecutor.processExecutionPhase(TestCaseExecutor.java:412)
	at com.kms.katalon.core.main.TestCaseExecutor.accessMainPhase(TestCaseExecutor.java:404)
	at com.kms.katalon.core.main.TestCaseExecutor.execute(TestCaseExecutor.java:281)
	at com.kms.katalon.core.main.TestSuiteExecutor.accessTestCaseMainPhase(TestSuiteExecutor.java:202)
	at com.kms.katalon.core.main.TestSuiteExecutor.accessTestSuiteMainPhase(TestSuiteExecutor.java:164)
	at com.kms.katalon.core.main.TestSuiteExecutor.execute(TestSuiteExecutor.java:105)
	at com.kms.katalon.core.main.TestCaseMain.startTestSuite(TestCaseMain.java:185)
	at com.kms.katalon.core.main.TestCaseMain$startTestSuite$0.call(Unknown Source)
	at TempTestSuite1643205377071.run(TempTestSuite1643205377071.groovy:36)
Caused by: com.kms.katalon.core.webui.exception.WebElementNotFoundException: Web element with id: &amp;apos;Object Repository/Page_Dataplace - SFA/Page_Dataplace - SFA/Page_Dataplace - SFA/Page_Dataplace SFA/input_Descontos_0ab94cb2-51f7-473c-add8-9564d5be0d47&amp;apos; located by &amp;apos;//input[@id=&amp;apos;0ab94cb2-51f7-473c-add8-9564d5be0d47&amp;apos;]&amp;apos; not found
	at com.kms.katalon.core.webui.common.WebUiCommonHelper.findWebElement(WebUiCommonHelper.java:1370)
	at com.kms.katalon.core.webui.keyword.internal.WebUIAbstractKeyword.findWebElement(WebUIAbstractKeyword.groovy:27)
	at com.kms.katalon.core.webui.keyword.internal.WebUIAbstractKeyword.findWebElement(WebUIAbstractKeyword.groovy:26)
	at com.kms.katalon.core.webui.keyword.builtin.MouseOverKeyword$_mouseOver_closure1.doCall(MouseOverKeyword.groovy:54)
	at com.kms.katalon.core.webui.keyword.builtin.MouseOverKeyword$_mouseOver_closure1.call(MouseOverKeyword.groovy)
	at com.kms.katalon.core.webui.keyword.internal.WebUIKeywordMain.runKeyword(WebUIKeywordMain.groovy:20)
	... 19 more
</message>
  <exception>
    <message>com.kms.katalon.core.exception.StepFailedException: Unable to move mouse over object 'Object Repository/Page_Dataplace - SFA/Page_Dataplace - SFA/Page_Dataplace - SFA/Page_Dataplace SFA/input_Descontos_0ab94cb2-51f7-473c-add8-9564d5be0d47'</message>
    <frame>
      <class>com.kms.katalon.core.webui.keyword.internal.WebUIKeywordMain</class>
      <method>stepFailed</method>
      <line>64</line>
    </frame>
    <frame>
      <class>com.kms.katalon.core.webui.keyword.internal.WebUIKeywordMain</class>
      <method>runKeyword</method>
      <line>26</line>
    </frame>
    <frame>
      <class>com.kms.katalon.core.webui.keyword.builtin.MouseOverKeyword</class>
      <method>mouseOver</method>
      <line>66</line>
    </frame>
    <frame>
      <class>com.kms.katalon.core.webui.keyword.builtin.MouseOverKeyword</class>
      <method>execute</method>
      <line>40</line>
    </frame>
    <frame>
      <class>com.kms.katalon.core.keyword.internal.KeywordExecutor</class>
      <method>executeKeywordForPlatform</method>
      <line>74</line>
    </frame>
    <frame>
      <class>com.kms.katalon.core.webui.keyword.WebUiBuiltInKeywords</class>
      <method>mouseOver</method>
      <line>794</line>
    </frame>
    <frame>
      <class>com.kms.katalon.core.webui.keyword.WebUiBuiltInKeywords$mouseOver$4</class>
      <method>call</method>
    </frame>
    <frame>
      <class>New Test Case</class>
      <method>run</method>
      <line>57</line>
    </frame>
    <frame>
      <class>com.kms.katalon.core.main.ScriptEngine</class>
      <method>run</method>
      <line>194</line>
    </frame>
    <frame>
      <class>com.kms.katalon.core.main.ScriptEngine</class>
      <method>runScriptAsRawText</method>
      <line>119</line>
    </frame>
    <frame>
      <class>com.kms.katalon.core.main.TestCaseExecutor</class>
      <method>runScript</method>
      <line>442</line>
    </frame>
    <frame>
      <class>com.kms.katalon.core.main.TestCaseExecutor</class>
      <method>doExecute</method>
      <line>433</line>
    </frame>
    <frame>
      <class>com.kms.katalon.core.main.TestCaseExecutor</class>
      <method>processExecutionPhase</method>
      <line>412</line>
    </frame>
    <frame>
      <class>com.kms.katalon.core.main.TestCaseExecutor</class>
      <method>accessMainPhase</method>
      <line>404</line>
    </frame>
    <frame>
      <class>com.kms.katalon.core.main.TestCaseExecutor</class>
      <method>execute</method>
      <line>281</line>
    </frame>
    <frame>
      <class>com.kms.katalon.core.main.TestSuiteExecutor</class>
      <method>accessTestCaseMainPhase</method>
      <line>202</line>
    </frame>
    <frame>
      <class>com.kms.katalon.core.main.TestSuiteExecutor</class>
      <method>accessTestSuiteMainPhase</method>
      <line>164</line>
    </frame>
    <frame>
      <class>com.kms.katalon.core.main.TestSuiteExecutor</class>
      <method>execute</method>
      <line>105</line>
    </frame>
    <frame>
      <class>com.kms.katalon.core.main.TestCaseMain</class>
      <method>startTestSuite</method>
      <line>185</line>
    </frame>
    <frame>
      <class>com.kms.katalon.core.main.TestCaseMain$startTestSuite$0</class>
      <method>call</method>
    </frame>
    <frame>
      <class>TempTestSuite1643205377071</class>
      <method>run</method>
      <line>36</line>
    </frame>
  </exception>
  <nestedLevel>0</nestedLevel>
  <escapedJava>false</escapedJava>
  <property name="failed.exception.stacktrace">com.kms.katalon.core.webui.exception.WebElementNotFoundException: Web element with id: &apos;Object Repository/Page_Dataplace - SFA/Page_Dataplace - SFA/Page_Dataplace - SFA/Page_Dataplace SFA/input_Descontos_0ab94cb2-51f7-473c-add8-9564d5be0d47&apos; located by &apos;//input[@id=&apos;0ab94cb2-51f7-473c-add8-9564d5be0d47&apos;]&apos; not found
	at com.kms.katalon.core.webui.common.WebUiCommonHelper.findWebElement(WebUiCommonHelper.java:1370)
	at com.kms.katalon.core.webui.keyword.internal.WebUIAbstractKeyword.findWebElement(WebUIAbstractKeyword.groovy:27)
	at com.kms.katalon.core.webui.keyword.internal.WebUIAbstractKeyword.findWebElement(WebUIAbstractKeyword.groovy:26)
	at com.kms.katalon.core.webui.keyword.builtin.MouseOverKeyword$_mouseOver_closure1.doCall(MouseOverKeyword.groovy:54)
	at com.kms.katalon.core.webui.keyword.builtin.MouseOverKeyword$_mouseOver_closure1.call(MouseOverKeyword.groovy)
	at com.kms.katalon.core.webui.keyword.internal.WebUIKeywordMain.runKeyword(WebUIKeywordMain.groovy:20)
	at com.kms.katalon.core.webui.keyword.builtin.MouseOverKeyword.mouseOver(MouseOverKeyword.groovy:66)
	at com.kms.katalon.core.webui.keyword.builtin.MouseOverKeyword.execute(MouseOverKeyword.groovy:40)
	at com.kms.katalon.core.keyword.internal.KeywordExecutor.executeKeywordForPlatform(KeywordExecutor.groovy:74)
	at com.kms.katalon.core.webui.keyword.WebUiBuiltInKeywords.mouseOver(WebUiBuiltInKeywords.groovy:794)
	at com.kms.katalon.core.webui.keyword.WebUiBuiltInKeywords$mouseOver$4.call(Unknown Source)
	at New Test Case.run(New Test Case:57)
	at com.kms.katalon.core.main.ScriptEngine.run(ScriptEngine.java:194)
	at com.kms.katalon.core.main.ScriptEngine.runScriptAsRawText(ScriptEngine.java:119)
	at com.kms.katalon.core.main.TestCaseExecutor.runScript(TestCaseExecutor.java:442)
	at com.kms.katalon.core.main.TestCaseExecutor.doExecute(TestCaseExecutor.java:433)
	at com.kms.katalon.core.main.TestCaseExecutor.processExecutionPhase(TestCaseExecutor.java:412)
	at com.kms.katalon.core.main.TestCaseExecutor.accessMainPhase(TestCaseExecutor.java:404)
	at com.kms.katalon.core.main.TestCaseExecutor.execute(TestCaseExecutor.java:281)
	at com.kms.katalon.core.main.TestSuiteExecutor.accessTestCaseMainPhase(TestSuiteExecutor.java:202)
	at com.kms.katalon.core.main.TestSuiteExecutor.accessTestSuiteMainPhase(TestSuiteExecutor.java:164)
	at com.kms.katalon.core.main.TestSuiteExecutor.execute(TestSuiteExecutor.java:105)
	at com.kms.katalon.core.main.TestCaseMain.startTestSuite(TestCaseMain.java:185)
	at com.kms.katalon.core.main.TestCaseMain$startTestSuite$0.call(Unknown Source)
	at TempTestSuite1643205377071.run(TempTestSuite1643205377071.groovy:36)
</property>
  <property name="failed.exception.class">com.kms.katalon.core.webui.exception.WebElementNotFoundException</property>
  <property name="failed.exception.message">Web element with id: &apos;Object Repository/Page_Dataplace - SFA/Page_Dataplace - SFA/Page_Dataplace - SFA/Page_Dataplace SFA/input_Descontos_0ab94cb2-51f7-473c-add8-9564d5be0d47&apos; located by &apos;//input[@id=&apos;0ab94cb2-51f7-473c-add8-9564d5be0d47&apos;]&apos; not found</property>
</record>
<record>
  <date>2022-01-26T10:57:06</date>
  <millis>1643205426269</millis>
  <sequence>352</sequence>
  <level>END</level>
  <class>com.kms.katalon.core.logging.XmlKeywordLogger</class>
  <method>endTest</method>
  <thread>1</thread>
  <message>End Test Case : Test Cases/New Test Case</message>
  <nestedLevel>0</nestedLevel>
  <escapedJava>false</escapedJava>
  <property name="executionBindingVariables">[
  {
    &quot;displayReportName&quot;: &quot;(Default) quantidade&quot;,
    &quot;value&quot;: &quot;&quot;,
    &quot;name&quot;: &quot;(Default) quantidade&quot;,
    &quot;masked&quot;: false
  },
  {
    &quot;displayReportName&quot;: &quot;(Default) desconto1&quot;,
    &quot;value&quot;: &quot;&quot;,
    &quot;name&quot;: &quot;(Default) desconto1&quot;,
    &quot;masked&quot;: false
  },
  {
    &quot;displayReportName&quot;: &quot;(Default) preco&quot;,
    &quot;value&quot;: &quot;&quot;,
    &quot;name&quot;: &quot;(Default) preco&quot;,
    &quot;masked&quot;: false
  },
  {
    &quot;displayReportName&quot;: &quot;(Default) total&quot;,
    &quot;value&quot;: &quot;&quot;,
    &quot;name&quot;: &quot;(Default) total&quot;,
    &quot;masked&quot;: false
  }
]</property>
  <property name="keywordsUsage">{
  &quot;web_ui&quot;: true,
  &quot;web_service&quot;: false,
  &quot;cucumber&quot;: false,
  &quot;builtin&quot;: false,
  &quot;mobile&quot;: false,
  &quot;windows&quot;: false,
  &quot;testng&quot;: false
}</property>
</record>
<record>
  <date>2022-01-26T10:57:06</date>
  <millis>1643205426272</millis>
  <sequence>353</sequence>
  <level>START</level>
  <class>com.kms.katalon.core.logging.XmlKeywordLogger</class>
  <method>startKeyword</method>
  <thread>1</thread>
  <message>Start listener action : exportKatalonReports</message>
  <nestedLevel>0</nestedLevel>
  <escapedJava>false</escapedJava>
</record>
<record>
  <date>2022-01-26T10:57:06</date>
  <millis>1643205426531</millis>
  <sequence>493</sequence>
  <level>INFO</level>
  <class>com.kms.katalon.core.logging.XmlKeywordLogger</class>
  <method>logMessage</method>
  <thread>1</thread>
  <message>Start generating HTML report folder at: C:\Users\Administrator\git\Site-SFA\Reports\20220126_105617\calcula pedido\20220126_105617...</message>
  <nestedLevel>0</nestedLevel>
  <escapedJava>false</escapedJava>
</record>
<record>
  <date>2022-01-26T10:57:06</date>
  <millis>1643205426638</millis>
  <sequence>494</sequence>
  <level>INFO</level>
  <class>com.kms.katalon.core.logging.XmlKeywordLogger</class>
  <method>logMessage</method>
  <thread>1</thread>
  <message>HTML report generated</message>
  <nestedLevel>0</nestedLevel>
  <escapedJava>false</escapedJava>
</record>
<record>
  <date>2022-01-26T10:57:06</date>
  <millis>1643205426639</millis>
  <sequence>495</sequence>
  <level>INFO</level>
  <class>com.kms.katalon.core.logging.XmlKeywordLogger</class>
  <method>logMessage</method>
  <thread>1</thread>
  <message>Start generating CSV report folder at: C:\Users\Administrator\git\Site-SFA\Reports\20220126_105617\calcula pedido\20220126_105617...</message>
  <nestedLevel>0</nestedLevel>
  <escapedJava>false</escapedJava>
</record>
<record>
  <date>2022-01-26T10:57:06</date>
  <millis>1643205426680</millis>
  <sequence>496</sequence>
  <level>INFO</level>
  <class>com.kms.katalon.core.logging.XmlKeywordLogger</class>
  <method>logMessage</method>
  <thread>1</thread>
  <message>CSV report generated</message>
  <nestedLevel>0</nestedLevel>
  <escapedJava>false</escapedJava>
</record>
<record>
  <date>2022-01-26T10:57:06</date>
  <millis>1643205426709</millis>
  <sequence>498</sequence>
  <level>END</level>
  <class>com.kms.katalon.core.logging.XmlKeywordLogger</class>
  <method>endKeyword</method>
  <thread>1</thread>
  <message>End listener action : exportKatalonReports</message>
  <nestedLevel>0</nestedLevel>
  <escapedJava>false</escapedJava>
</record>
<record>
  <date>2022-01-26T10:57:07</date>
  <millis>1643205427520</millis>
  <sequence>499</sequence>
  <level>END</level>
  <class>com.kms.katalon.core.logging.XmlKeywordLogger</class>
  <method>endSuite</method>
  <thread>1</thread>
  <message>End Test Suite : Test Suites/calcula pedido</message>
  <nestedLevel>0</nestedLevel>
  <escapedJava>false</escapedJava>
</record>
</log>
