<?xml version="1.0" encoding="UTF-8" standalone="no"?>
<!DOCTYPE log SYSTEM "logger.dtd">
<log>
<record>
  <date>2022-01-25T17:09:05</date>
  <millis>1643141345198</millis>
  <sequence>0</sequence>
  <level>START</level>
  <class>com.kms.katalon.core.logging.XmlKeywordLogger</class>
  <method>startSuite</method>
  <thread>1</thread>
  <message>Start Test Suite : Test Suites/calcula pedido</message>
  <nestedLevel>0</nestedLevel>
  <escapedJava>false</escapedJava>
  <property name="rerunTestFailImmediately">false</property>
  <property name="retryCount">0</property>
  <property name="name">calcula pedido</property>
  <property name="description"></property>
  <property name="id">Test Suites/calcula pedido</property>
</record>
<record>
  <date>2022-01-25T17:09:05</date>
  <millis>1643141345216</millis>
  <sequence>1</sequence>
  <level>RUN_DATA</level>
  <class>com.kms.katalon.core.logging.XmlKeywordLogger</class>
  <method>logMessage</method>
  <thread>1</thread>
  <message>hostName = Administrator - 172.16.2.74</message>
  <nestedLevel>0</nestedLevel>
  <escapedJava>false</escapedJava>
  <property name="hostName">Administrator - 172.16.2.74</property>
</record>
<record>
  <date>2022-01-25T17:09:05</date>
  <millis>1643141345217</millis>
  <sequence>2</sequence>
  <level>RUN_DATA</level>
  <class>com.kms.katalon.core.logging.XmlKeywordLogger</class>
  <method>logMessage</method>
  <thread>1</thread>
  <message>os = Windows 10 64bit</message>
  <nestedLevel>0</nestedLevel>
  <escapedJava>false</escapedJava>
  <property name="os">Windows 10 64bit</property>
</record>
<record>
  <date>2022-01-25T17:09:05</date>
  <millis>1643141345217</millis>
  <sequence>3</sequence>
  <level>RUN_DATA</level>
  <class>com.kms.katalon.core.logging.XmlKeywordLogger</class>
  <method>logMessage</method>
  <thread>1</thread>
  <message>hostAddress = 172.16.2.74</message>
  <nestedLevel>0</nestedLevel>
  <escapedJava>false</escapedJava>
  <property name="hostAddress">172.16.2.74</property>
</record>
<record>
  <date>2022-01-25T17:09:05</date>
  <millis>1643141345218</millis>
  <sequence>4</sequence>
  <level>RUN_DATA</level>
  <class>com.kms.katalon.core.logging.XmlKeywordLogger</class>
  <method>logMessage</method>
  <thread>1</thread>
  <message>katalonVersion = 8.2.5.208</message>
  <nestedLevel>0</nestedLevel>
  <escapedJava>false</escapedJava>
  <property name="katalonVersion">8.2.5.208</property>
</record>
<record>
  <date>2022-01-25T17:09:05</date>
  <millis>1643141345687</millis>
  <sequence>5</sequence>
  <level>START</level>
  <class>com.kms.katalon.core.logging.XmlKeywordLogger</class>
  <method>startTest</method>
  <thread>1</thread>
  <message>Start Test Case : Test Cases/New Test Case</message>
  <nestedLevel>1</nestedLevel>
  <escapedJava>false</escapedJava>
  <property name="name">Test Cases/New Test Case</property>
  <property name="description"></property>
  <property name="id">Test Cases/New Test Case</property>
  <property name="source">C:\Users\Administrator\git\Site-SFA\Test Cases\New Test Case.tc</property>
  <property name="tag"></property>
  <property name="isOptional">false</property>
</record>
<record>
  <date>2022-01-25T17:09:05</date>
  <millis>1643141345717</millis>
  <sequence>7</sequence>
  <level>INFO</level>
  <class>com.kms.katalon.core.logging.XmlKeywordLogger</class>
  <method>logMessage</method>
  <thread>1</thread>
  <message>quantidade = 1</message>
  <nestedLevel>1</nestedLevel>
  <escapedJava>false</escapedJava>
</record>
<record>
  <date>2022-01-25T17:09:05</date>
  <millis>1643141345718</millis>
  <sequence>8</sequence>
  <level>INFO</level>
  <class>com.kms.katalon.core.logging.XmlKeywordLogger</class>
  <method>logMessage</method>
  <thread>1</thread>
  <message>preco = 13,00</message>
  <nestedLevel>1</nestedLevel>
  <escapedJava>false</escapedJava>
</record>
<record>
  <date>2022-01-25T17:09:05</date>
  <millis>1643141345719</millis>
  <sequence>9</sequence>
  <level>INFO</level>
  <class>com.kms.katalon.core.logging.XmlKeywordLogger</class>
  <method>logMessage</method>
  <thread>1</thread>
  <message>total = R$ 13,00</message>
  <nestedLevel>1</nestedLevel>
  <escapedJava>false</escapedJava>
</record>
<record>
  <date>2022-01-25T17:09:06</date>
  <millis>1643141346241</millis>
  <sequence>10</sequence>
  <level>START</level>
  <class>com.kms.katalon.core.logging.XmlKeywordLogger</class>
  <method>startKeyword</method>
  <thread>1</thread>
  <message>Start action : openBrowser(&amp;quot;&amp;quot;)</message>
  <nestedLevel>1</nestedLevel>
  <escapedJava>false</escapedJava>
  <property name="startLine">20</property>
  <property name="stepIndex">1</property>
</record>
<record>
  <date>2022-01-25T17:09:06</date>
  <millis>1643141346606</millis>
  <sequence>12</sequence>
  <level>INFO</level>
  <class>com.kms.katalon.core.logging.XmlKeywordLogger</class>
  <method>logMessage</method>
  <thread>1</thread>
  <message>Starting &amp;apos;Chrome&amp;apos; driver</message>
  <nestedLevel>1</nestedLevel>
  <escapedJava>false</escapedJava>
</record>
<record>
  <date>2022-01-25T17:09:06</date>
  <millis>1643141346663</millis>
  <sequence>14</sequence>
  <level>INFO</level>
  <class>com.kms.katalon.core.logging.XmlKeywordLogger</class>
  <method>logMessage</method>
  <thread>1</thread>
  <message>Action delay is set to 0 milliseconds</message>
  <nestedLevel>1</nestedLevel>
  <escapedJava>false</escapedJava>
</record>
<record>
  <date>2022-01-25T17:09:08</date>
  <millis>1643141348547</millis>
  <sequence>16</sequence>
  <level>RUN_DATA</level>
  <class>com.kms.katalon.core.logging.XmlKeywordLogger</class>
  <method>logMessage</method>
  <thread>1</thread>
  <message>sessionId = b396aa18a6041065150e461b89f53384</message>
  <nestedLevel>1</nestedLevel>
  <escapedJava>false</escapedJava>
  <property name="sessionId">b396aa18a6041065150e461b89f53384</property>
</record>
<record>
  <date>2022-01-25T17:09:08</date>
  <millis>1643141348568</millis>
  <sequence>17</sequence>
  <level>RUN_DATA</level>
  <class>com.kms.katalon.core.logging.XmlKeywordLogger</class>
  <method>logMessage</method>
  <thread>1</thread>
  <message>browser = Chrome 97.0.4692.71</message>
  <nestedLevel>1</nestedLevel>
  <escapedJava>false</escapedJava>
  <property name="browser">Chrome 97.0.4692.71</property>
</record>
<record>
  <date>2022-01-25T17:09:08</date>
  <millis>1643141348569</millis>
  <sequence>18</sequence>
  <level>RUN_DATA</level>
  <class>com.kms.katalon.core.logging.XmlKeywordLogger</class>
  <method>logMessage</method>
  <thread>1</thread>
  <message>platform = Windows 10</message>
  <nestedLevel>1</nestedLevel>
  <escapedJava>false</escapedJava>
  <property name="platform">Windows 10</property>
</record>
<record>
  <date>2022-01-25T17:09:08</date>
  <millis>1643141348569</millis>
  <sequence>19</sequence>
  <level>RUN_DATA</level>
  <class>com.kms.katalon.core.logging.XmlKeywordLogger</class>
  <method>logMessage</method>
  <thread>1</thread>
  <message>seleniumVersion = 3.141.59</message>
  <nestedLevel>1</nestedLevel>
  <escapedJava>false</escapedJava>
  <property name="seleniumVersion">3.141.59</property>
</record>
<record>
  <date>2022-01-25T17:09:08</date>
  <millis>1643141348570</millis>
  <sequence>20</sequence>
  <level>RUN_DATA</level>
  <class>com.kms.katalon.core.logging.XmlKeywordLogger</class>
  <method>logMessage</method>
  <thread>1</thread>
  <message>proxyInformation = ProxyInformation { proxyOption=NO_PROXY, proxyServerType=HTTP, username=, password=********, proxyServerAddress=, proxyServerPort=0, executionList=&amp;quot;&amp;quot;, isApplyToDesiredCapabilities=true }</message>
  <nestedLevel>1</nestedLevel>
  <escapedJava>false</escapedJava>
  <property name="proxyInformation">ProxyInformation { proxyOption=NO_PROXY, proxyServerType=HTTP, username=, password=********, proxyServerAddress=, proxyServerPort=0, executionList=&quot;&quot;, isApplyToDesiredCapabilities=true }</property>
</record>
<record>
  <date>2022-01-25T17:09:08</date>
  <millis>1643141348599</millis>
  <sequence>21</sequence>
  <level>PASSED</level>
  <class>com.kms.katalon.core.logging.XmlKeywordLogger</class>
  <method>logMessage</method>
  <thread>1</thread>
  <message>Browser is opened with url: &amp;apos;&amp;apos;</message>
  <nestedLevel>1</nestedLevel>
  <escapedJava>false</escapedJava>
  <property name="testops-method-name">com.kms.katalon.core.webui.keyword.builtin.OpenBrowserKeyword.openBrowser</property>
  <property name="testops-execution-stacktrace"></property>
</record>
<record>
  <date>2022-01-25T17:09:08</date>
  <millis>1643141348600</millis>
  <sequence>22</sequence>
  <level>END</level>
  <class>com.kms.katalon.core.logging.XmlKeywordLogger</class>
  <method>endKeyword</method>
  <thread>1</thread>
  <message>End action : openBrowser(&amp;quot;&amp;quot;)</message>
  <nestedLevel>1</nestedLevel>
  <escapedJava>false</escapedJava>
</record>
<record>
  <date>2022-01-25T17:09:08</date>
  <millis>1643141348600</millis>
  <sequence>23</sequence>
  <level>START</level>
  <class>com.kms.katalon.core.logging.XmlKeywordLogger</class>
  <method>startKeyword</method>
  <thread>1</thread>
  <message>Start action : navigateToUrl(&amp;quot;http://172.16.1.21:7802/pt/account/login?returnUrl=%2Fpedidos&amp;quot;)</message>
  <nestedLevel>1</nestedLevel>
  <escapedJava>false</escapedJava>
  <property name="startLine">22</property>
  <property name="stepIndex">2</property>
</record>
<record>
  <date>2022-01-25T17:09:09</date>
  <millis>1643141349587</millis>
  <sequence>26</sequence>
  <level>PASSED</level>
  <class>com.kms.katalon.core.logging.XmlKeywordLogger</class>
  <method>logMessage</method>
  <thread>1</thread>
  <message>Navigate to &amp;apos;http://172.16.1.21:7802/pt/account/login?returnUrl=%2Fpedidos&amp;apos; successfully</message>
  <nestedLevel>1</nestedLevel>
  <escapedJava>false</escapedJava>
  <property name="testops-method-name">com.kms.katalon.core.webui.keyword.builtin.NavigateToUrlKeyword.navigateToUrl</property>
  <property name="testops-execution-stacktrace"></property>
</record>
<record>
  <date>2022-01-25T17:09:09</date>
  <millis>1643141349588</millis>
  <sequence>27</sequence>
  <level>END</level>
  <class>com.kms.katalon.core.logging.XmlKeywordLogger</class>
  <method>endKeyword</method>
  <thread>1</thread>
  <message>End action : navigateToUrl(&amp;quot;http://172.16.1.21:7802/pt/account/login?returnUrl=%2Fpedidos&amp;quot;)</message>
  <nestedLevel>1</nestedLevel>
  <escapedJava>false</escapedJava>
</record>
<record>
  <date>2022-01-25T17:09:09</date>
  <millis>1643141349588</millis>
  <sequence>28</sequence>
  <level>START</level>
  <class>com.kms.katalon.core.logging.XmlKeywordLogger</class>
  <method>startKeyword</method>
  <thread>1</thread>
  <message>Start action : setText(findTestObject(&amp;quot;Object Repository/Page_Dataplace - SFA/Page_Dataplace - SFA/Page_Dataplace - SFA/Page_Dataplace - SFA/Page_Dataplace - SFA/Page_Dataplace - SFA/input_Nome de usurio ou endereo de email_email&amp;quot;), &amp;quot;mayara.moraes@dataplaca.com.br&amp;quot;)</message>
  <nestedLevel>1</nestedLevel>
  <escapedJava>false</escapedJava>
  <property name="startLine">24</property>
  <property name="stepIndex">3</property>
</record>
<record>
  <date>2022-01-25T17:09:10</date>
  <millis>1643141350453</millis>
  <sequence>44</sequence>
  <level>PASSED</level>
  <class>com.kms.katalon.core.logging.XmlKeywordLogger</class>
  <method>logMessage</method>
  <thread>1</thread>
  <message>Text &amp;apos;mayara.moraes@dataplaca.com.br&amp;apos; is set on object &amp;apos;Object Repository/Page_Dataplace - SFA/Page_Dataplace - SFA/Page_Dataplace - SFA/Page_Dataplace - SFA/Page_Dataplace - SFA/Page_Dataplace - SFA/input_Nome de usurio ou endereo de email_email&amp;apos;</message>
  <nestedLevel>1</nestedLevel>
  <escapedJava>false</escapedJava>
  <property name="testops-method-name">com.kms.katalon.core.webui.keyword.builtin.SetTextKeyword.setText</property>
  <property name="testops-execution-stacktrace"></property>
</record>
<record>
  <date>2022-01-25T17:09:10</date>
  <millis>1643141350453</millis>
  <sequence>45</sequence>
  <level>END</level>
  <class>com.kms.katalon.core.logging.XmlKeywordLogger</class>
  <method>endKeyword</method>
  <thread>1</thread>
  <message>End action : setText(findTestObject(&amp;quot;Object Repository/Page_Dataplace - SFA/Page_Dataplace - SFA/Page_Dataplace - SFA/Page_Dataplace - SFA/Page_Dataplace - SFA/Page_Dataplace - SFA/input_Nome de usurio ou endereo de email_email&amp;quot;), &amp;quot;mayara.moraes@dataplaca.com.br&amp;quot;)</message>
  <nestedLevel>1</nestedLevel>
  <escapedJava>false</escapedJava>
</record>
<record>
  <date>2022-01-25T17:09:10</date>
  <millis>1643141350454</millis>
  <sequence>46</sequence>
  <level>START</level>
  <class>com.kms.katalon.core.logging.XmlKeywordLogger</class>
  <method>startKeyword</method>
  <thread>1</thread>
  <message>Start action : click(findTestObject(&amp;quot;Object Repository/Page_Dataplace - SFA/Page_Dataplace - SFA/Page_Dataplace - SFA/Page_Dataplace - SFA/Page_Dataplace - SFA/Page_Dataplace - SFA/input_Nome de usurio ou endereo de email_email&amp;quot;))</message>
  <nestedLevel>1</nestedLevel>
  <escapedJava>false</escapedJava>
  <property name="startLine">27</property>
  <property name="stepIndex">4</property>
</record>
<record>
  <date>2022-01-25T17:09:10</date>
  <millis>1643141350885</millis>
  <sequence>56</sequence>
  <level>PASSED</level>
  <class>com.kms.katalon.core.logging.XmlKeywordLogger</class>
  <method>logMessage</method>
  <thread>1</thread>
  <message>Object: &amp;apos;Object Repository/Page_Dataplace - SFA/Page_Dataplace - SFA/Page_Dataplace - SFA/Page_Dataplace - SFA/Page_Dataplace - SFA/Page_Dataplace - SFA/input_Nome de usurio ou endereo de email_email&amp;apos; is clicked on</message>
  <nestedLevel>1</nestedLevel>
  <escapedJava>false</escapedJava>
  <property name="testops-method-name">com.kms.katalon.core.webui.keyword.builtin.ClickKeyword.click</property>
  <property name="testops-execution-stacktrace"></property>
</record>
<record>
  <date>2022-01-25T17:09:10</date>
  <millis>1643141350887</millis>
  <sequence>57</sequence>
  <level>END</level>
  <class>com.kms.katalon.core.logging.XmlKeywordLogger</class>
  <method>endKeyword</method>
  <thread>1</thread>
  <message>End action : click(findTestObject(&amp;quot;Object Repository/Page_Dataplace - SFA/Page_Dataplace - SFA/Page_Dataplace - SFA/Page_Dataplace - SFA/Page_Dataplace - SFA/Page_Dataplace - SFA/input_Nome de usurio ou endereo de email_email&amp;quot;))</message>
  <nestedLevel>1</nestedLevel>
  <escapedJava>false</escapedJava>
</record>
<record>
  <date>2022-01-25T17:09:10</date>
  <millis>1643141350887</millis>
  <sequence>58</sequence>
  <level>START</level>
  <class>com.kms.katalon.core.logging.XmlKeywordLogger</class>
  <method>startKeyword</method>
  <thread>1</thread>
  <message>Start action : setText(findTestObject(&amp;quot;Object Repository/Page_Dataplace - SFA/Page_Dataplace - SFA/Page_Dataplace - SFA/Page_Dataplace - SFA/Page_Dataplace - SFA/Page_Dataplace - SFA/input_Nome de usurio ou endereo de email_email&amp;quot;), &amp;quot;mayara.moraes@dataplace.com.br&amp;quot;)</message>
  <nestedLevel>1</nestedLevel>
  <escapedJava>false</escapedJava>
  <property name="startLine">29</property>
  <property name="stepIndex">5</property>
</record>
<record>
  <date>2022-01-25T17:09:11</date>
  <millis>1643141351615</millis>
  <sequence>74</sequence>
  <level>PASSED</level>
  <class>com.kms.katalon.core.logging.XmlKeywordLogger</class>
  <method>logMessage</method>
  <thread>1</thread>
  <message>Text &amp;apos;mayara.moraes@dataplace.com.br&amp;apos; is set on object &amp;apos;Object Repository/Page_Dataplace - SFA/Page_Dataplace - SFA/Page_Dataplace - SFA/Page_Dataplace - SFA/Page_Dataplace - SFA/Page_Dataplace - SFA/input_Nome de usurio ou endereo de email_email&amp;apos;</message>
  <nestedLevel>1</nestedLevel>
  <escapedJava>false</escapedJava>
  <property name="testops-method-name">com.kms.katalon.core.webui.keyword.builtin.SetTextKeyword.setText</property>
  <property name="testops-execution-stacktrace"></property>
</record>
<record>
  <date>2022-01-25T17:09:11</date>
  <millis>1643141351617</millis>
  <sequence>75</sequence>
  <level>END</level>
  <class>com.kms.katalon.core.logging.XmlKeywordLogger</class>
  <method>endKeyword</method>
  <thread>1</thread>
  <message>End action : setText(findTestObject(&amp;quot;Object Repository/Page_Dataplace - SFA/Page_Dataplace - SFA/Page_Dataplace - SFA/Page_Dataplace - SFA/Page_Dataplace - SFA/Page_Dataplace - SFA/input_Nome de usurio ou endereo de email_email&amp;quot;), &amp;quot;mayara.moraes@dataplace.com.br&amp;quot;)</message>
  <nestedLevel>1</nestedLevel>
  <escapedJava>false</escapedJava>
</record>
<record>
  <date>2022-01-25T17:09:11</date>
  <millis>1643141351617</millis>
  <sequence>76</sequence>
  <level>START</level>
  <class>com.kms.katalon.core.logging.XmlKeywordLogger</class>
  <method>startKeyword</method>
  <thread>1</thread>
  <message>Start action : setEncryptedText(findTestObject(&amp;quot;Object Repository/Page_Dataplace - SFA/Page_Dataplace - SFA/Page_Dataplace - SFA/Page_Dataplace - SFA/Page_Dataplace - SFA/Page_Dataplace - SFA/input_Senha_senha&amp;quot;), &amp;quot;i+K1X3doZYBu6F0i+9QHbg==&amp;quot;)</message>
  <nestedLevel>1</nestedLevel>
  <escapedJava>false</escapedJava>
  <property name="startLine">32</property>
  <property name="stepIndex">6</property>
</record>
<record>
  <date>2022-01-25T17:09:12</date>
  <millis>1643141352130</millis>
  <sequence>87</sequence>
  <level>PASSED</level>
  <class>com.kms.katalon.core.logging.XmlKeywordLogger</class>
  <method>logMessage</method>
  <thread>1</thread>
  <message>Text ****** has been set on object &amp;apos;Object Repository/Page_Dataplace - SFA/Page_Dataplace - SFA/Page_Dataplace - SFA/Page_Dataplace - SFA/Page_Dataplace - SFA/Page_Dataplace - SFA/input_Senha_senha&amp;apos;</message>
  <nestedLevel>1</nestedLevel>
  <escapedJava>false</escapedJava>
  <property name="testops-method-name">com.kms.katalon.core.webui.keyword.builtin.SetEncryptedTextKeyword.setEncryptedText</property>
  <property name="testops-execution-stacktrace"></property>
</record>
<record>
  <date>2022-01-25T17:09:12</date>
  <millis>1643141352131</millis>
  <sequence>88</sequence>
  <level>END</level>
  <class>com.kms.katalon.core.logging.XmlKeywordLogger</class>
  <method>endKeyword</method>
  <thread>1</thread>
  <message>End action : setEncryptedText(findTestObject(&amp;quot;Object Repository/Page_Dataplace - SFA/Page_Dataplace - SFA/Page_Dataplace - SFA/Page_Dataplace - SFA/Page_Dataplace - SFA/Page_Dataplace - SFA/input_Senha_senha&amp;quot;), &amp;quot;i+K1X3doZYBu6F0i+9QHbg==&amp;quot;)</message>
  <nestedLevel>1</nestedLevel>
  <escapedJava>false</escapedJava>
</record>
<record>
  <date>2022-01-25T17:09:12</date>
  <millis>1643141352131</millis>
  <sequence>89</sequence>
  <level>START</level>
  <class>com.kms.katalon.core.logging.XmlKeywordLogger</class>
  <method>startKeyword</method>
  <thread>1</thread>
  <message>Start action : click(findTestObject(&amp;quot;Object Repository/Page_Dataplace - SFA/Page_Dataplace - SFA/Page_Dataplace - SFA/Page_Dataplace - SFA/Page_Dataplace - SFA/Page_Dataplace - SFA/button_Login&amp;quot;))</message>
  <nestedLevel>1</nestedLevel>
  <escapedJava>false</escapedJava>
  <property name="startLine">35</property>
  <property name="stepIndex">7</property>
</record>
<record>
  <date>2022-01-25T17:09:12</date>
  <millis>1643141352618</millis>
  <sequence>99</sequence>
  <level>PASSED</level>
  <class>com.kms.katalon.core.logging.XmlKeywordLogger</class>
  <method>logMessage</method>
  <thread>1</thread>
  <message>Object: &amp;apos;Object Repository/Page_Dataplace - SFA/Page_Dataplace - SFA/Page_Dataplace - SFA/Page_Dataplace - SFA/Page_Dataplace - SFA/Page_Dataplace - SFA/button_Login&amp;apos; is clicked on</message>
  <nestedLevel>1</nestedLevel>
  <escapedJava>false</escapedJava>
  <property name="testops-method-name">com.kms.katalon.core.webui.keyword.builtin.ClickKeyword.click</property>
  <property name="testops-execution-stacktrace"></property>
</record>
<record>
  <date>2022-01-25T17:09:12</date>
  <millis>1643141352619</millis>
  <sequence>100</sequence>
  <level>END</level>
  <class>com.kms.katalon.core.logging.XmlKeywordLogger</class>
  <method>endKeyword</method>
  <thread>1</thread>
  <message>End action : click(findTestObject(&amp;quot;Object Repository/Page_Dataplace - SFA/Page_Dataplace - SFA/Page_Dataplace - SFA/Page_Dataplace - SFA/Page_Dataplace - SFA/Page_Dataplace - SFA/button_Login&amp;quot;))</message>
  <nestedLevel>1</nestedLevel>
  <escapedJava>false</escapedJava>
</record>
<record>
  <date>2022-01-25T17:09:12</date>
  <millis>1643141352619</millis>
  <sequence>101</sequence>
  <level>START</level>
  <class>com.kms.katalon.core.logging.XmlKeywordLogger</class>
  <method>startKeyword</method>
  <thread>1</thread>
  <message>Start action : click(findTestObject(&amp;quot;Object Repository/Page_Dataplace - SFA/Page_Dataplace - SFA/Page_Dataplace - SFA/Page_Dataplace - SFA/Page_Dataplace - SFA/Page_Dataplace - SFA/div_LoginNome de usurio ou endereo de email_d83c56&amp;quot;))</message>
  <nestedLevel>1</nestedLevel>
  <escapedJava>false</escapedJava>
  <property name="startLine">37</property>
  <property name="stepIndex">8</property>
</record>
<record>
  <date>2022-01-25T17:09:13</date>
  <millis>1643141353224</millis>
  <sequence>111</sequence>
  <level>PASSED</level>
  <class>com.kms.katalon.core.logging.XmlKeywordLogger</class>
  <method>logMessage</method>
  <thread>1</thread>
  <message>Object: &amp;apos;Object Repository/Page_Dataplace - SFA/Page_Dataplace - SFA/Page_Dataplace - SFA/Page_Dataplace - SFA/Page_Dataplace - SFA/Page_Dataplace - SFA/div_LoginNome de usurio ou endereo de email_d83c56&amp;apos; is clicked on</message>
  <nestedLevel>1</nestedLevel>
  <escapedJava>false</escapedJava>
  <property name="testops-method-name">com.kms.katalon.core.webui.keyword.builtin.ClickKeyword.click</property>
  <property name="testops-execution-stacktrace"></property>
</record>
<record>
  <date>2022-01-25T17:09:13</date>
  <millis>1643141353225</millis>
  <sequence>112</sequence>
  <level>END</level>
  <class>com.kms.katalon.core.logging.XmlKeywordLogger</class>
  <method>endKeyword</method>
  <thread>1</thread>
  <message>End action : click(findTestObject(&amp;quot;Object Repository/Page_Dataplace - SFA/Page_Dataplace - SFA/Page_Dataplace - SFA/Page_Dataplace - SFA/Page_Dataplace - SFA/Page_Dataplace - SFA/div_LoginNome de usurio ou endereo de email_d83c56&amp;quot;))</message>
  <nestedLevel>1</nestedLevel>
  <escapedJava>false</escapedJava>
</record>
<record>
  <date>2022-01-25T17:09:13</date>
  <millis>1643141353225</millis>
  <sequence>113</sequence>
  <level>START</level>
  <class>com.kms.katalon.core.logging.XmlKeywordLogger</class>
  <method>startKeyword</method>
  <thread>1</thread>
  <message>Start action : setEncryptedText(findTestObject(&amp;quot;Object Repository/Page_Dataplace - SFA/Page_Dataplace - SFA/Page_Dataplace - SFA/Page_Dataplace - SFA/Page_Dataplace - SFA/Page_Dataplace - SFA/input_Senha_senha&amp;quot;), &amp;quot;jBu/h84nUum0DzfFUdyvAQ==&amp;quot;)</message>
  <nestedLevel>1</nestedLevel>
  <escapedJava>false</escapedJava>
  <property name="startLine">39</property>
  <property name="stepIndex">9</property>
</record>
<record>
  <date>2022-01-25T17:09:13</date>
  <millis>1643141353639</millis>
  <sequence>124</sequence>
  <level>PASSED</level>
  <class>com.kms.katalon.core.logging.XmlKeywordLogger</class>
  <method>logMessage</method>
  <thread>1</thread>
  <message>Text ****** has been set on object &amp;apos;Object Repository/Page_Dataplace - SFA/Page_Dataplace - SFA/Page_Dataplace - SFA/Page_Dataplace - SFA/Page_Dataplace - SFA/Page_Dataplace - SFA/input_Senha_senha&amp;apos;</message>
  <nestedLevel>1</nestedLevel>
  <escapedJava>false</escapedJava>
  <property name="testops-method-name">com.kms.katalon.core.webui.keyword.builtin.SetEncryptedTextKeyword.setEncryptedText</property>
  <property name="testops-execution-stacktrace"></property>
</record>
<record>
  <date>2022-01-25T17:09:13</date>
  <millis>1643141353639</millis>
  <sequence>125</sequence>
  <level>END</level>
  <class>com.kms.katalon.core.logging.XmlKeywordLogger</class>
  <method>endKeyword</method>
  <thread>1</thread>
  <message>End action : setEncryptedText(findTestObject(&amp;quot;Object Repository/Page_Dataplace - SFA/Page_Dataplace - SFA/Page_Dataplace - SFA/Page_Dataplace - SFA/Page_Dataplace - SFA/Page_Dataplace - SFA/input_Senha_senha&amp;quot;), &amp;quot;jBu/h84nUum0DzfFUdyvAQ==&amp;quot;)</message>
  <nestedLevel>1</nestedLevel>
  <escapedJava>false</escapedJava>
</record>
<record>
  <date>2022-01-25T17:09:13</date>
  <millis>1643141353640</millis>
  <sequence>126</sequence>
  <level>START</level>
  <class>com.kms.katalon.core.logging.XmlKeywordLogger</class>
  <method>startKeyword</method>
  <thread>1</thread>
  <message>Start action : click(findTestObject(&amp;quot;Object Repository/Page_Dataplace - SFA/Page_Dataplace - SFA/Page_Dataplace - SFA/Page_Dataplace - SFA/Page_Dataplace - SFA/Page_Dataplace - SFA/div_Login&amp;quot;))</message>
  <nestedLevel>1</nestedLevel>
  <escapedJava>false</escapedJava>
  <property name="startLine">42</property>
  <property name="stepIndex">10</property>
</record>
<record>
  <date>2022-01-25T17:09:14</date>
  <millis>1643141354142</millis>
  <sequence>136</sequence>
  <level>PASSED</level>
  <class>com.kms.katalon.core.logging.XmlKeywordLogger</class>
  <method>logMessage</method>
  <thread>1</thread>
  <message>Object: &amp;apos;Object Repository/Page_Dataplace - SFA/Page_Dataplace - SFA/Page_Dataplace - SFA/Page_Dataplace - SFA/Page_Dataplace - SFA/Page_Dataplace - SFA/div_Login&amp;apos; is clicked on</message>
  <nestedLevel>1</nestedLevel>
  <escapedJava>false</escapedJava>
  <property name="testops-method-name">com.kms.katalon.core.webui.keyword.builtin.ClickKeyword.click</property>
  <property name="testops-execution-stacktrace"></property>
</record>
<record>
  <date>2022-01-25T17:09:14</date>
  <millis>1643141354143</millis>
  <sequence>137</sequence>
  <level>END</level>
  <class>com.kms.katalon.core.logging.XmlKeywordLogger</class>
  <method>endKeyword</method>
  <thread>1</thread>
  <message>End action : click(findTestObject(&amp;quot;Object Repository/Page_Dataplace - SFA/Page_Dataplace - SFA/Page_Dataplace - SFA/Page_Dataplace - SFA/Page_Dataplace - SFA/Page_Dataplace - SFA/div_Login&amp;quot;))</message>
  <nestedLevel>1</nestedLevel>
  <escapedJava>false</escapedJava>
</record>
<record>
  <date>2022-01-25T17:09:14</date>
  <millis>1643141354143</millis>
  <sequence>138</sequence>
  <level>START</level>
  <class>com.kms.katalon.core.logging.XmlKeywordLogger</class>
  <method>startKeyword</method>
  <thread>1</thread>
  <message>Start action : click(findTestObject(&amp;quot;Object Repository/Page_Dataplace - SFA/Page_Dataplace - SFA/Page_Dataplace - SFA/Page_Dataplace - SFA/Page_Dataplace - SFA/Page_Dataplace SFA/div_1603&amp;quot;))</message>
  <nestedLevel>1</nestedLevel>
  <escapedJava>false</escapedJava>
  <property name="startLine">44</property>
  <property name="stepIndex">11</property>
</record>
<record>
  <date>2022-01-25T17:09:14</date>
  <millis>1643141354887</millis>
  <sequence>148</sequence>
  <level>PASSED</level>
  <class>com.kms.katalon.core.logging.XmlKeywordLogger</class>
  <method>logMessage</method>
  <thread>1</thread>
  <message>Object: &amp;apos;Object Repository/Page_Dataplace - SFA/Page_Dataplace - SFA/Page_Dataplace - SFA/Page_Dataplace - SFA/Page_Dataplace - SFA/Page_Dataplace SFA/div_1603&amp;apos; is clicked on</message>
  <nestedLevel>1</nestedLevel>
  <escapedJava>false</escapedJava>
  <property name="testops-method-name">com.kms.katalon.core.webui.keyword.builtin.ClickKeyword.click</property>
  <property name="testops-execution-stacktrace"></property>
</record>
<record>
  <date>2022-01-25T17:09:14</date>
  <millis>1643141354888</millis>
  <sequence>149</sequence>
  <level>END</level>
  <class>com.kms.katalon.core.logging.XmlKeywordLogger</class>
  <method>endKeyword</method>
  <thread>1</thread>
  <message>End action : click(findTestObject(&amp;quot;Object Repository/Page_Dataplace - SFA/Page_Dataplace - SFA/Page_Dataplace - SFA/Page_Dataplace - SFA/Page_Dataplace - SFA/Page_Dataplace SFA/div_1603&amp;quot;))</message>
  <nestedLevel>1</nestedLevel>
  <escapedJava>false</escapedJava>
</record>
<record>
  <date>2022-01-25T17:09:14</date>
  <millis>1643141354888</millis>
  <sequence>150</sequence>
  <level>START</level>
  <class>com.kms.katalon.core.logging.XmlKeywordLogger</class>
  <method>startKeyword</method>
  <thread>1</thread>
  <message>Start action : setText(findTestObject(&amp;quot;Object Repository/Page_Dataplace - SFA/Page_Dataplace - SFA/Page_Dataplace - SFA/Page_Dataplace - SFA/Page_Dataplace - SFA/Page_Dataplace SFA/input_Produto_typeahead-produto&amp;quot;), &amp;quot; &amp;quot;)</message>
  <nestedLevel>1</nestedLevel>
  <escapedJava>false</escapedJava>
  <property name="startLine">46</property>
  <property name="stepIndex">12</property>
</record>
<record>
  <date>2022-01-25T17:09:15</date>
  <millis>1643141355910</millis>
  <sequence>166</sequence>
  <level>PASSED</level>
  <class>com.kms.katalon.core.logging.XmlKeywordLogger</class>
  <method>logMessage</method>
  <thread>1</thread>
  <message>Text &amp;apos; &amp;apos; is set on object &amp;apos;Object Repository/Page_Dataplace - SFA/Page_Dataplace - SFA/Page_Dataplace - SFA/Page_Dataplace - SFA/Page_Dataplace - SFA/Page_Dataplace SFA/input_Produto_typeahead-produto&amp;apos;</message>
  <nestedLevel>1</nestedLevel>
  <escapedJava>false</escapedJava>
  <property name="testops-method-name">com.kms.katalon.core.webui.keyword.builtin.SetTextKeyword.setText</property>
  <property name="testops-execution-stacktrace"></property>
</record>
<record>
  <date>2022-01-25T17:09:15</date>
  <millis>1643141355911</millis>
  <sequence>167</sequence>
  <level>END</level>
  <class>com.kms.katalon.core.logging.XmlKeywordLogger</class>
  <method>endKeyword</method>
  <thread>1</thread>
  <message>End action : setText(findTestObject(&amp;quot;Object Repository/Page_Dataplace - SFA/Page_Dataplace - SFA/Page_Dataplace - SFA/Page_Dataplace - SFA/Page_Dataplace - SFA/Page_Dataplace SFA/input_Produto_typeahead-produto&amp;quot;), &amp;quot; &amp;quot;)</message>
  <nestedLevel>1</nestedLevel>
  <escapedJava>false</escapedJava>
</record>
<record>
  <date>2022-01-25T17:09:15</date>
  <millis>1643141355911</millis>
  <sequence>168</sequence>
  <level>START</level>
  <class>com.kms.katalon.core.logging.XmlKeywordLogger</class>
  <method>startKeyword</method>
  <thread>1</thread>
  <message>Start action : click(findTestObject(&amp;quot;Object Repository/Page_Dataplace - SFA/Page_Dataplace - SFA/Page_Dataplace - SFA/Page_Dataplace - SFA/Page_Dataplace - SFA/Page_Dataplace SFA/button_BOTA HOMOCINETICA CORCEL - 00100&amp;quot;))</message>
  <nestedLevel>1</nestedLevel>
  <escapedJava>false</escapedJava>
  <property name="startLine">49</property>
  <property name="stepIndex">13</property>
</record>
<record>
  <date>2022-01-25T17:09:17</date>
  <millis>1643141357187</millis>
  <sequence>179</sequence>
  <level>PASSED</level>
  <class>com.kms.katalon.core.logging.XmlKeywordLogger</class>
  <method>logMessage</method>
  <thread>1</thread>
  <message>Object: &amp;apos;Object Repository/Page_Dataplace - SFA/Page_Dataplace - SFA/Page_Dataplace - SFA/Page_Dataplace - SFA/Page_Dataplace - SFA/Page_Dataplace SFA/button_BOTA HOMOCINETICA CORCEL - 00100&amp;apos; is clicked on</message>
  <nestedLevel>1</nestedLevel>
  <escapedJava>false</escapedJava>
  <property name="testops-method-name">com.kms.katalon.core.webui.keyword.builtin.ClickKeyword.click</property>
  <property name="testops-execution-stacktrace"></property>
</record>
<record>
  <date>2022-01-25T17:09:17</date>
  <millis>1643141357187</millis>
  <sequence>180</sequence>
  <level>END</level>
  <class>com.kms.katalon.core.logging.XmlKeywordLogger</class>
  <method>endKeyword</method>
  <thread>1</thread>
  <message>End action : click(findTestObject(&amp;quot;Object Repository/Page_Dataplace - SFA/Page_Dataplace - SFA/Page_Dataplace - SFA/Page_Dataplace - SFA/Page_Dataplace - SFA/Page_Dataplace SFA/button_BOTA HOMOCINETICA CORCEL - 00100&amp;quot;))</message>
  <nestedLevel>1</nestedLevel>
  <escapedJava>false</escapedJava>
</record>
<record>
  <date>2022-01-25T17:09:17</date>
  <millis>1643141357187</millis>
  <sequence>181</sequence>
  <level>START</level>
  <class>com.kms.katalon.core.logging.XmlKeywordLogger</class>
  <method>startKeyword</method>
  <thread>1</thread>
  <message>Start action : setText(findTestObject(&amp;quot;Object Repository/Page_Dataplace - SFA/Page_Dataplace - SFA/Page_Dataplace - SFA/Page_Dataplace - SFA/Page_Dataplace - SFA/Page_Dataplace SFA/input_Produto_typeahead-produto&amp;quot;), &amp;quot; &amp;quot;)</message>
  <nestedLevel>1</nestedLevel>
  <escapedJava>false</escapedJava>
  <property name="startLine">51</property>
  <property name="stepIndex">14</property>
</record>
<record>
  <date>2022-01-25T17:09:18</date>
  <millis>1643141358543</millis>
  <sequence>197</sequence>
  <level>PASSED</level>
  <class>com.kms.katalon.core.logging.XmlKeywordLogger</class>
  <method>logMessage</method>
  <thread>1</thread>
  <message>Text &amp;apos; &amp;apos; is set on object &amp;apos;Object Repository/Page_Dataplace - SFA/Page_Dataplace - SFA/Page_Dataplace - SFA/Page_Dataplace - SFA/Page_Dataplace - SFA/Page_Dataplace SFA/input_Produto_typeahead-produto&amp;apos;</message>
  <nestedLevel>1</nestedLevel>
  <escapedJava>false</escapedJava>
  <property name="testops-method-name">com.kms.katalon.core.webui.keyword.builtin.SetTextKeyword.setText</property>
  <property name="testops-execution-stacktrace"></property>
</record>
<record>
  <date>2022-01-25T17:09:18</date>
  <millis>1643141358544</millis>
  <sequence>198</sequence>
  <level>END</level>
  <class>com.kms.katalon.core.logging.XmlKeywordLogger</class>
  <method>endKeyword</method>
  <thread>1</thread>
  <message>End action : setText(findTestObject(&amp;quot;Object Repository/Page_Dataplace - SFA/Page_Dataplace - SFA/Page_Dataplace - SFA/Page_Dataplace - SFA/Page_Dataplace - SFA/Page_Dataplace SFA/input_Produto_typeahead-produto&amp;quot;), &amp;quot; &amp;quot;)</message>
  <nestedLevel>1</nestedLevel>
  <escapedJava>false</escapedJava>
</record>
<record>
  <date>2022-01-25T17:09:18</date>
  <millis>1643141358544</millis>
  <sequence>199</sequence>
  <level>START</level>
  <class>com.kms.katalon.core.logging.XmlKeywordLogger</class>
  <method>startKeyword</method>
  <thread>1</thread>
  <message>Start action : setText(findTestObject(&amp;quot;Object Repository/Page_Dataplace - SFA/Page_Dataplace - SFA/Page_Dataplace - SFA/Page_Dataplace - SFA/Page_Dataplace - SFA/Page_Dataplace SFA/input_Quantidade_quantidade&amp;quot;), quantidade)</message>
  <nestedLevel>1</nestedLevel>
  <escapedJava>false</escapedJava>
  <property name="startLine">54</property>
  <property name="stepIndex">15</property>
</record>
<record>
  <date>2022-01-25T17:09:19</date>
  <millis>1643141359514</millis>
  <sequence>215</sequence>
  <level>PASSED</level>
  <class>com.kms.katalon.core.logging.XmlKeywordLogger</class>
  <method>logMessage</method>
  <thread>1</thread>
  <message>Text &amp;apos;1&amp;apos; is set on object &amp;apos;Object Repository/Page_Dataplace - SFA/Page_Dataplace - SFA/Page_Dataplace - SFA/Page_Dataplace - SFA/Page_Dataplace - SFA/Page_Dataplace SFA/input_Quantidade_quantidade&amp;apos;</message>
  <nestedLevel>1</nestedLevel>
  <escapedJava>false</escapedJava>
  <property name="testops-method-name">com.kms.katalon.core.webui.keyword.builtin.SetTextKeyword.setText</property>
  <property name="testops-execution-stacktrace"></property>
</record>
<record>
  <date>2022-01-25T17:09:19</date>
  <millis>1643141359515</millis>
  <sequence>216</sequence>
  <level>END</level>
  <class>com.kms.katalon.core.logging.XmlKeywordLogger</class>
  <method>endKeyword</method>
  <thread>1</thread>
  <message>End action : setText(findTestObject(&amp;quot;Object Repository/Page_Dataplace - SFA/Page_Dataplace - SFA/Page_Dataplace - SFA/Page_Dataplace - SFA/Page_Dataplace - SFA/Page_Dataplace SFA/input_Quantidade_quantidade&amp;quot;), quantidade)</message>
  <nestedLevel>1</nestedLevel>
  <escapedJava>false</escapedJava>
</record>
<record>
  <date>2022-01-25T17:09:19</date>
  <millis>1643141359516</millis>
  <sequence>217</sequence>
  <level>START</level>
  <class>com.kms.katalon.core.logging.XmlKeywordLogger</class>
  <method>startKeyword</method>
  <thread>1</thread>
  <message>Start action : setText(findTestObject(&amp;quot;Object Repository/Page_Dataplace - SFA/Page_Dataplace - SFA/Page_Dataplace - SFA/Page_Dataplace - SFA/Page_Dataplace - SFA/Page_Dataplace SFA/input_R_precoLiquido&amp;quot;), preco)</message>
  <nestedLevel>1</nestedLevel>
  <escapedJava>false</escapedJava>
  <property name="startLine">57</property>
  <property name="stepIndex">16</property>
</record>
<record>
  <date>2022-01-25T17:09:20</date>
  <millis>1643141360540</millis>
  <sequence>233</sequence>
  <level>PASSED</level>
  <class>com.kms.katalon.core.logging.XmlKeywordLogger</class>
  <method>logMessage</method>
  <thread>1</thread>
  <message>Text &amp;apos;13,00&amp;apos; is set on object &amp;apos;Object Repository/Page_Dataplace - SFA/Page_Dataplace - SFA/Page_Dataplace - SFA/Page_Dataplace - SFA/Page_Dataplace - SFA/Page_Dataplace SFA/input_R_precoLiquido&amp;apos;</message>
  <nestedLevel>1</nestedLevel>
  <escapedJava>false</escapedJava>
  <property name="testops-method-name">com.kms.katalon.core.webui.keyword.builtin.SetTextKeyword.setText</property>
  <property name="testops-execution-stacktrace"></property>
</record>
<record>
  <date>2022-01-25T17:09:20</date>
  <millis>1643141360541</millis>
  <sequence>234</sequence>
  <level>END</level>
  <class>com.kms.katalon.core.logging.XmlKeywordLogger</class>
  <method>endKeyword</method>
  <thread>1</thread>
  <message>End action : setText(findTestObject(&amp;quot;Object Repository/Page_Dataplace - SFA/Page_Dataplace - SFA/Page_Dataplace - SFA/Page_Dataplace - SFA/Page_Dataplace - SFA/Page_Dataplace SFA/input_R_precoLiquido&amp;quot;), preco)</message>
  <nestedLevel>1</nestedLevel>
  <escapedJava>false</escapedJava>
</record>
<record>
  <date>2022-01-25T17:09:20</date>
  <millis>1643141360541</millis>
  <sequence>235</sequence>
  <level>START</level>
  <class>com.kms.katalon.core.logging.XmlKeywordLogger</class>
  <method>startKeyword</method>
  <thread>1</thread>
  <message>Start action : verifyElementText(findTestObject(&amp;quot;Object Repository/Page_Dataplace - SFA/Page_Dataplace - SFA/Page_Dataplace - SFA/Page_Dataplace - SFA/Page_Dataplace - SFA/Page_Dataplace SFA/div_R125,00&amp;quot;), total)</message>
  <nestedLevel>1</nestedLevel>
  <escapedJava>false</escapedJava>
  <property name="startLine">60</property>
  <property name="stepIndex">17</property>
</record>
<record>
  <date>2022-01-25T17:09:21</date>
  <millis>1643141361065</millis>
  <sequence>243</sequence>
  <level>PASSED</level>
  <class>com.kms.katalon.core.logging.XmlKeywordLogger</class>
  <method>logMessage</method>
  <thread>1</thread>
  <message>Actual text and expected text of test object &amp;apos;Object Repository/Page_Dataplace - SFA/Page_Dataplace - SFA/Page_Dataplace - SFA/Page_Dataplace - SFA/Page_Dataplace - SFA/Page_Dataplace SFA/div_R125,00&amp;apos; are matched.</message>
  <nestedLevel>1</nestedLevel>
  <escapedJava>false</escapedJava>
  <property name="testops-is-assertion">true</property>
  <property name="testops-method-name">com.kms.katalon.core.webui.keyword.builtin.VerifyElementTextKeyword.verifyElementText</property>
  <property name="testops-execution-stacktrace"></property>
</record>
<record>
  <date>2022-01-25T17:09:21</date>
  <millis>1643141361066</millis>
  <sequence>244</sequence>
  <level>END</level>
  <class>com.kms.katalon.core.logging.XmlKeywordLogger</class>
  <method>endKeyword</method>
  <thread>1</thread>
  <message>End action : verifyElementText(findTestObject(&amp;quot;Object Repository/Page_Dataplace - SFA/Page_Dataplace - SFA/Page_Dataplace - SFA/Page_Dataplace - SFA/Page_Dataplace - SFA/Page_Dataplace SFA/div_R125,00&amp;quot;), total)</message>
  <nestedLevel>1</nestedLevel>
  <escapedJava>false</escapedJava>
</record>
<record>
  <date>2022-01-25T17:09:21</date>
  <millis>1643141361066</millis>
  <sequence>245</sequence>
  <level>START</level>
  <class>com.kms.katalon.core.logging.XmlKeywordLogger</class>
  <method>startKeyword</method>
  <thread>1</thread>
  <message>Start action : if (total == true)</message>
  <nestedLevel>1</nestedLevel>
  <escapedJava>false</escapedJava>
  <property name="startLine">64</property>
  <property name="stepIndex">18</property>
</record>
<record>
  <date>2022-01-25T17:09:21</date>
  <millis>1643141361066</millis>
  <sequence>246</sequence>
  <level>END</level>
  <class>com.kms.katalon.core.logging.XmlKeywordLogger</class>
  <method>endKeyword</method>
  <thread>1</thread>
  <message>End action : if (total == true)</message>
  <nestedLevel>1</nestedLevel>
  <escapedJava>false</escapedJava>
</record>
<record>
  <date>2022-01-25T17:09:21</date>
  <millis>1643141361067</millis>
  <sequence>247</sequence>
  <level>PASSED</level>
  <class>com.kms.katalon.core.logging.XmlKeywordLogger</class>
  <method>logMessage</method>
  <thread>1</thread>
  <message>Test Cases/New Test Case</message>
  <nestedLevel>1</nestedLevel>
  <escapedJava>false</escapedJava>
</record>
<record>
  <date>2022-01-25T17:09:21</date>
  <millis>1643141361068</millis>
  <sequence>248</sequence>
  <level>END</level>
  <class>com.kms.katalon.core.logging.XmlKeywordLogger</class>
  <method>endTest</method>
  <thread>1</thread>
  <message>End Test Case : Test Cases/New Test Case</message>
  <nestedLevel>0</nestedLevel>
  <escapedJava>false</escapedJava>
  <property name="executionBindingVariables">[
  {
    &quot;displayReportName&quot;: &quot;quantidade&quot;,
    &quot;value&quot;: &quot;1&quot;,
    &quot;name&quot;: &quot;quantidade&quot;,
    &quot;masked&quot;: false
  },
  {
    &quot;displayReportName&quot;: &quot;preco&quot;,
    &quot;value&quot;: &quot;13,00&quot;,
    &quot;name&quot;: &quot;preco&quot;,
    &quot;masked&quot;: false
  },
  {
    &quot;displayReportName&quot;: &quot;total&quot;,
    &quot;value&quot;: &quot;R$ 13,00&quot;,
    &quot;name&quot;: &quot;total&quot;,
    &quot;masked&quot;: false
  }
]</property>
  <property name="keywordsUsage">{
  &quot;web_ui&quot;: true,
  &quot;web_service&quot;: false,
  &quot;cucumber&quot;: false,
  &quot;builtin&quot;: false,
  &quot;mobile&quot;: false,
  &quot;windows&quot;: false,
  &quot;testng&quot;: false
}</property>
</record>
<record>
  <date>2022-01-25T17:09:21</date>
  <millis>1643141361128</millis>
  <sequence>249</sequence>
  <level>START</level>
  <class>com.kms.katalon.core.logging.XmlKeywordLogger</class>
  <method>startTest</method>
  <thread>1</thread>
  <message>Start Test Case : Test Cases/New Test Case</message>
  <nestedLevel>1</nestedLevel>
  <escapedJava>false</escapedJava>
  <property name="name">Test Cases/New Test Case</property>
  <property name="description"></property>
  <property name="id">Test Cases/New Test Case</property>
  <property name="source">C:\Users\Administrator\git\Site-SFA\Test Cases\New Test Case.tc</property>
  <property name="tag"></property>
  <property name="isOptional">false</property>
</record>
<record>
  <date>2022-01-25T17:09:21</date>
  <millis>1643141361137</millis>
  <sequence>251</sequence>
  <level>INFO</level>
  <class>com.kms.katalon.core.logging.XmlKeywordLogger</class>
  <method>logMessage</method>
  <thread>1</thread>
  <message>quantidade = 2</message>
  <nestedLevel>1</nestedLevel>
  <escapedJava>false</escapedJava>
</record>
<record>
  <date>2022-01-25T17:09:21</date>
  <millis>1643141361137</millis>
  <sequence>252</sequence>
  <level>INFO</level>
  <class>com.kms.katalon.core.logging.XmlKeywordLogger</class>
  <method>logMessage</method>
  <thread>1</thread>
  <message>preco = 20,00</message>
  <nestedLevel>1</nestedLevel>
  <escapedJava>false</escapedJava>
</record>
<record>
  <date>2022-01-25T17:09:21</date>
  <millis>1643141361137</millis>
  <sequence>253</sequence>
  <level>INFO</level>
  <class>com.kms.katalon.core.logging.XmlKeywordLogger</class>
  <method>logMessage</method>
  <thread>1</thread>
  <message>total = R$ 40,00</message>
  <nestedLevel>1</nestedLevel>
  <escapedJava>false</escapedJava>
</record>
<record>
  <date>2022-01-25T17:09:21</date>
  <millis>1643141361138</millis>
  <sequence>254</sequence>
  <level>START</level>
  <class>com.kms.katalon.core.logging.XmlKeywordLogger</class>
  <method>startKeyword</method>
  <thread>1</thread>
  <message>Start action : openBrowser(&amp;quot;&amp;quot;)</message>
  <nestedLevel>1</nestedLevel>
  <escapedJava>false</escapedJava>
  <property name="startLine">20</property>
  <property name="stepIndex">1</property>
</record>
<record>
  <date>2022-01-25T17:09:21</date>
  <millis>1643141361151</millis>
  <sequence>256</sequence>
  <level>WARNING</level>
  <class>com.kms.katalon.core.logging.XmlKeywordLogger</class>
  <method>logMessage</method>
  <thread>1</thread>
  <message>A browser is already opened. Closing browser and opening a new one</message>
  <nestedLevel>1</nestedLevel>
  <escapedJava>false</escapedJava>
</record>
<record>
  <date>2022-01-25T17:09:21</date>
  <millis>1643141361860</millis>
  <sequence>257</sequence>
  <level>INFO</level>
  <class>com.kms.katalon.core.logging.XmlKeywordLogger</class>
  <method>logMessage</method>
  <thread>1</thread>
  <message>Starting &amp;apos;Chrome&amp;apos; driver</message>
  <nestedLevel>1</nestedLevel>
  <escapedJava>false</escapedJava>
</record>
<record>
  <date>2022-01-25T17:09:21</date>
  <millis>1643141361863</millis>
  <sequence>259</sequence>
  <level>INFO</level>
  <class>com.kms.katalon.core.logging.XmlKeywordLogger</class>
  <method>logMessage</method>
  <thread>1</thread>
  <message>Action delay is set to 0 milliseconds</message>
  <nestedLevel>1</nestedLevel>
  <escapedJava>false</escapedJava>
</record>
<record>
  <date>2022-01-25T17:09:23</date>
  <millis>1643141363046</millis>
  <sequence>261</sequence>
  <level>RUN_DATA</level>
  <class>com.kms.katalon.core.logging.XmlKeywordLogger</class>
  <method>logMessage</method>
  <thread>1</thread>
  <message>sessionId = cdfb7302f98f5ab8794df6ba7a39f6b1</message>
  <nestedLevel>1</nestedLevel>
  <escapedJava>false</escapedJava>
  <property name="sessionId">cdfb7302f98f5ab8794df6ba7a39f6b1</property>
</record>
<record>
  <date>2022-01-25T17:09:23</date>
  <millis>1643141363068</millis>
  <sequence>262</sequence>
  <level>RUN_DATA</level>
  <class>com.kms.katalon.core.logging.XmlKeywordLogger</class>
  <method>logMessage</method>
  <thread>1</thread>
  <message>browser = Chrome 97.0.4692.71</message>
  <nestedLevel>1</nestedLevel>
  <escapedJava>false</escapedJava>
  <property name="browser">Chrome 97.0.4692.71</property>
</record>
<record>
  <date>2022-01-25T17:09:23</date>
  <millis>1643141363068</millis>
  <sequence>263</sequence>
  <level>RUN_DATA</level>
  <class>com.kms.katalon.core.logging.XmlKeywordLogger</class>
  <method>logMessage</method>
  <thread>1</thread>
  <message>platform = Windows 10</message>
  <nestedLevel>1</nestedLevel>
  <escapedJava>false</escapedJava>
  <property name="platform">Windows 10</property>
</record>
<record>
  <date>2022-01-25T17:09:23</date>
  <millis>1643141363068</millis>
  <sequence>264</sequence>
  <level>RUN_DATA</level>
  <class>com.kms.katalon.core.logging.XmlKeywordLogger</class>
  <method>logMessage</method>
  <thread>1</thread>
  <message>seleniumVersion = 3.141.59</message>
  <nestedLevel>1</nestedLevel>
  <escapedJava>false</escapedJava>
  <property name="seleniumVersion">3.141.59</property>
</record>
<record>
  <date>2022-01-25T17:09:23</date>
  <millis>1643141363069</millis>
  <sequence>265</sequence>
  <level>RUN_DATA</level>
  <class>com.kms.katalon.core.logging.XmlKeywordLogger</class>
  <method>logMessage</method>
  <thread>1</thread>
  <message>proxyInformation = ProxyInformation { proxyOption=NO_PROXY, proxyServerType=HTTP, username=, password=********, proxyServerAddress=, proxyServerPort=0, executionList=&amp;quot;&amp;quot;, isApplyToDesiredCapabilities=true }</message>
  <nestedLevel>1</nestedLevel>
  <escapedJava>false</escapedJava>
  <property name="proxyInformation">ProxyInformation { proxyOption=NO_PROXY, proxyServerType=HTTP, username=, password=********, proxyServerAddress=, proxyServerPort=0, executionList=&quot;&quot;, isApplyToDesiredCapabilities=true }</property>
</record>
<record>
  <date>2022-01-25T17:09:23</date>
  <millis>1643141363092</millis>
  <sequence>266</sequence>
  <level>PASSED</level>
  <class>com.kms.katalon.core.logging.XmlKeywordLogger</class>
  <method>logMessage</method>
  <thread>1</thread>
  <message>Browser is opened with url: &amp;apos;&amp;apos;</message>
  <nestedLevel>1</nestedLevel>
  <escapedJava>false</escapedJava>
  <property name="testops-method-name">com.kms.katalon.core.webui.keyword.builtin.OpenBrowserKeyword.openBrowser</property>
  <property name="testops-execution-stacktrace"></property>
</record>
<record>
  <date>2022-01-25T17:09:23</date>
  <millis>1643141363092</millis>
  <sequence>267</sequence>
  <level>END</level>
  <class>com.kms.katalon.core.logging.XmlKeywordLogger</class>
  <method>endKeyword</method>
  <thread>1</thread>
  <message>End action : openBrowser(&amp;quot;&amp;quot;)</message>
  <nestedLevel>1</nestedLevel>
  <escapedJava>false</escapedJava>
</record>
<record>
  <date>2022-01-25T17:09:23</date>
  <millis>1643141363092</millis>
  <sequence>268</sequence>
  <level>START</level>
  <class>com.kms.katalon.core.logging.XmlKeywordLogger</class>
  <method>startKeyword</method>
  <thread>1</thread>
  <message>Start action : navigateToUrl(&amp;quot;http://172.16.1.21:7802/pt/account/login?returnUrl=%2Fpedidos&amp;quot;)</message>
  <nestedLevel>1</nestedLevel>
  <escapedJava>false</escapedJava>
  <property name="startLine">22</property>
  <property name="stepIndex">2</property>
</record>
<record>
  <date>2022-01-25T17:09:23</date>
  <millis>1643141363941</millis>
  <sequence>271</sequence>
  <level>PASSED</level>
  <class>com.kms.katalon.core.logging.XmlKeywordLogger</class>
  <method>logMessage</method>
  <thread>1</thread>
  <message>Navigate to &amp;apos;http://172.16.1.21:7802/pt/account/login?returnUrl=%2Fpedidos&amp;apos; successfully</message>
  <nestedLevel>1</nestedLevel>
  <escapedJava>false</escapedJava>
  <property name="testops-method-name">com.kms.katalon.core.webui.keyword.builtin.NavigateToUrlKeyword.navigateToUrl</property>
  <property name="testops-execution-stacktrace"></property>
</record>
<record>
  <date>2022-01-25T17:09:23</date>
  <millis>1643141363941</millis>
  <sequence>272</sequence>
  <level>END</level>
  <class>com.kms.katalon.core.logging.XmlKeywordLogger</class>
  <method>endKeyword</method>
  <thread>1</thread>
  <message>End action : navigateToUrl(&amp;quot;http://172.16.1.21:7802/pt/account/login?returnUrl=%2Fpedidos&amp;quot;)</message>
  <nestedLevel>1</nestedLevel>
  <escapedJava>false</escapedJava>
</record>
<record>
  <date>2022-01-25T17:09:23</date>
  <millis>1643141363942</millis>
  <sequence>273</sequence>
  <level>START</level>
  <class>com.kms.katalon.core.logging.XmlKeywordLogger</class>
  <method>startKeyword</method>
  <thread>1</thread>
  <message>Start action : setText(findTestObject(&amp;quot;Object Repository/Page_Dataplace - SFA/Page_Dataplace - SFA/Page_Dataplace - SFA/Page_Dataplace - SFA/Page_Dataplace - SFA/Page_Dataplace - SFA/input_Nome de usurio ou endereo de email_email&amp;quot;), &amp;quot;mayara.moraes@dataplaca.com.br&amp;quot;)</message>
  <nestedLevel>1</nestedLevel>
  <escapedJava>false</escapedJava>
  <property name="startLine">24</property>
  <property name="stepIndex">3</property>
</record>
<record>
  <date>2022-01-25T17:09:24</date>
  <millis>1643141364853</millis>
  <sequence>289</sequence>
  <level>PASSED</level>
  <class>com.kms.katalon.core.logging.XmlKeywordLogger</class>
  <method>logMessage</method>
  <thread>1</thread>
  <message>Text &amp;apos;mayara.moraes@dataplaca.com.br&amp;apos; is set on object &amp;apos;Object Repository/Page_Dataplace - SFA/Page_Dataplace - SFA/Page_Dataplace - SFA/Page_Dataplace - SFA/Page_Dataplace - SFA/Page_Dataplace - SFA/input_Nome de usurio ou endereo de email_email&amp;apos;</message>
  <nestedLevel>1</nestedLevel>
  <escapedJava>false</escapedJava>
  <property name="testops-method-name">com.kms.katalon.core.webui.keyword.builtin.SetTextKeyword.setText</property>
  <property name="testops-execution-stacktrace"></property>
</record>
<record>
  <date>2022-01-25T17:09:24</date>
  <millis>1643141364854</millis>
  <sequence>290</sequence>
  <level>END</level>
  <class>com.kms.katalon.core.logging.XmlKeywordLogger</class>
  <method>endKeyword</method>
  <thread>1</thread>
  <message>End action : setText(findTestObject(&amp;quot;Object Repository/Page_Dataplace - SFA/Page_Dataplace - SFA/Page_Dataplace - SFA/Page_Dataplace - SFA/Page_Dataplace - SFA/Page_Dataplace - SFA/input_Nome de usurio ou endereo de email_email&amp;quot;), &amp;quot;mayara.moraes@dataplaca.com.br&amp;quot;)</message>
  <nestedLevel>1</nestedLevel>
  <escapedJava>false</escapedJava>
</record>
<record>
  <date>2022-01-25T17:09:24</date>
  <millis>1643141364854</millis>
  <sequence>291</sequence>
  <level>START</level>
  <class>com.kms.katalon.core.logging.XmlKeywordLogger</class>
  <method>startKeyword</method>
  <thread>1</thread>
  <message>Start action : click(findTestObject(&amp;quot;Object Repository/Page_Dataplace - SFA/Page_Dataplace - SFA/Page_Dataplace - SFA/Page_Dataplace - SFA/Page_Dataplace - SFA/Page_Dataplace - SFA/input_Nome de usurio ou endereo de email_email&amp;quot;))</message>
  <nestedLevel>1</nestedLevel>
  <escapedJava>false</escapedJava>
  <property name="startLine">27</property>
  <property name="stepIndex">4</property>
</record>
<record>
  <date>2022-01-25T17:09:25</date>
  <millis>1643141365242</millis>
  <sequence>301</sequence>
  <level>PASSED</level>
  <class>com.kms.katalon.core.logging.XmlKeywordLogger</class>
  <method>logMessage</method>
  <thread>1</thread>
  <message>Object: &amp;apos;Object Repository/Page_Dataplace - SFA/Page_Dataplace - SFA/Page_Dataplace - SFA/Page_Dataplace - SFA/Page_Dataplace - SFA/Page_Dataplace - SFA/input_Nome de usurio ou endereo de email_email&amp;apos; is clicked on</message>
  <nestedLevel>1</nestedLevel>
  <escapedJava>false</escapedJava>
  <property name="testops-method-name">com.kms.katalon.core.webui.keyword.builtin.ClickKeyword.click</property>
  <property name="testops-execution-stacktrace"></property>
</record>
<record>
  <date>2022-01-25T17:09:25</date>
  <millis>1643141365243</millis>
  <sequence>302</sequence>
  <level>END</level>
  <class>com.kms.katalon.core.logging.XmlKeywordLogger</class>
  <method>endKeyword</method>
  <thread>1</thread>
  <message>End action : click(findTestObject(&amp;quot;Object Repository/Page_Dataplace - SFA/Page_Dataplace - SFA/Page_Dataplace - SFA/Page_Dataplace - SFA/Page_Dataplace - SFA/Page_Dataplace - SFA/input_Nome de usurio ou endereo de email_email&amp;quot;))</message>
  <nestedLevel>1</nestedLevel>
  <escapedJava>false</escapedJava>
</record>
<record>
  <date>2022-01-25T17:09:25</date>
  <millis>1643141365243</millis>
  <sequence>303</sequence>
  <level>START</level>
  <class>com.kms.katalon.core.logging.XmlKeywordLogger</class>
  <method>startKeyword</method>
  <thread>1</thread>
  <message>Start action : setText(findTestObject(&amp;quot;Object Repository/Page_Dataplace - SFA/Page_Dataplace - SFA/Page_Dataplace - SFA/Page_Dataplace - SFA/Page_Dataplace - SFA/Page_Dataplace - SFA/input_Nome de usurio ou endereo de email_email&amp;quot;), &amp;quot;mayara.moraes@dataplace.com.br&amp;quot;)</message>
  <nestedLevel>1</nestedLevel>
  <escapedJava>false</escapedJava>
  <property name="startLine">29</property>
  <property name="stepIndex">5</property>
</record>
<record>
  <date>2022-01-25T17:09:25</date>
  <millis>1643141365944</millis>
  <sequence>319</sequence>
  <level>PASSED</level>
  <class>com.kms.katalon.core.logging.XmlKeywordLogger</class>
  <method>logMessage</method>
  <thread>1</thread>
  <message>Text &amp;apos;mayara.moraes@dataplace.com.br&amp;apos; is set on object &amp;apos;Object Repository/Page_Dataplace - SFA/Page_Dataplace - SFA/Page_Dataplace - SFA/Page_Dataplace - SFA/Page_Dataplace - SFA/Page_Dataplace - SFA/input_Nome de usurio ou endereo de email_email&amp;apos;</message>
  <nestedLevel>1</nestedLevel>
  <escapedJava>false</escapedJava>
  <property name="testops-method-name">com.kms.katalon.core.webui.keyword.builtin.SetTextKeyword.setText</property>
  <property name="testops-execution-stacktrace"></property>
</record>
<record>
  <date>2022-01-25T17:09:25</date>
  <millis>1643141365944</millis>
  <sequence>320</sequence>
  <level>END</level>
  <class>com.kms.katalon.core.logging.XmlKeywordLogger</class>
  <method>endKeyword</method>
  <thread>1</thread>
  <message>End action : setText(findTestObject(&amp;quot;Object Repository/Page_Dataplace - SFA/Page_Dataplace - SFA/Page_Dataplace - SFA/Page_Dataplace - SFA/Page_Dataplace - SFA/Page_Dataplace - SFA/input_Nome de usurio ou endereo de email_email&amp;quot;), &amp;quot;mayara.moraes@dataplace.com.br&amp;quot;)</message>
  <nestedLevel>1</nestedLevel>
  <escapedJava>false</escapedJava>
</record>
<record>
  <date>2022-01-25T17:09:25</date>
  <millis>1643141365945</millis>
  <sequence>321</sequence>
  <level>START</level>
  <class>com.kms.katalon.core.logging.XmlKeywordLogger</class>
  <method>startKeyword</method>
  <thread>1</thread>
  <message>Start action : setEncryptedText(findTestObject(&amp;quot;Object Repository/Page_Dataplace - SFA/Page_Dataplace - SFA/Page_Dataplace - SFA/Page_Dataplace - SFA/Page_Dataplace - SFA/Page_Dataplace - SFA/input_Senha_senha&amp;quot;), &amp;quot;i+K1X3doZYBu6F0i+9QHbg==&amp;quot;)</message>
  <nestedLevel>1</nestedLevel>
  <escapedJava>false</escapedJava>
  <property name="startLine">32</property>
  <property name="stepIndex">6</property>
</record>
<record>
  <date>2022-01-25T17:09:26</date>
  <millis>1643141366372</millis>
  <sequence>332</sequence>
  <level>PASSED</level>
  <class>com.kms.katalon.core.logging.XmlKeywordLogger</class>
  <method>logMessage</method>
  <thread>1</thread>
  <message>Text ****** has been set on object &amp;apos;Object Repository/Page_Dataplace - SFA/Page_Dataplace - SFA/Page_Dataplace - SFA/Page_Dataplace - SFA/Page_Dataplace - SFA/Page_Dataplace - SFA/input_Senha_senha&amp;apos;</message>
  <nestedLevel>1</nestedLevel>
  <escapedJava>false</escapedJava>
  <property name="testops-method-name">com.kms.katalon.core.webui.keyword.builtin.SetEncryptedTextKeyword.setEncryptedText</property>
  <property name="testops-execution-stacktrace"></property>
</record>
<record>
  <date>2022-01-25T17:09:26</date>
  <millis>1643141366372</millis>
  <sequence>333</sequence>
  <level>END</level>
  <class>com.kms.katalon.core.logging.XmlKeywordLogger</class>
  <method>endKeyword</method>
  <thread>1</thread>
  <message>End action : setEncryptedText(findTestObject(&amp;quot;Object Repository/Page_Dataplace - SFA/Page_Dataplace - SFA/Page_Dataplace - SFA/Page_Dataplace - SFA/Page_Dataplace - SFA/Page_Dataplace - SFA/input_Senha_senha&amp;quot;), &amp;quot;i+K1X3doZYBu6F0i+9QHbg==&amp;quot;)</message>
  <nestedLevel>1</nestedLevel>
  <escapedJava>false</escapedJava>
</record>
<record>
  <date>2022-01-25T17:09:26</date>
  <millis>1643141366372</millis>
  <sequence>334</sequence>
  <level>START</level>
  <class>com.kms.katalon.core.logging.XmlKeywordLogger</class>
  <method>startKeyword</method>
  <thread>1</thread>
  <message>Start action : click(findTestObject(&amp;quot;Object Repository/Page_Dataplace - SFA/Page_Dataplace - SFA/Page_Dataplace - SFA/Page_Dataplace - SFA/Page_Dataplace - SFA/Page_Dataplace - SFA/button_Login&amp;quot;))</message>
  <nestedLevel>1</nestedLevel>
  <escapedJava>false</escapedJava>
  <property name="startLine">35</property>
  <property name="stepIndex">7</property>
</record>
<record>
  <date>2022-01-25T17:09:26</date>
  <millis>1643141366862</millis>
  <sequence>344</sequence>
  <level>PASSED</level>
  <class>com.kms.katalon.core.logging.XmlKeywordLogger</class>
  <method>logMessage</method>
  <thread>1</thread>
  <message>Object: &amp;apos;Object Repository/Page_Dataplace - SFA/Page_Dataplace - SFA/Page_Dataplace - SFA/Page_Dataplace - SFA/Page_Dataplace - SFA/Page_Dataplace - SFA/button_Login&amp;apos; is clicked on</message>
  <nestedLevel>1</nestedLevel>
  <escapedJava>false</escapedJava>
  <property name="testops-method-name">com.kms.katalon.core.webui.keyword.builtin.ClickKeyword.click</property>
  <property name="testops-execution-stacktrace"></property>
</record>
<record>
  <date>2022-01-25T17:09:26</date>
  <millis>1643141366863</millis>
  <sequence>345</sequence>
  <level>END</level>
  <class>com.kms.katalon.core.logging.XmlKeywordLogger</class>
  <method>endKeyword</method>
  <thread>1</thread>
  <message>End action : click(findTestObject(&amp;quot;Object Repository/Page_Dataplace - SFA/Page_Dataplace - SFA/Page_Dataplace - SFA/Page_Dataplace - SFA/Page_Dataplace - SFA/Page_Dataplace - SFA/button_Login&amp;quot;))</message>
  <nestedLevel>1</nestedLevel>
  <escapedJava>false</escapedJava>
</record>
<record>
  <date>2022-01-25T17:09:26</date>
  <millis>1643141366863</millis>
  <sequence>346</sequence>
  <level>START</level>
  <class>com.kms.katalon.core.logging.XmlKeywordLogger</class>
  <method>startKeyword</method>
  <thread>1</thread>
  <message>Start action : click(findTestObject(&amp;quot;Object Repository/Page_Dataplace - SFA/Page_Dataplace - SFA/Page_Dataplace - SFA/Page_Dataplace - SFA/Page_Dataplace - SFA/Page_Dataplace - SFA/div_LoginNome de usurio ou endereo de email_d83c56&amp;quot;))</message>
  <nestedLevel>1</nestedLevel>
  <escapedJava>false</escapedJava>
  <property name="startLine">37</property>
  <property name="stepIndex">8</property>
</record>
<record>
  <date>2022-01-25T17:09:27</date>
  <millis>1643141367457</millis>
  <sequence>356</sequence>
  <level>PASSED</level>
  <class>com.kms.katalon.core.logging.XmlKeywordLogger</class>
  <method>logMessage</method>
  <thread>1</thread>
  <message>Object: &amp;apos;Object Repository/Page_Dataplace - SFA/Page_Dataplace - SFA/Page_Dataplace - SFA/Page_Dataplace - SFA/Page_Dataplace - SFA/Page_Dataplace - SFA/div_LoginNome de usurio ou endereo de email_d83c56&amp;apos; is clicked on</message>
  <nestedLevel>1</nestedLevel>
  <escapedJava>false</escapedJava>
  <property name="testops-method-name">com.kms.katalon.core.webui.keyword.builtin.ClickKeyword.click</property>
  <property name="testops-execution-stacktrace"></property>
</record>
<record>
  <date>2022-01-25T17:09:27</date>
  <millis>1643141367457</millis>
  <sequence>357</sequence>
  <level>END</level>
  <class>com.kms.katalon.core.logging.XmlKeywordLogger</class>
  <method>endKeyword</method>
  <thread>1</thread>
  <message>End action : click(findTestObject(&amp;quot;Object Repository/Page_Dataplace - SFA/Page_Dataplace - SFA/Page_Dataplace - SFA/Page_Dataplace - SFA/Page_Dataplace - SFA/Page_Dataplace - SFA/div_LoginNome de usurio ou endereo de email_d83c56&amp;quot;))</message>
  <nestedLevel>1</nestedLevel>
  <escapedJava>false</escapedJava>
</record>
<record>
  <date>2022-01-25T17:09:27</date>
  <millis>1643141367458</millis>
  <sequence>358</sequence>
  <level>START</level>
  <class>com.kms.katalon.core.logging.XmlKeywordLogger</class>
  <method>startKeyword</method>
  <thread>1</thread>
  <message>Start action : setEncryptedText(findTestObject(&amp;quot;Object Repository/Page_Dataplace - SFA/Page_Dataplace - SFA/Page_Dataplace - SFA/Page_Dataplace - SFA/Page_Dataplace - SFA/Page_Dataplace - SFA/input_Senha_senha&amp;quot;), &amp;quot;jBu/h84nUum0DzfFUdyvAQ==&amp;quot;)</message>
  <nestedLevel>1</nestedLevel>
  <escapedJava>false</escapedJava>
  <property name="startLine">39</property>
  <property name="stepIndex">9</property>
</record>
<record>
  <date>2022-01-25T17:09:27</date>
  <millis>1643141367898</millis>
  <sequence>369</sequence>
  <level>PASSED</level>
  <class>com.kms.katalon.core.logging.XmlKeywordLogger</class>
  <method>logMessage</method>
  <thread>1</thread>
  <message>Text ****** has been set on object &amp;apos;Object Repository/Page_Dataplace - SFA/Page_Dataplace - SFA/Page_Dataplace - SFA/Page_Dataplace - SFA/Page_Dataplace - SFA/Page_Dataplace - SFA/input_Senha_senha&amp;apos;</message>
  <nestedLevel>1</nestedLevel>
  <escapedJava>false</escapedJava>
  <property name="testops-method-name">com.kms.katalon.core.webui.keyword.builtin.SetEncryptedTextKeyword.setEncryptedText</property>
  <property name="testops-execution-stacktrace"></property>
</record>
<record>
  <date>2022-01-25T17:09:27</date>
  <millis>1643141367899</millis>
  <sequence>370</sequence>
  <level>END</level>
  <class>com.kms.katalon.core.logging.XmlKeywordLogger</class>
  <method>endKeyword</method>
  <thread>1</thread>
  <message>End action : setEncryptedText(findTestObject(&amp;quot;Object Repository/Page_Dataplace - SFA/Page_Dataplace - SFA/Page_Dataplace - SFA/Page_Dataplace - SFA/Page_Dataplace - SFA/Page_Dataplace - SFA/input_Senha_senha&amp;quot;), &amp;quot;jBu/h84nUum0DzfFUdyvAQ==&amp;quot;)</message>
  <nestedLevel>1</nestedLevel>
  <escapedJava>false</escapedJava>
</record>
<record>
  <date>2022-01-25T17:09:27</date>
  <millis>1643141367899</millis>
  <sequence>371</sequence>
  <level>START</level>
  <class>com.kms.katalon.core.logging.XmlKeywordLogger</class>
  <method>startKeyword</method>
  <thread>1</thread>
  <message>Start action : click(findTestObject(&amp;quot;Object Repository/Page_Dataplace - SFA/Page_Dataplace - SFA/Page_Dataplace - SFA/Page_Dataplace - SFA/Page_Dataplace - SFA/Page_Dataplace - SFA/div_Login&amp;quot;))</message>
  <nestedLevel>1</nestedLevel>
  <escapedJava>false</escapedJava>
  <property name="startLine">42</property>
  <property name="stepIndex">10</property>
</record>
<record>
  <date>2022-01-25T17:09:28</date>
  <millis>1643141368382</millis>
  <sequence>381</sequence>
  <level>PASSED</level>
  <class>com.kms.katalon.core.logging.XmlKeywordLogger</class>
  <method>logMessage</method>
  <thread>1</thread>
  <message>Object: &amp;apos;Object Repository/Page_Dataplace - SFA/Page_Dataplace - SFA/Page_Dataplace - SFA/Page_Dataplace - SFA/Page_Dataplace - SFA/Page_Dataplace - SFA/div_Login&amp;apos; is clicked on</message>
  <nestedLevel>1</nestedLevel>
  <escapedJava>false</escapedJava>
  <property name="testops-method-name">com.kms.katalon.core.webui.keyword.builtin.ClickKeyword.click</property>
  <property name="testops-execution-stacktrace"></property>
</record>
<record>
  <date>2022-01-25T17:09:28</date>
  <millis>1643141368382</millis>
  <sequence>382</sequence>
  <level>END</level>
  <class>com.kms.katalon.core.logging.XmlKeywordLogger</class>
  <method>endKeyword</method>
  <thread>1</thread>
  <message>End action : click(findTestObject(&amp;quot;Object Repository/Page_Dataplace - SFA/Page_Dataplace - SFA/Page_Dataplace - SFA/Page_Dataplace - SFA/Page_Dataplace - SFA/Page_Dataplace - SFA/div_Login&amp;quot;))</message>
  <nestedLevel>1</nestedLevel>
  <escapedJava>false</escapedJava>
</record>
<record>
  <date>2022-01-25T17:09:28</date>
  <millis>1643141368382</millis>
  <sequence>383</sequence>
  <level>START</level>
  <class>com.kms.katalon.core.logging.XmlKeywordLogger</class>
  <method>startKeyword</method>
  <thread>1</thread>
  <message>Start action : click(findTestObject(&amp;quot;Object Repository/Page_Dataplace - SFA/Page_Dataplace - SFA/Page_Dataplace - SFA/Page_Dataplace - SFA/Page_Dataplace - SFA/Page_Dataplace SFA/div_1603&amp;quot;))</message>
  <nestedLevel>1</nestedLevel>
  <escapedJava>false</escapedJava>
  <property name="startLine">44</property>
  <property name="stepIndex">11</property>
</record>
<record>
  <date>2022-01-25T17:09:29</date>
  <millis>1643141369109</millis>
  <sequence>393</sequence>
  <level>PASSED</level>
  <class>com.kms.katalon.core.logging.XmlKeywordLogger</class>
  <method>logMessage</method>
  <thread>1</thread>
  <message>Object: &amp;apos;Object Repository/Page_Dataplace - SFA/Page_Dataplace - SFA/Page_Dataplace - SFA/Page_Dataplace - SFA/Page_Dataplace - SFA/Page_Dataplace SFA/div_1603&amp;apos; is clicked on</message>
  <nestedLevel>1</nestedLevel>
  <escapedJava>false</escapedJava>
  <property name="testops-method-name">com.kms.katalon.core.webui.keyword.builtin.ClickKeyword.click</property>
  <property name="testops-execution-stacktrace"></property>
</record>
<record>
  <date>2022-01-25T17:09:29</date>
  <millis>1643141369110</millis>
  <sequence>394</sequence>
  <level>END</level>
  <class>com.kms.katalon.core.logging.XmlKeywordLogger</class>
  <method>endKeyword</method>
  <thread>1</thread>
  <message>End action : click(findTestObject(&amp;quot;Object Repository/Page_Dataplace - SFA/Page_Dataplace - SFA/Page_Dataplace - SFA/Page_Dataplace - SFA/Page_Dataplace - SFA/Page_Dataplace SFA/div_1603&amp;quot;))</message>
  <nestedLevel>1</nestedLevel>
  <escapedJava>false</escapedJava>
</record>
<record>
  <date>2022-01-25T17:09:29</date>
  <millis>1643141369110</millis>
  <sequence>395</sequence>
  <level>START</level>
  <class>com.kms.katalon.core.logging.XmlKeywordLogger</class>
  <method>startKeyword</method>
  <thread>1</thread>
  <message>Start action : setText(findTestObject(&amp;quot;Object Repository/Page_Dataplace - SFA/Page_Dataplace - SFA/Page_Dataplace - SFA/Page_Dataplace - SFA/Page_Dataplace - SFA/Page_Dataplace SFA/input_Produto_typeahead-produto&amp;quot;), &amp;quot; &amp;quot;)</message>
  <nestedLevel>1</nestedLevel>
  <escapedJava>false</escapedJava>
  <property name="startLine">46</property>
  <property name="stepIndex">12</property>
</record>
<record>
  <date>2022-01-25T17:09:30</date>
  <millis>1643141370135</millis>
  <sequence>411</sequence>
  <level>PASSED</level>
  <class>com.kms.katalon.core.logging.XmlKeywordLogger</class>
  <method>logMessage</method>
  <thread>1</thread>
  <message>Text &amp;apos; &amp;apos; is set on object &amp;apos;Object Repository/Page_Dataplace - SFA/Page_Dataplace - SFA/Page_Dataplace - SFA/Page_Dataplace - SFA/Page_Dataplace - SFA/Page_Dataplace SFA/input_Produto_typeahead-produto&amp;apos;</message>
  <nestedLevel>1</nestedLevel>
  <escapedJava>false</escapedJava>
  <property name="testops-method-name">com.kms.katalon.core.webui.keyword.builtin.SetTextKeyword.setText</property>
  <property name="testops-execution-stacktrace"></property>
</record>
<record>
  <date>2022-01-25T17:09:30</date>
  <millis>1643141370136</millis>
  <sequence>412</sequence>
  <level>END</level>
  <class>com.kms.katalon.core.logging.XmlKeywordLogger</class>
  <method>endKeyword</method>
  <thread>1</thread>
  <message>End action : setText(findTestObject(&amp;quot;Object Repository/Page_Dataplace - SFA/Page_Dataplace - SFA/Page_Dataplace - SFA/Page_Dataplace - SFA/Page_Dataplace - SFA/Page_Dataplace SFA/input_Produto_typeahead-produto&amp;quot;), &amp;quot; &amp;quot;)</message>
  <nestedLevel>1</nestedLevel>
  <escapedJava>false</escapedJava>
</record>
<record>
  <date>2022-01-25T17:09:30</date>
  <millis>1643141370136</millis>
  <sequence>413</sequence>
  <level>START</level>
  <class>com.kms.katalon.core.logging.XmlKeywordLogger</class>
  <method>startKeyword</method>
  <thread>1</thread>
  <message>Start action : click(findTestObject(&amp;quot;Object Repository/Page_Dataplace - SFA/Page_Dataplace - SFA/Page_Dataplace - SFA/Page_Dataplace - SFA/Page_Dataplace - SFA/Page_Dataplace SFA/button_BOTA HOMOCINETICA CORCEL - 00100&amp;quot;))</message>
  <nestedLevel>1</nestedLevel>
  <escapedJava>false</escapedJava>
  <property name="startLine">49</property>
  <property name="stepIndex">13</property>
</record>
<record>
  <date>2022-01-25T17:09:31</date>
  <millis>1643141371464</millis>
  <sequence>424</sequence>
  <level>PASSED</level>
  <class>com.kms.katalon.core.logging.XmlKeywordLogger</class>
  <method>logMessage</method>
  <thread>1</thread>
  <message>Object: &amp;apos;Object Repository/Page_Dataplace - SFA/Page_Dataplace - SFA/Page_Dataplace - SFA/Page_Dataplace - SFA/Page_Dataplace - SFA/Page_Dataplace SFA/button_BOTA HOMOCINETICA CORCEL - 00100&amp;apos; is clicked on</message>
  <nestedLevel>1</nestedLevel>
  <escapedJava>false</escapedJava>
  <property name="testops-method-name">com.kms.katalon.core.webui.keyword.builtin.ClickKeyword.click</property>
  <property name="testops-execution-stacktrace"></property>
</record>
<record>
  <date>2022-01-25T17:09:31</date>
  <millis>1643141371465</millis>
  <sequence>425</sequence>
  <level>END</level>
  <class>com.kms.katalon.core.logging.XmlKeywordLogger</class>
  <method>endKeyword</method>
  <thread>1</thread>
  <message>End action : click(findTestObject(&amp;quot;Object Repository/Page_Dataplace - SFA/Page_Dataplace - SFA/Page_Dataplace - SFA/Page_Dataplace - SFA/Page_Dataplace - SFA/Page_Dataplace SFA/button_BOTA HOMOCINETICA CORCEL - 00100&amp;quot;))</message>
  <nestedLevel>1</nestedLevel>
  <escapedJava>false</escapedJava>
</record>
<record>
  <date>2022-01-25T17:09:31</date>
  <millis>1643141371465</millis>
  <sequence>426</sequence>
  <level>START</level>
  <class>com.kms.katalon.core.logging.XmlKeywordLogger</class>
  <method>startKeyword</method>
  <thread>1</thread>
  <message>Start action : setText(findTestObject(&amp;quot;Object Repository/Page_Dataplace - SFA/Page_Dataplace - SFA/Page_Dataplace - SFA/Page_Dataplace - SFA/Page_Dataplace - SFA/Page_Dataplace SFA/input_Produto_typeahead-produto&amp;quot;), &amp;quot; &amp;quot;)</message>
  <nestedLevel>1</nestedLevel>
  <escapedJava>false</escapedJava>
  <property name="startLine">51</property>
  <property name="stepIndex">14</property>
</record>
<record>
  <date>2022-01-25T17:09:32</date>
  <millis>1643141372707</millis>
  <sequence>442</sequence>
  <level>PASSED</level>
  <class>com.kms.katalon.core.logging.XmlKeywordLogger</class>
  <method>logMessage</method>
  <thread>1</thread>
  <message>Text &amp;apos; &amp;apos; is set on object &amp;apos;Object Repository/Page_Dataplace - SFA/Page_Dataplace - SFA/Page_Dataplace - SFA/Page_Dataplace - SFA/Page_Dataplace - SFA/Page_Dataplace SFA/input_Produto_typeahead-produto&amp;apos;</message>
  <nestedLevel>1</nestedLevel>
  <escapedJava>false</escapedJava>
  <property name="testops-method-name">com.kms.katalon.core.webui.keyword.builtin.SetTextKeyword.setText</property>
  <property name="testops-execution-stacktrace"></property>
</record>
<record>
  <date>2022-01-25T17:09:32</date>
  <millis>1643141372708</millis>
  <sequence>443</sequence>
  <level>END</level>
  <class>com.kms.katalon.core.logging.XmlKeywordLogger</class>
  <method>endKeyword</method>
  <thread>1</thread>
  <message>End action : setText(findTestObject(&amp;quot;Object Repository/Page_Dataplace - SFA/Page_Dataplace - SFA/Page_Dataplace - SFA/Page_Dataplace - SFA/Page_Dataplace - SFA/Page_Dataplace SFA/input_Produto_typeahead-produto&amp;quot;), &amp;quot; &amp;quot;)</message>
  <nestedLevel>1</nestedLevel>
  <escapedJava>false</escapedJava>
</record>
<record>
  <date>2022-01-25T17:09:32</date>
  <millis>1643141372708</millis>
  <sequence>444</sequence>
  <level>START</level>
  <class>com.kms.katalon.core.logging.XmlKeywordLogger</class>
  <method>startKeyword</method>
  <thread>1</thread>
  <message>Start action : setText(findTestObject(&amp;quot;Object Repository/Page_Dataplace - SFA/Page_Dataplace - SFA/Page_Dataplace - SFA/Page_Dataplace - SFA/Page_Dataplace - SFA/Page_Dataplace SFA/input_Quantidade_quantidade&amp;quot;), quantidade)</message>
  <nestedLevel>1</nestedLevel>
  <escapedJava>false</escapedJava>
  <property name="startLine">54</property>
  <property name="stepIndex">15</property>
</record>
<record>
  <date>2022-01-25T17:09:33</date>
  <millis>1643141373648</millis>
  <sequence>460</sequence>
  <level>PASSED</level>
  <class>com.kms.katalon.core.logging.XmlKeywordLogger</class>
  <method>logMessage</method>
  <thread>1</thread>
  <message>Text &amp;apos;2&amp;apos; is set on object &amp;apos;Object Repository/Page_Dataplace - SFA/Page_Dataplace - SFA/Page_Dataplace - SFA/Page_Dataplace - SFA/Page_Dataplace - SFA/Page_Dataplace SFA/input_Quantidade_quantidade&amp;apos;</message>
  <nestedLevel>1</nestedLevel>
  <escapedJava>false</escapedJava>
  <property name="testops-method-name">com.kms.katalon.core.webui.keyword.builtin.SetTextKeyword.setText</property>
  <property name="testops-execution-stacktrace"></property>
</record>
<record>
  <date>2022-01-25T17:09:33</date>
  <millis>1643141373649</millis>
  <sequence>461</sequence>
  <level>END</level>
  <class>com.kms.katalon.core.logging.XmlKeywordLogger</class>
  <method>endKeyword</method>
  <thread>1</thread>
  <message>End action : setText(findTestObject(&amp;quot;Object Repository/Page_Dataplace - SFA/Page_Dataplace - SFA/Page_Dataplace - SFA/Page_Dataplace - SFA/Page_Dataplace - SFA/Page_Dataplace SFA/input_Quantidade_quantidade&amp;quot;), quantidade)</message>
  <nestedLevel>1</nestedLevel>
  <escapedJava>false</escapedJava>
</record>
<record>
  <date>2022-01-25T17:09:33</date>
  <millis>1643141373649</millis>
  <sequence>462</sequence>
  <level>START</level>
  <class>com.kms.katalon.core.logging.XmlKeywordLogger</class>
  <method>startKeyword</method>
  <thread>1</thread>
  <message>Start action : setText(findTestObject(&amp;quot;Object Repository/Page_Dataplace - SFA/Page_Dataplace - SFA/Page_Dataplace - SFA/Page_Dataplace - SFA/Page_Dataplace - SFA/Page_Dataplace SFA/input_R_precoLiquido&amp;quot;), preco)</message>
  <nestedLevel>1</nestedLevel>
  <escapedJava>false</escapedJava>
  <property name="startLine">57</property>
  <property name="stepIndex">16</property>
</record>
<record>
  <date>2022-01-25T17:09:34</date>
  <millis>1643141374714</millis>
  <sequence>478</sequence>
  <level>PASSED</level>
  <class>com.kms.katalon.core.logging.XmlKeywordLogger</class>
  <method>logMessage</method>
  <thread>1</thread>
  <message>Text &amp;apos;20,00&amp;apos; is set on object &amp;apos;Object Repository/Page_Dataplace - SFA/Page_Dataplace - SFA/Page_Dataplace - SFA/Page_Dataplace - SFA/Page_Dataplace - SFA/Page_Dataplace SFA/input_R_precoLiquido&amp;apos;</message>
  <nestedLevel>1</nestedLevel>
  <escapedJava>false</escapedJava>
  <property name="testops-method-name">com.kms.katalon.core.webui.keyword.builtin.SetTextKeyword.setText</property>
  <property name="testops-execution-stacktrace"></property>
</record>
<record>
  <date>2022-01-25T17:09:34</date>
  <millis>1643141374714</millis>
  <sequence>479</sequence>
  <level>END</level>
  <class>com.kms.katalon.core.logging.XmlKeywordLogger</class>
  <method>endKeyword</method>
  <thread>1</thread>
  <message>End action : setText(findTestObject(&amp;quot;Object Repository/Page_Dataplace - SFA/Page_Dataplace - SFA/Page_Dataplace - SFA/Page_Dataplace - SFA/Page_Dataplace - SFA/Page_Dataplace SFA/input_R_precoLiquido&amp;quot;), preco)</message>
  <nestedLevel>1</nestedLevel>
  <escapedJava>false</escapedJava>
</record>
<record>
  <date>2022-01-25T17:09:34</date>
  <millis>1643141374715</millis>
  <sequence>480</sequence>
  <level>START</level>
  <class>com.kms.katalon.core.logging.XmlKeywordLogger</class>
  <method>startKeyword</method>
  <thread>1</thread>
  <message>Start action : verifyElementText(findTestObject(&amp;quot;Object Repository/Page_Dataplace - SFA/Page_Dataplace - SFA/Page_Dataplace - SFA/Page_Dataplace - SFA/Page_Dataplace - SFA/Page_Dataplace SFA/div_R125,00&amp;quot;), total)</message>
  <nestedLevel>1</nestedLevel>
  <escapedJava>false</escapedJava>
  <property name="startLine">60</property>
  <property name="stepIndex">17</property>
</record>
<record>
  <date>2022-01-25T17:09:35</date>
  <millis>1643141375215</millis>
  <sequence>488</sequence>
  <level>PASSED</level>
  <class>com.kms.katalon.core.logging.XmlKeywordLogger</class>
  <method>logMessage</method>
  <thread>1</thread>
  <message>Actual text and expected text of test object &amp;apos;Object Repository/Page_Dataplace - SFA/Page_Dataplace - SFA/Page_Dataplace - SFA/Page_Dataplace - SFA/Page_Dataplace - SFA/Page_Dataplace SFA/div_R125,00&amp;apos; are matched.</message>
  <nestedLevel>1</nestedLevel>
  <escapedJava>false</escapedJava>
  <property name="testops-is-assertion">true</property>
  <property name="testops-method-name">com.kms.katalon.core.webui.keyword.builtin.VerifyElementTextKeyword.verifyElementText</property>
  <property name="testops-execution-stacktrace"></property>
</record>
<record>
  <date>2022-01-25T17:09:35</date>
  <millis>1643141375215</millis>
  <sequence>489</sequence>
  <level>END</level>
  <class>com.kms.katalon.core.logging.XmlKeywordLogger</class>
  <method>endKeyword</method>
  <thread>1</thread>
  <message>End action : verifyElementText(findTestObject(&amp;quot;Object Repository/Page_Dataplace - SFA/Page_Dataplace - SFA/Page_Dataplace - SFA/Page_Dataplace - SFA/Page_Dataplace - SFA/Page_Dataplace SFA/div_R125,00&amp;quot;), total)</message>
  <nestedLevel>1</nestedLevel>
  <escapedJava>false</escapedJava>
</record>
<record>
  <date>2022-01-25T17:09:35</date>
  <millis>1643141375215</millis>
  <sequence>490</sequence>
  <level>START</level>
  <class>com.kms.katalon.core.logging.XmlKeywordLogger</class>
  <method>startKeyword</method>
  <thread>1</thread>
  <message>Start action : if (total == true)</message>
  <nestedLevel>1</nestedLevel>
  <escapedJava>false</escapedJava>
  <property name="startLine">64</property>
  <property name="stepIndex">18</property>
</record>
<record>
  <date>2022-01-25T17:09:35</date>
  <millis>1643141375216</millis>
  <sequence>491</sequence>
  <level>END</level>
  <class>com.kms.katalon.core.logging.XmlKeywordLogger</class>
  <method>endKeyword</method>
  <thread>1</thread>
  <message>End action : if (total == true)</message>
  <nestedLevel>1</nestedLevel>
  <escapedJava>false</escapedJava>
</record>
<record>
  <date>2022-01-25T17:09:35</date>
  <millis>1643141375216</millis>
  <sequence>492</sequence>
  <level>PASSED</level>
  <class>com.kms.katalon.core.logging.XmlKeywordLogger</class>
  <method>logMessage</method>
  <thread>1</thread>
  <message>Test Cases/New Test Case</message>
  <nestedLevel>1</nestedLevel>
  <escapedJava>false</escapedJava>
</record>
<record>
  <date>2022-01-25T17:09:35</date>
  <millis>1643141375217</millis>
  <sequence>493</sequence>
  <level>END</level>
  <class>com.kms.katalon.core.logging.XmlKeywordLogger</class>
  <method>endTest</method>
  <thread>1</thread>
  <message>End Test Case : Test Cases/New Test Case</message>
  <nestedLevel>0</nestedLevel>
  <escapedJava>false</escapedJava>
  <property name="executionBindingVariables">[
  {
    &quot;displayReportName&quot;: &quot;quantidade&quot;,
    &quot;value&quot;: &quot;2&quot;,
    &quot;name&quot;: &quot;quantidade&quot;,
    &quot;masked&quot;: false
  },
  {
    &quot;displayReportName&quot;: &quot;preco&quot;,
    &quot;value&quot;: &quot;20,00&quot;,
    &quot;name&quot;: &quot;preco&quot;,
    &quot;masked&quot;: false
  },
  {
    &quot;displayReportName&quot;: &quot;total&quot;,
    &quot;value&quot;: &quot;R$ 40,00&quot;,
    &quot;name&quot;: &quot;total&quot;,
    &quot;masked&quot;: false
  }
]</property>
  <property name="keywordsUsage">{
  &quot;web_ui&quot;: true,
  &quot;web_service&quot;: false,
  &quot;cucumber&quot;: false,
  &quot;builtin&quot;: false,
  &quot;mobile&quot;: false,
  &quot;windows&quot;: false,
  &quot;testng&quot;: false
}</property>
</record>
<record>
  <date>2022-01-25T17:09:35</date>
  <millis>1643141375218</millis>
  <sequence>494</sequence>
  <level>START</level>
  <class>com.kms.katalon.core.logging.XmlKeywordLogger</class>
  <method>startKeyword</method>
  <thread>1</thread>
  <message>Start listener action : exportKatalonReports</message>
  <nestedLevel>0</nestedLevel>
  <escapedJava>false</escapedJava>
</record>
<record>
  <date>2022-01-25T17:09:35</date>
  <millis>1643141375442</millis>
  <sequence>774</sequence>
  <level>INFO</level>
  <class>com.kms.katalon.core.logging.XmlKeywordLogger</class>
  <method>logMessage</method>
  <thread>1</thread>
  <message>Start generating HTML report folder at: C:\Users\Administrator\git\Site-SFA\Reports\20220125_170902\calcula pedido\20220125_170902...</message>
  <nestedLevel>0</nestedLevel>
  <escapedJava>false</escapedJava>
</record>
<record>
  <date>2022-01-25T17:09:35</date>
  <millis>1643141375499</millis>
  <sequence>775</sequence>
  <level>INFO</level>
  <class>com.kms.katalon.core.logging.XmlKeywordLogger</class>
  <method>logMessage</method>
  <thread>1</thread>
  <message>HTML report generated</message>
  <nestedLevel>0</nestedLevel>
  <escapedJava>false</escapedJava>
</record>
<record>
  <date>2022-01-25T17:09:35</date>
  <millis>1643141375499</millis>
  <sequence>776</sequence>
  <level>INFO</level>
  <class>com.kms.katalon.core.logging.XmlKeywordLogger</class>
  <method>logMessage</method>
  <thread>1</thread>
  <message>Start generating CSV report folder at: C:\Users\Administrator\git\Site-SFA\Reports\20220125_170902\calcula pedido\20220125_170902...</message>
  <nestedLevel>0</nestedLevel>
  <escapedJava>false</escapedJava>
</record>
<record>
  <date>2022-01-25T17:09:35</date>
  <millis>1643141375526</millis>
  <sequence>777</sequence>
  <level>INFO</level>
  <class>com.kms.katalon.core.logging.XmlKeywordLogger</class>
  <method>logMessage</method>
  <thread>1</thread>
  <message>CSV report generated</message>
  <nestedLevel>0</nestedLevel>
  <escapedJava>false</escapedJava>
</record>
<record>
  <date>2022-01-25T17:09:35</date>
  <millis>1643141375544</millis>
  <sequence>779</sequence>
  <level>END</level>
  <class>com.kms.katalon.core.logging.XmlKeywordLogger</class>
  <method>endKeyword</method>
  <thread>1</thread>
  <message>End listener action : exportKatalonReports</message>
  <nestedLevel>0</nestedLevel>
  <escapedJava>false</escapedJava>
</record>
<record>
  <date>2022-01-25T17:09:36</date>
  <millis>1643141376263</millis>
  <sequence>780</sequence>
  <level>END</level>
  <class>com.kms.katalon.core.logging.XmlKeywordLogger</class>
  <method>endSuite</method>
  <thread>1</thread>
  <message>End Test Suite : Test Suites/calcula pedido</message>
  <nestedLevel>0</nestedLevel>
  <escapedJava>false</escapedJava>
</record>
</log>